[2023-04-26T00:00:04.154+0000] {taskinstance.py:1090} INFO - Dependencies all met for dep_context=non-requeueable deps ti=<TaskInstance: example_bash_operator.run_after_loop scheduled__2023-04-25T00:00:00+00:00 [queued]>
[2023-04-26T00:00:04.164+0000] {taskinstance.py:1090} INFO - Dependencies all met for dep_context=requeueable deps ti=<TaskInstance: example_bash_operator.run_after_loop scheduled__2023-04-25T00:00:00+00:00 [queued]>
[2023-04-26T00:00:04.164+0000] {taskinstance.py:1288} INFO - 
--------------------------------------------------------------------------------
[2023-04-26T00:00:04.164+0000] {taskinstance.py:1289} INFO - Starting attempt 1 of 1
[2023-04-26T00:00:04.165+0000] {taskinstance.py:1290} INFO - 
--------------------------------------------------------------------------------
[2023-04-26T00:00:04.179+0000] {taskinstance.py:1309} INFO - Executing <Task(BashOperator): run_after_loop> on 2023-04-25 00:00:00+00:00
[2023-04-26T00:00:04.184+0000] {standard_task_runner.py:55} INFO - Started process 1053874 to run task
[2023-04-26T00:00:04.187+0000] {standard_task_runner.py:82} INFO - Running: ['***', 'tasks', 'run', 'example_bash_operator', 'run_after_loop', 'scheduled__2023-04-25T00:00:00+00:00', '--job-id', '232', '--raw', '--subdir', '/home/***/.local/lib/python3.7/site-packages/***/example_dags/example_bash_operator.py', '--cfg-path', '/tmp/tmpj98624v6']
[2023-04-26T00:00:04.188+0000] {standard_task_runner.py:83} INFO - Job 232: Subtask run_after_loop
[2023-04-26T00:00:04.255+0000] {task_command.py:389} INFO - Running <TaskInstance: example_bash_operator.run_after_loop scheduled__2023-04-25T00:00:00+00:00 [running]> on host 1f05588790e0
[2023-04-26T00:00:04.331+0000] {taskinstance.py:1518} INFO - Exporting the following env vars:
AIRFLOW_CTX_DAG_OWNER=***
AIRFLOW_CTX_DAG_ID=example_bash_operator
AIRFLOW_CTX_TASK_ID=run_after_loop
AIRFLOW_CTX_EXECUTION_DATE=2023-04-25T00:00:00+00:00
AIRFLOW_CTX_TRY_NUMBER=1
AIRFLOW_CTX_DAG_RUN_ID=scheduled__2023-04-25T00:00:00+00:00
[2023-04-26T00:00:04.332+0000] {subprocess.py:63} INFO - Tmp dir root location: 
 /tmp
[2023-04-26T00:00:04.333+0000] {subprocess.py:75} INFO - Running command: ['/bin/bash', '-c', 'echo 1']
[2023-04-26T00:00:04.350+0000] {subprocess.py:86} INFO - Output:
[2023-04-26T00:00:04.352+0000] {subprocess.py:93} INFO - 1
[2023-04-26T00:00:04.352+0000] {subprocess.py:97} INFO - Command exited with return code 0
[2023-04-26T00:00:04.379+0000] {taskinstance.py:1332} INFO - Marking task as SUCCESS. dag_id=example_bash_operator, task_id=run_after_loop, execution_date=20230425T000000, start_date=20230426T000004, end_date=20230426T000004
[2023-04-26T00:00:04.398+0000] {local_task_job.py:212} INFO - Task exited with return code 0
[2023-04-26T00:00:04.420+0000] {taskinstance.py:2596} INFO - 0 downstream tasks scheduled from follow-on schedule check
