[2023-04-23T00:00:02.332+0000] {taskinstance.py:1090} INFO - Dependencies all met for dep_context=non-requeueable deps ti=<TaskInstance: example_bash_operator.also_run_this scheduled__2023-04-22T00:00:00+00:00 [queued]>
[2023-04-23T00:00:02.341+0000] {taskinstance.py:1090} INFO - Dependencies all met for dep_context=requeueable deps ti=<TaskInstance: example_bash_operator.also_run_this scheduled__2023-04-22T00:00:00+00:00 [queued]>
[2023-04-23T00:00:02.342+0000] {taskinstance.py:1288} INFO - 
--------------------------------------------------------------------------------
[2023-04-23T00:00:02.342+0000] {taskinstance.py:1289} INFO - Starting attempt 1 of 1
[2023-04-23T00:00:02.343+0000] {taskinstance.py:1290} INFO - 
--------------------------------------------------------------------------------
[2023-04-23T00:00:02.370+0000] {taskinstance.py:1309} INFO - Executing <Task(BashOperator): also_run_this> on 2023-04-22 00:00:00+00:00
[2023-04-23T00:00:02.377+0000] {standard_task_runner.py:55} INFO - Started process 922392 to run task
[2023-04-23T00:00:02.386+0000] {standard_task_runner.py:82} INFO - Running: ['***', 'tasks', 'run', 'example_bash_operator', 'also_run_this', 'scheduled__2023-04-22T00:00:00+00:00', '--job-id', '202', '--raw', '--subdir', '/home/***/.local/lib/python3.7/site-packages/***/example_dags/example_bash_operator.py', '--cfg-path', '/tmp/tmp92vjebsq']
[2023-04-23T00:00:02.388+0000] {standard_task_runner.py:83} INFO - Job 202: Subtask also_run_this
[2023-04-23T00:00:02.509+0000] {task_command.py:389} INFO - Running <TaskInstance: example_bash_operator.also_run_this scheduled__2023-04-22T00:00:00+00:00 [running]> on host 1f05588790e0
[2023-04-23T00:00:02.601+0000] {taskinstance.py:1518} INFO - Exporting the following env vars:
AIRFLOW_CTX_DAG_OWNER=***
AIRFLOW_CTX_DAG_ID=example_bash_operator
AIRFLOW_CTX_TASK_ID=also_run_this
AIRFLOW_CTX_EXECUTION_DATE=2023-04-22T00:00:00+00:00
AIRFLOW_CTX_TRY_NUMBER=1
AIRFLOW_CTX_DAG_RUN_ID=scheduled__2023-04-22T00:00:00+00:00
[2023-04-23T00:00:02.603+0000] {subprocess.py:63} INFO - Tmp dir root location: 
 /tmp
[2023-04-23T00:00:02.603+0000] {subprocess.py:75} INFO - Running command: ['/bin/bash', '-c', 'echo "ti_key=example_bash_operator__also_run_this__20230422"']
[2023-04-23T00:00:02.621+0000] {subprocess.py:86} INFO - Output:
[2023-04-23T00:00:02.622+0000] {subprocess.py:93} INFO - ti_key=example_bash_operator__also_run_this__20230422
[2023-04-23T00:00:02.623+0000] {subprocess.py:97} INFO - Command exited with return code 0
[2023-04-23T00:00:02.673+0000] {taskinstance.py:1332} INFO - Marking task as SUCCESS. dag_id=example_bash_operator, task_id=also_run_this, execution_date=20230422T000000, start_date=20230423T000002, end_date=20230423T000002
[2023-04-23T00:00:02.724+0000] {local_task_job.py:212} INFO - Task exited with return code 0
[2023-04-23T00:00:02.746+0000] {taskinstance.py:2596} INFO - 0 downstream tasks scheduled from follow-on schedule check
