[2023-03-30T19:52:02.239+0000] {taskinstance.py:1084} INFO - Dependencies all met for dep_context=non-requeueable deps ti=<TaskInstance: example_bash_operator.runme_1 scheduled__2023-03-29T00:00:00+00:00 [queued]>
[2023-03-30T19:52:02.247+0000] {taskinstance.py:1084} INFO - Dependencies all met for dep_context=requeueable deps ti=<TaskInstance: example_bash_operator.runme_1 scheduled__2023-03-29T00:00:00+00:00 [queued]>
[2023-03-30T19:52:02.247+0000] {taskinstance.py:1282} INFO - 
--------------------------------------------------------------------------------
[2023-03-30T19:52:02.247+0000] {taskinstance.py:1283} INFO - Starting attempt 1 of 1
[2023-03-30T19:52:02.248+0000] {taskinstance.py:1284} INFO - 
--------------------------------------------------------------------------------
[2023-03-30T19:52:02.263+0000] {taskinstance.py:1303} INFO - Executing <Task(BashOperator): runme_1> on 2023-03-29 00:00:00+00:00
[2023-03-30T19:52:02.268+0000] {standard_task_runner.py:55} INFO - Started process 1045 to run task
[2023-03-30T19:52:02.270+0000] {standard_task_runner.py:82} INFO - Running: ['***', 'tasks', 'run', 'example_bash_operator', 'runme_1', 'scheduled__2023-03-29T00:00:00+00:00', '--job-id', '16', '--raw', '--subdir', '/home/***/.local/lib/python3.7/site-packages/***/example_dags/example_bash_operator.py', '--cfg-path', '/tmp/tmprirqruse']
[2023-03-30T19:52:02.271+0000] {standard_task_runner.py:83} INFO - Job 16: Subtask runme_1
[2023-03-30T19:52:02.345+0000] {task_command.py:388} INFO - Running <TaskInstance: example_bash_operator.runme_1 scheduled__2023-03-29T00:00:00+00:00 [running]> on host 6df12c506b74
[2023-03-30T19:52:02.426+0000] {taskinstance.py:1511} INFO - Exporting the following env vars:
AIRFLOW_CTX_DAG_OWNER=***
AIRFLOW_CTX_DAG_ID=example_bash_operator
AIRFLOW_CTX_TASK_ID=runme_1
AIRFLOW_CTX_EXECUTION_DATE=2023-03-29T00:00:00+00:00
AIRFLOW_CTX_TRY_NUMBER=1
AIRFLOW_CTX_DAG_RUN_ID=scheduled__2023-03-29T00:00:00+00:00
[2023-03-30T19:52:02.427+0000] {subprocess.py:63} INFO - Tmp dir root location: 
 /tmp
[2023-03-30T19:52:02.427+0000] {subprocess.py:75} INFO - Running command: ['/bin/bash', '-c', 'echo "example_bash_operator__runme_1__20230329" && sleep 1']
[2023-03-30T19:52:02.441+0000] {subprocess.py:86} INFO - Output:
[2023-03-30T19:52:02.442+0000] {subprocess.py:93} INFO - example_bash_operator__runme_1__20230329
[2023-03-30T19:52:03.444+0000] {subprocess.py:97} INFO - Command exited with return code 0
[2023-03-30T19:52:03.464+0000] {taskinstance.py:1326} INFO - Marking task as SUCCESS. dag_id=example_bash_operator, task_id=runme_1, execution_date=20230329T000000, start_date=20230330T195202, end_date=20230330T195203
[2023-03-30T19:52:03.485+0000] {local_task_job.py:212} INFO - Task exited with return code 0
[2023-03-30T19:52:03.504+0000] {taskinstance.py:2585} INFO - 0 downstream tasks scheduled from follow-on schedule check
