[2023-05-08T07:21:01.430+0000] {taskinstance.py:1090} INFO - Dependencies all met for dep_context=non-requeueable deps ti=<TaskInstance: example_bash_operator.run_after_loop scheduled__2023-05-06T00:00:00+00:00 [queued]>
[2023-05-08T07:21:01.437+0000] {taskinstance.py:1090} INFO - Dependencies all met for dep_context=requeueable deps ti=<TaskInstance: example_bash_operator.run_after_loop scheduled__2023-05-06T00:00:00+00:00 [queued]>
[2023-05-08T07:21:01.437+0000] {taskinstance.py:1288} INFO - 
--------------------------------------------------------------------------------
[2023-05-08T07:21:01.437+0000] {taskinstance.py:1289} INFO - Starting attempt 1 of 1
[2023-05-08T07:21:01.437+0000] {taskinstance.py:1290} INFO - 
--------------------------------------------------------------------------------
[2023-05-08T07:21:01.447+0000] {taskinstance.py:1309} INFO - Executing <Task(BashOperator): run_after_loop> on 2023-05-06 00:00:00+00:00
[2023-05-08T07:21:01.451+0000] {standard_task_runner.py:55} INFO - Started process 111 to run task
[2023-05-08T07:21:01.453+0000] {standard_task_runner.py:82} INFO - Running: ['***', 'tasks', 'run', 'example_bash_operator', 'run_after_loop', 'scheduled__2023-05-06T00:00:00+00:00', '--job-id', '379', '--raw', '--subdir', '/home/***/.local/lib/python3.7/site-packages/***/example_dags/example_bash_operator.py', '--cfg-path', '/tmp/tmp736eyfz3']
[2023-05-08T07:21:01.455+0000] {standard_task_runner.py:83} INFO - Job 379: Subtask run_after_loop
[2023-05-08T07:21:01.501+0000] {task_command.py:389} INFO - Running <TaskInstance: example_bash_operator.run_after_loop scheduled__2023-05-06T00:00:00+00:00 [running]> on host 1f05588790e0
[2023-05-08T07:21:01.556+0000] {taskinstance.py:1518} INFO - Exporting the following env vars:
AIRFLOW_CTX_DAG_OWNER=***
AIRFLOW_CTX_DAG_ID=example_bash_operator
AIRFLOW_CTX_TASK_ID=run_after_loop
AIRFLOW_CTX_EXECUTION_DATE=2023-05-06T00:00:00+00:00
AIRFLOW_CTX_TRY_NUMBER=1
AIRFLOW_CTX_DAG_RUN_ID=scheduled__2023-05-06T00:00:00+00:00
[2023-05-08T07:21:01.557+0000] {subprocess.py:63} INFO - Tmp dir root location: 
 /tmp
[2023-05-08T07:21:01.558+0000] {subprocess.py:75} INFO - Running command: ['/bin/bash', '-c', 'echo 1']
[2023-05-08T07:21:01.599+0000] {subprocess.py:86} INFO - Output:
[2023-05-08T07:21:01.601+0000] {subprocess.py:93} INFO - 1
[2023-05-08T07:21:01.601+0000] {subprocess.py:97} INFO - Command exited with return code 0
[2023-05-08T07:21:01.620+0000] {taskinstance.py:1332} INFO - Marking task as SUCCESS. dag_id=example_bash_operator, task_id=run_after_loop, execution_date=20230506T000000, start_date=20230508T072101, end_date=20230508T072101
[2023-05-08T07:21:01.666+0000] {local_task_job.py:212} INFO - Task exited with return code 0
[2023-05-08T07:21:01.681+0000] {taskinstance.py:2596} INFO - 0 downstream tasks scheduled from follow-on schedule check
