[2023-04-08T00:00:00.729+0000] {taskinstance.py:1090} INFO - Dependencies all met for dep_context=non-requeueable deps ti=<TaskInstance: example_bash_operator.runme_1 scheduled__2023-04-07T00:00:00+00:00 [queued]>
[2023-04-08T00:00:00.737+0000] {taskinstance.py:1090} INFO - Dependencies all met for dep_context=requeueable deps ti=<TaskInstance: example_bash_operator.runme_1 scheduled__2023-04-07T00:00:00+00:00 [queued]>
[2023-04-08T00:00:00.737+0000] {taskinstance.py:1288} INFO - 
--------------------------------------------------------------------------------
[2023-04-08T00:00:00.738+0000] {taskinstance.py:1289} INFO - Starting attempt 1 of 1
[2023-04-08T00:00:00.738+0000] {taskinstance.py:1290} INFO - 
--------------------------------------------------------------------------------
[2023-04-08T00:00:00.751+0000] {taskinstance.py:1309} INFO - Executing <Task(BashOperator): runme_1> on 2023-04-07 00:00:00+00:00
[2023-04-08T00:00:00.755+0000] {standard_task_runner.py:55} INFO - Started process 254836 to run task
[2023-04-08T00:00:00.757+0000] {standard_task_runner.py:82} INFO - Running: ['***', 'tasks', 'run', 'example_bash_operator', 'runme_1', 'scheduled__2023-04-07T00:00:00+00:00', '--job-id', '66', '--raw', '--subdir', '/home/***/.local/lib/python3.7/site-packages/***/example_dags/example_bash_operator.py', '--cfg-path', '/tmp/tmp33ncc62s']
[2023-04-08T00:00:00.758+0000] {standard_task_runner.py:83} INFO - Job 66: Subtask runme_1
[2023-04-08T00:00:00.821+0000] {task_command.py:389} INFO - Running <TaskInstance: example_bash_operator.runme_1 scheduled__2023-04-07T00:00:00+00:00 [running]> on host 1f05588790e0
[2023-04-08T00:00:00.897+0000] {taskinstance.py:1518} INFO - Exporting the following env vars:
AIRFLOW_CTX_DAG_OWNER=***
AIRFLOW_CTX_DAG_ID=example_bash_operator
AIRFLOW_CTX_TASK_ID=runme_1
AIRFLOW_CTX_EXECUTION_DATE=2023-04-07T00:00:00+00:00
AIRFLOW_CTX_TRY_NUMBER=1
AIRFLOW_CTX_DAG_RUN_ID=scheduled__2023-04-07T00:00:00+00:00
[2023-04-08T00:00:00.899+0000] {subprocess.py:63} INFO - Tmp dir root location: 
 /tmp
[2023-04-08T00:00:00.901+0000] {subprocess.py:75} INFO - Running command: ['/bin/bash', '-c', 'echo "example_bash_operator__runme_1__20230407" && sleep 1']
[2023-04-08T00:00:00.911+0000] {subprocess.py:86} INFO - Output:
[2023-04-08T00:00:00.913+0000] {subprocess.py:93} INFO - example_bash_operator__runme_1__20230407
[2023-04-08T00:00:01.914+0000] {subprocess.py:97} INFO - Command exited with return code 0
[2023-04-08T00:00:01.932+0000] {taskinstance.py:1332} INFO - Marking task as SUCCESS. dag_id=example_bash_operator, task_id=runme_1, execution_date=20230407T000000, start_date=20230408T000000, end_date=20230408T000001
[2023-04-08T00:00:01.977+0000] {local_task_job.py:212} INFO - Task exited with return code 0
[2023-04-08T00:00:01.996+0000] {taskinstance.py:2596} INFO - 0 downstream tasks scheduled from follow-on schedule check
