[2023-05-03T00:00:01.755+0000] {taskinstance.py:1090} INFO - Dependencies all met for dep_context=non-requeueable deps ti=<TaskInstance: example_bash_operator.runme_0 scheduled__2023-05-02T00:00:00+00:00 [queued]>
[2023-05-03T00:00:01.768+0000] {taskinstance.py:1090} INFO - Dependencies all met for dep_context=requeueable deps ti=<TaskInstance: example_bash_operator.runme_0 scheduled__2023-05-02T00:00:00+00:00 [queued]>
[2023-05-03T00:00:01.768+0000] {taskinstance.py:1288} INFO - 
--------------------------------------------------------------------------------
[2023-05-03T00:00:01.769+0000] {taskinstance.py:1289} INFO - Starting attempt 1 of 1
[2023-05-03T00:00:01.769+0000] {taskinstance.py:1290} INFO - 
--------------------------------------------------------------------------------
[2023-05-03T00:00:01.790+0000] {taskinstance.py:1309} INFO - Executing <Task(BashOperator): runme_0> on 2023-05-02 00:00:00+00:00
[2023-05-03T00:00:01.796+0000] {standard_task_runner.py:55} INFO - Started process 33512 to run task
[2023-05-03T00:00:01.800+0000] {standard_task_runner.py:82} INFO - Running: ['***', 'tasks', 'run', 'example_bash_operator', 'runme_0', 'scheduled__2023-05-02T00:00:00+00:00', '--job-id', '331', '--raw', '--subdir', '/home/***/.local/lib/python3.7/site-packages/***/example_dags/example_bash_operator.py', '--cfg-path', '/tmp/tmpl_jx584o']
[2023-05-03T00:00:01.801+0000] {standard_task_runner.py:83} INFO - Job 331: Subtask runme_0
[2023-05-03T00:00:01.890+0000] {task_command.py:389} INFO - Running <TaskInstance: example_bash_operator.runme_0 scheduled__2023-05-02T00:00:00+00:00 [running]> on host 1f05588790e0
[2023-05-03T00:00:01.986+0000] {taskinstance.py:1518} INFO - Exporting the following env vars:
AIRFLOW_CTX_DAG_OWNER=***
AIRFLOW_CTX_DAG_ID=example_bash_operator
AIRFLOW_CTX_TASK_ID=runme_0
AIRFLOW_CTX_EXECUTION_DATE=2023-05-02T00:00:00+00:00
AIRFLOW_CTX_TRY_NUMBER=1
AIRFLOW_CTX_DAG_RUN_ID=scheduled__2023-05-02T00:00:00+00:00
[2023-05-03T00:00:01.987+0000] {subprocess.py:63} INFO - Tmp dir root location: 
 /tmp
[2023-05-03T00:00:01.988+0000] {subprocess.py:75} INFO - Running command: ['/bin/bash', '-c', 'echo "example_bash_operator__runme_0__20230502" && sleep 1']
[2023-05-03T00:00:02.002+0000] {subprocess.py:86} INFO - Output:
[2023-05-03T00:00:02.004+0000] {subprocess.py:93} INFO - example_bash_operator__runme_0__20230502
[2023-05-03T00:00:03.015+0000] {subprocess.py:97} INFO - Command exited with return code 0
[2023-05-03T00:00:03.049+0000] {taskinstance.py:1332} INFO - Marking task as SUCCESS. dag_id=example_bash_operator, task_id=runme_0, execution_date=20230502T000000, start_date=20230503T000001, end_date=20230503T000003
[2023-05-03T00:00:03.096+0000] {local_task_job.py:212} INFO - Task exited with return code 0
[2023-05-03T00:00:03.133+0000] {taskinstance.py:2596} INFO - 1 downstream tasks scheduled from follow-on schedule check
