[2023-06-02T00:00:02.480+0000] {taskinstance.py:1090} INFO - Dependencies all met for dep_context=non-requeueable deps ti=<TaskInstance: user_processing.is_api_available scheduled__2023-06-01T00:00:00+00:00 [queued]>
[2023-06-02T00:00:02.486+0000] {taskinstance.py:1090} INFO - Dependencies all met for dep_context=requeueable deps ti=<TaskInstance: user_processing.is_api_available scheduled__2023-06-01T00:00:00+00:00 [queued]>
[2023-06-02T00:00:02.486+0000] {taskinstance.py:1288} INFO - 
--------------------------------------------------------------------------------
[2023-06-02T00:00:02.486+0000] {taskinstance.py:1289} INFO - Starting attempt 1 of 1
[2023-06-02T00:00:02.486+0000] {taskinstance.py:1290} INFO - 
--------------------------------------------------------------------------------
[2023-06-02T00:00:02.495+0000] {taskinstance.py:1309} INFO - Executing <Task(HttpSensor): is_api_available> on 2023-06-01 00:00:00+00:00
[2023-06-02T00:00:02.499+0000] {standard_task_runner.py:55} INFO - Started process 796322 to run task
[2023-06-02T00:00:02.501+0000] {standard_task_runner.py:82} INFO - Running: ['***', 'tasks', 'run', 'user_processing', 'is_api_available', 'scheduled__2023-06-01T00:00:00+00:00', '--job-id', '609', '--raw', '--subdir', 'DAGS_FOLDER/user_processing.py', '--cfg-path', '/tmp/tmpnjslkfyf']
[2023-06-02T00:00:02.502+0000] {standard_task_runner.py:83} INFO - Job 609: Subtask is_api_available
[2023-06-02T00:00:02.548+0000] {task_command.py:389} INFO - Running <TaskInstance: user_processing.is_api_available scheduled__2023-06-01T00:00:00+00:00 [running]> on host 1f05588790e0
[2023-06-02T00:00:02.603+0000] {taskinstance.py:1518} INFO - Exporting the following env vars:
AIRFLOW_CTX_DAG_OWNER=***
AIRFLOW_CTX_DAG_ID=user_processing
AIRFLOW_CTX_TASK_ID=is_api_available
AIRFLOW_CTX_EXECUTION_DATE=2023-06-01T00:00:00+00:00
AIRFLOW_CTX_TRY_NUMBER=1
AIRFLOW_CTX_DAG_RUN_ID=scheduled__2023-06-01T00:00:00+00:00
[2023-06-02T00:00:02.605+0000] {http.py:122} INFO - Poking: https://randomuser.me/
[2023-06-02T00:00:02.612+0000] {base.py:73} INFO - Using connection ID 'user_api' for task execution.
[2023-06-02T00:00:03.186+0000] {http.py:170} ERROR - HTTP error: Not Found
[2023-06-02T00:00:03.186+0000] {http.py:171} ERROR - Not Found
[2023-06-02T00:01:03.209+0000] {http.py:122} INFO - Poking: https://randomuser.me/
[2023-06-02T00:01:03.215+0000] {base.py:73} INFO - Using connection ID 'user_api' for task execution.
[2023-06-02T00:01:03.681+0000] {http.py:170} ERROR - HTTP error: Not Found
[2023-06-02T00:01:03.681+0000] {http.py:171} ERROR - Not Found
[2023-06-02T00:02:03.736+0000] {http.py:122} INFO - Poking: https://randomuser.me/
[2023-06-02T00:02:03.741+0000] {base.py:73} INFO - Using connection ID 'user_api' for task execution.
[2023-06-02T00:02:04.208+0000] {http.py:170} ERROR - HTTP error: Not Found
[2023-06-02T00:02:04.208+0000] {http.py:171} ERROR - Not Found
[2023-06-02T00:03:04.265+0000] {http.py:122} INFO - Poking: https://randomuser.me/
[2023-06-02T00:03:04.270+0000] {base.py:73} INFO - Using connection ID 'user_api' for task execution.
[2023-06-02T00:03:04.745+0000] {http.py:170} ERROR - HTTP error: Not Found
[2023-06-02T00:03:04.745+0000] {http.py:171} ERROR - Not Found
[2023-06-02T00:04:04.768+0000] {http.py:122} INFO - Poking: https://randomuser.me/
[2023-06-02T00:04:04.773+0000] {base.py:73} INFO - Using connection ID 'user_api' for task execution.
[2023-06-02T00:04:05.272+0000] {http.py:170} ERROR - HTTP error: Not Found
[2023-06-02T00:04:05.273+0000] {http.py:171} ERROR - Not Found
[2023-06-02T00:05:05.335+0000] {http.py:122} INFO - Poking: https://randomuser.me/
[2023-06-02T00:05:05.339+0000] {base.py:73} INFO - Using connection ID 'user_api' for task execution.
[2023-06-02T00:05:05.811+0000] {http.py:170} ERROR - HTTP error: Not Found
[2023-06-02T00:05:05.812+0000] {http.py:171} ERROR - Not Found
[2023-06-02T00:06:05.873+0000] {http.py:122} INFO - Poking: https://randomuser.me/
[2023-06-02T00:06:05.879+0000] {base.py:73} INFO - Using connection ID 'user_api' for task execution.
[2023-06-02T00:06:06.345+0000] {http.py:170} ERROR - HTTP error: Not Found
[2023-06-02T00:06:06.346+0000] {http.py:171} ERROR - Not Found
[2023-06-02T00:07:06.397+0000] {http.py:122} INFO - Poking: https://randomuser.me/
[2023-06-02T00:07:06.402+0000] {base.py:73} INFO - Using connection ID 'user_api' for task execution.
[2023-06-02T00:07:06.866+0000] {http.py:170} ERROR - HTTP error: Not Found
[2023-06-02T00:07:06.866+0000] {http.py:171} ERROR - Not Found
[2023-06-02T00:08:06.925+0000] {http.py:122} INFO - Poking: https://randomuser.me/
[2023-06-02T00:08:06.930+0000] {base.py:73} INFO - Using connection ID 'user_api' for task execution.
[2023-06-02T00:08:07.393+0000] {http.py:170} ERROR - HTTP error: Not Found
[2023-06-02T00:08:07.393+0000] {http.py:171} ERROR - Not Found
[2023-06-02T00:09:07.453+0000] {http.py:122} INFO - Poking: https://randomuser.me/
[2023-06-02T00:09:07.458+0000] {base.py:73} INFO - Using connection ID 'user_api' for task execution.
[2023-06-02T00:09:07.932+0000] {http.py:170} ERROR - HTTP error: Not Found
[2023-06-02T00:09:07.932+0000] {http.py:171} ERROR - Not Found
[2023-06-02T00:10:07.990+0000] {http.py:122} INFO - Poking: https://randomuser.me/
[2023-06-02T00:10:07.995+0000] {base.py:73} INFO - Using connection ID 'user_api' for task execution.
[2023-06-02T00:10:08.473+0000] {http.py:170} ERROR - HTTP error: Not Found
[2023-06-02T00:10:08.473+0000] {http.py:171} ERROR - Not Found
[2023-06-02T00:11:08.533+0000] {http.py:122} INFO - Poking: https://randomuser.me/
[2023-06-02T00:11:08.538+0000] {base.py:73} INFO - Using connection ID 'user_api' for task execution.
[2023-06-02T00:11:09.010+0000] {http.py:170} ERROR - HTTP error: Not Found
[2023-06-02T00:11:09.010+0000] {http.py:171} ERROR - Not Found
[2023-06-02T00:12:09.069+0000] {http.py:122} INFO - Poking: https://randomuser.me/
[2023-06-02T00:12:09.075+0000] {base.py:73} INFO - Using connection ID 'user_api' for task execution.
[2023-06-02T00:12:09.554+0000] {http.py:170} ERROR - HTTP error: Not Found
[2023-06-02T00:12:09.554+0000] {http.py:171} ERROR - Not Found
[2023-06-02T00:13:09.613+0000] {http.py:122} INFO - Poking: https://randomuser.me/
[2023-06-02T00:13:09.618+0000] {base.py:73} INFO - Using connection ID 'user_api' for task execution.
[2023-06-02T00:13:10.349+0000] {http.py:170} ERROR - HTTP error: Not Found
[2023-06-02T00:13:10.349+0000] {http.py:171} ERROR - Not Found
[2023-06-02T00:14:10.401+0000] {http.py:122} INFO - Poking: https://randomuser.me/
[2023-06-02T00:14:10.407+0000] {base.py:73} INFO - Using connection ID 'user_api' for task execution.
[2023-06-02T00:14:10.884+0000] {http.py:170} ERROR - HTTP error: Not Found
[2023-06-02T00:14:10.884+0000] {http.py:171} ERROR - Not Found
[2023-06-02T00:15:10.946+0000] {http.py:122} INFO - Poking: https://randomuser.me/
[2023-06-02T00:15:10.951+0000] {base.py:73} INFO - Using connection ID 'user_api' for task execution.
[2023-06-02T00:15:11.423+0000] {http.py:170} ERROR - HTTP error: Not Found
[2023-06-02T00:15:11.424+0000] {http.py:171} ERROR - Not Found
[2023-06-02T00:16:11.481+0000] {http.py:122} INFO - Poking: https://randomuser.me/
[2023-06-02T00:16:11.486+0000] {base.py:73} INFO - Using connection ID 'user_api' for task execution.
[2023-06-02T00:16:11.949+0000] {http.py:170} ERROR - HTTP error: Not Found
[2023-06-02T00:16:11.949+0000] {http.py:171} ERROR - Not Found
[2023-06-02T00:17:12.009+0000] {http.py:122} INFO - Poking: https://randomuser.me/
[2023-06-02T00:17:12.014+0000] {base.py:73} INFO - Using connection ID 'user_api' for task execution.
[2023-06-02T00:17:12.495+0000] {http.py:170} ERROR - HTTP error: Not Found
[2023-06-02T00:17:12.495+0000] {http.py:171} ERROR - Not Found
[2023-06-02T00:18:12.553+0000] {http.py:122} INFO - Poking: https://randomuser.me/
[2023-06-02T00:18:12.558+0000] {base.py:73} INFO - Using connection ID 'user_api' for task execution.
[2023-06-02T00:18:13.040+0000] {http.py:170} ERROR - HTTP error: Not Found
[2023-06-02T00:18:13.041+0000] {http.py:171} ERROR - Not Found
[2023-06-02T00:19:13.101+0000] {http.py:122} INFO - Poking: https://randomuser.me/
[2023-06-02T00:19:13.106+0000] {base.py:73} INFO - Using connection ID 'user_api' for task execution.
[2023-06-02T00:19:13.586+0000] {http.py:170} ERROR - HTTP error: Not Found
[2023-06-02T00:19:13.586+0000] {http.py:171} ERROR - Not Found
[2023-06-02T00:20:13.645+0000] {http.py:122} INFO - Poking: https://randomuser.me/
[2023-06-02T00:20:13.651+0000] {base.py:73} INFO - Using connection ID 'user_api' for task execution.
[2023-06-02T00:20:14.138+0000] {http.py:170} ERROR - HTTP error: Not Found
[2023-06-02T00:20:14.138+0000] {http.py:171} ERROR - Not Found
[2023-06-02T00:21:14.197+0000] {http.py:122} INFO - Poking: https://randomuser.me/
[2023-06-02T00:21:14.202+0000] {base.py:73} INFO - Using connection ID 'user_api' for task execution.
[2023-06-02T00:21:14.676+0000] {http.py:170} ERROR - HTTP error: Not Found
[2023-06-02T00:21:14.676+0000] {http.py:171} ERROR - Not Found
[2023-06-02T00:22:14.737+0000] {http.py:122} INFO - Poking: https://randomuser.me/
[2023-06-02T00:22:14.742+0000] {base.py:73} INFO - Using connection ID 'user_api' for task execution.
[2023-06-02T00:22:15.222+0000] {http.py:170} ERROR - HTTP error: Not Found
[2023-06-02T00:22:15.222+0000] {http.py:171} ERROR - Not Found
[2023-06-02T00:23:15.283+0000] {http.py:122} INFO - Poking: https://randomuser.me/
[2023-06-02T00:23:15.287+0000] {base.py:73} INFO - Using connection ID 'user_api' for task execution.
[2023-06-02T00:23:15.929+0000] {http.py:170} ERROR - HTTP error: Not Found
[2023-06-02T00:23:15.930+0000] {http.py:171} ERROR - Not Found
[2023-06-02T00:24:15.974+0000] {http.py:122} INFO - Poking: https://randomuser.me/
[2023-06-02T00:24:15.980+0000] {base.py:73} INFO - Using connection ID 'user_api' for task execution.
[2023-06-02T00:24:16.445+0000] {http.py:170} ERROR - HTTP error: Not Found
[2023-06-02T00:24:16.445+0000] {http.py:171} ERROR - Not Found
[2023-06-02T00:25:16.507+0000] {http.py:122} INFO - Poking: https://randomuser.me/
[2023-06-02T00:25:16.512+0000] {base.py:73} INFO - Using connection ID 'user_api' for task execution.
[2023-06-02T00:25:16.983+0000] {http.py:170} ERROR - HTTP error: Not Found
[2023-06-02T00:25:16.983+0000] {http.py:171} ERROR - Not Found
[2023-06-02T00:26:17.013+0000] {http.py:122} INFO - Poking: https://randomuser.me/
[2023-06-02T00:26:17.019+0000] {base.py:73} INFO - Using connection ID 'user_api' for task execution.
[2023-06-02T00:26:17.499+0000] {http.py:170} ERROR - HTTP error: Not Found
[2023-06-02T00:26:17.499+0000] {http.py:171} ERROR - Not Found
[2023-06-02T00:27:17.558+0000] {http.py:122} INFO - Poking: https://randomuser.me/
[2023-06-02T00:27:17.564+0000] {base.py:73} INFO - Using connection ID 'user_api' for task execution.
[2023-06-02T00:27:18.039+0000] {http.py:170} ERROR - HTTP error: Not Found
[2023-06-02T00:27:18.039+0000] {http.py:171} ERROR - Not Found
[2023-06-02T00:28:18.097+0000] {http.py:122} INFO - Poking: https://randomuser.me/
[2023-06-02T00:28:18.102+0000] {base.py:73} INFO - Using connection ID 'user_api' for task execution.
[2023-06-02T00:28:18.579+0000] {http.py:170} ERROR - HTTP error: Not Found
[2023-06-02T00:28:18.579+0000] {http.py:171} ERROR - Not Found
[2023-06-02T00:29:18.637+0000] {http.py:122} INFO - Poking: https://randomuser.me/
[2023-06-02T00:29:18.643+0000] {base.py:73} INFO - Using connection ID 'user_api' for task execution.
[2023-06-02T00:29:19.139+0000] {http.py:170} ERROR - HTTP error: Not Found
[2023-06-02T00:29:19.139+0000] {http.py:171} ERROR - Not Found
[2023-06-02T00:30:19.200+0000] {http.py:122} INFO - Poking: https://randomuser.me/
[2023-06-02T00:30:19.204+0000] {base.py:73} INFO - Using connection ID 'user_api' for task execution.
[2023-06-02T00:30:19.691+0000] {http.py:170} ERROR - HTTP error: Not Found
[2023-06-02T00:30:19.691+0000] {http.py:171} ERROR - Not Found
[2023-06-02T00:31:19.749+0000] {http.py:122} INFO - Poking: https://randomuser.me/
[2023-06-02T00:31:19.755+0000] {base.py:73} INFO - Using connection ID 'user_api' for task execution.
[2023-06-02T00:31:20.226+0000] {http.py:170} ERROR - HTTP error: Not Found
[2023-06-02T00:31:20.226+0000] {http.py:171} ERROR - Not Found
[2023-06-02T00:32:20.286+0000] {http.py:122} INFO - Poking: https://randomuser.me/
[2023-06-02T00:32:20.293+0000] {base.py:73} INFO - Using connection ID 'user_api' for task execution.
[2023-06-02T00:32:20.772+0000] {http.py:170} ERROR - HTTP error: Not Found
[2023-06-02T00:32:20.773+0000] {http.py:171} ERROR - Not Found
[2023-06-02T00:33:20.835+0000] {http.py:122} INFO - Poking: https://randomuser.me/
[2023-06-02T00:33:20.840+0000] {base.py:73} INFO - Using connection ID 'user_api' for task execution.
[2023-06-02T00:33:21.331+0000] {http.py:170} ERROR - HTTP error: Not Found
[2023-06-02T00:33:21.331+0000] {http.py:171} ERROR - Not Found
[2023-06-02T00:34:21.392+0000] {http.py:122} INFO - Poking: https://randomuser.me/
[2023-06-02T00:34:21.397+0000] {base.py:73} INFO - Using connection ID 'user_api' for task execution.
[2023-06-02T00:34:21.896+0000] {http.py:170} ERROR - HTTP error: Not Found
[2023-06-02T00:34:21.896+0000] {http.py:171} ERROR - Not Found
[2023-06-02T00:35:21.953+0000] {http.py:122} INFO - Poking: https://randomuser.me/
[2023-06-02T00:35:21.958+0000] {base.py:73} INFO - Using connection ID 'user_api' for task execution.
[2023-06-02T00:35:22.447+0000] {http.py:170} ERROR - HTTP error: Not Found
[2023-06-02T00:35:22.447+0000] {http.py:171} ERROR - Not Found
[2023-06-02T00:36:22.505+0000] {http.py:122} INFO - Poking: https://randomuser.me/
[2023-06-02T00:36:22.510+0000] {base.py:73} INFO - Using connection ID 'user_api' for task execution.
[2023-06-02T00:36:22.992+0000] {http.py:170} ERROR - HTTP error: Not Found
[2023-06-02T00:36:22.993+0000] {http.py:171} ERROR - Not Found
[2023-06-02T00:37:23.017+0000] {http.py:122} INFO - Poking: https://randomuser.me/
[2023-06-02T00:37:23.022+0000] {base.py:73} INFO - Using connection ID 'user_api' for task execution.
[2023-06-02T00:37:23.506+0000] {http.py:170} ERROR - HTTP error: Not Found
[2023-06-02T00:37:23.507+0000] {http.py:171} ERROR - Not Found
[2023-06-02T00:38:23.568+0000] {http.py:122} INFO - Poking: https://randomuser.me/
[2023-06-02T00:38:23.573+0000] {base.py:73} INFO - Using connection ID 'user_api' for task execution.
[2023-06-02T00:38:24.047+0000] {http.py:170} ERROR - HTTP error: Not Found
[2023-06-02T00:38:24.047+0000] {http.py:171} ERROR - Not Found
[2023-06-02T00:39:24.105+0000] {http.py:122} INFO - Poking: https://randomuser.me/
[2023-06-02T00:39:24.110+0000] {base.py:73} INFO - Using connection ID 'user_api' for task execution.
[2023-06-02T00:39:24.587+0000] {http.py:170} ERROR - HTTP error: Not Found
[2023-06-02T00:39:24.587+0000] {http.py:171} ERROR - Not Found
[2023-06-02T00:40:24.645+0000] {http.py:122} INFO - Poking: https://randomuser.me/
[2023-06-02T00:40:24.650+0000] {base.py:73} INFO - Using connection ID 'user_api' for task execution.
[2023-06-02T00:40:25.156+0000] {http.py:170} ERROR - HTTP error: Not Found
[2023-06-02T00:40:25.156+0000] {http.py:171} ERROR - Not Found
[2023-06-02T00:41:25.216+0000] {http.py:122} INFO - Poking: https://randomuser.me/
[2023-06-02T00:41:25.222+0000] {base.py:73} INFO - Using connection ID 'user_api' for task execution.
[2023-06-02T00:41:25.684+0000] {http.py:170} ERROR - HTTP error: Not Found
[2023-06-02T00:41:25.684+0000] {http.py:171} ERROR - Not Found
[2023-06-02T00:42:25.745+0000] {http.py:122} INFO - Poking: https://randomuser.me/
[2023-06-02T00:42:25.750+0000] {base.py:73} INFO - Using connection ID 'user_api' for task execution.
[2023-06-02T00:42:26.230+0000] {http.py:170} ERROR - HTTP error: Not Found
[2023-06-02T00:42:26.230+0000] {http.py:171} ERROR - Not Found
[2023-06-02T00:43:26.292+0000] {http.py:122} INFO - Poking: https://randomuser.me/
[2023-06-02T00:43:26.297+0000] {base.py:73} INFO - Using connection ID 'user_api' for task execution.
[2023-06-02T00:43:26.811+0000] {http.py:170} ERROR - HTTP error: Not Found
[2023-06-02T00:43:26.811+0000] {http.py:171} ERROR - Not Found
[2023-06-02T00:44:26.863+0000] {http.py:122} INFO - Poking: https://randomuser.me/
[2023-06-02T00:44:26.869+0000] {base.py:73} INFO - Using connection ID 'user_api' for task execution.
[2023-06-02T00:44:27.342+0000] {http.py:170} ERROR - HTTP error: Not Found
[2023-06-02T00:44:27.342+0000] {http.py:171} ERROR - Not Found
[2023-06-02T00:45:27.404+0000] {http.py:122} INFO - Poking: https://randomuser.me/
[2023-06-02T00:45:27.409+0000] {base.py:73} INFO - Using connection ID 'user_api' for task execution.
[2023-06-02T00:45:27.892+0000] {http.py:170} ERROR - HTTP error: Not Found
[2023-06-02T00:45:27.892+0000] {http.py:171} ERROR - Not Found
[2023-06-02T00:46:27.953+0000] {http.py:122} INFO - Poking: https://randomuser.me/
[2023-06-02T00:46:27.959+0000] {base.py:73} INFO - Using connection ID 'user_api' for task execution.
[2023-06-02T00:46:28.453+0000] {http.py:170} ERROR - HTTP error: Not Found
[2023-06-02T00:46:28.453+0000] {http.py:171} ERROR - Not Found
[2023-06-02T00:47:28.514+0000] {http.py:122} INFO - Poking: https://randomuser.me/
[2023-06-02T00:47:28.520+0000] {base.py:73} INFO - Using connection ID 'user_api' for task execution.
[2023-06-02T00:47:28.983+0000] {http.py:170} ERROR - HTTP error: Not Found
[2023-06-02T00:47:28.983+0000] {http.py:171} ERROR - Not Found
[2023-06-02T00:48:29.045+0000] {http.py:122} INFO - Poking: https://randomuser.me/
[2023-06-02T00:48:29.051+0000] {base.py:73} INFO - Using connection ID 'user_api' for task execution.
[2023-06-02T00:48:29.534+0000] {http.py:170} ERROR - HTTP error: Not Found
[2023-06-02T00:48:29.534+0000] {http.py:171} ERROR - Not Found
[2023-06-02T00:49:29.593+0000] {http.py:122} INFO - Poking: https://randomuser.me/
[2023-06-02T00:49:29.599+0000] {base.py:73} INFO - Using connection ID 'user_api' for task execution.
[2023-06-02T00:49:30.105+0000] {http.py:170} ERROR - HTTP error: Not Found
[2023-06-02T00:49:30.105+0000] {http.py:171} ERROR - Not Found
[2023-06-02T00:50:30.165+0000] {http.py:122} INFO - Poking: https://randomuser.me/
[2023-06-02T00:50:30.171+0000] {base.py:73} INFO - Using connection ID 'user_api' for task execution.
[2023-06-02T00:50:30.657+0000] {http.py:170} ERROR - HTTP error: Not Found
[2023-06-02T00:50:30.657+0000] {http.py:171} ERROR - Not Found
[2023-06-02T00:51:30.717+0000] {http.py:122} INFO - Poking: https://randomuser.me/
[2023-06-02T00:51:30.722+0000] {base.py:73} INFO - Using connection ID 'user_api' for task execution.
[2023-06-02T00:51:31.193+0000] {http.py:170} ERROR - HTTP error: Not Found
[2023-06-02T00:51:31.193+0000] {http.py:171} ERROR - Not Found
[2023-06-02T00:52:31.228+0000] {http.py:122} INFO - Poking: https://randomuser.me/
[2023-06-02T00:52:31.234+0000] {base.py:73} INFO - Using connection ID 'user_api' for task execution.
[2023-06-02T00:52:31.736+0000] {http.py:170} ERROR - HTTP error: Not Found
[2023-06-02T00:52:31.736+0000] {http.py:171} ERROR - Not Found
[2023-06-02T00:53:31.798+0000] {http.py:122} INFO - Poking: https://randomuser.me/
[2023-06-02T00:53:31.803+0000] {base.py:73} INFO - Using connection ID 'user_api' for task execution.
[2023-06-02T00:53:32.289+0000] {http.py:170} ERROR - HTTP error: Not Found
[2023-06-02T00:53:32.289+0000] {http.py:171} ERROR - Not Found
[2023-06-02T00:54:32.349+0000] {http.py:122} INFO - Poking: https://randomuser.me/
[2023-06-02T00:54:32.355+0000] {base.py:73} INFO - Using connection ID 'user_api' for task execution.
[2023-06-02T00:54:32.820+0000] {http.py:170} ERROR - HTTP error: Not Found
[2023-06-02T00:54:32.820+0000] {http.py:171} ERROR - Not Found
[2023-06-02T00:55:32.877+0000] {http.py:122} INFO - Poking: https://randomuser.me/
[2023-06-02T00:55:32.883+0000] {base.py:73} INFO - Using connection ID 'user_api' for task execution.
[2023-06-02T00:55:33.393+0000] {http.py:170} ERROR - HTTP error: Not Found
[2023-06-02T00:55:33.393+0000] {http.py:171} ERROR - Not Found
[2023-06-02T00:56:33.450+0000] {http.py:122} INFO - Poking: https://randomuser.me/
[2023-06-02T00:56:33.455+0000] {base.py:73} INFO - Using connection ID 'user_api' for task execution.
[2023-06-02T00:56:33.938+0000] {http.py:170} ERROR - HTTP error: Not Found
[2023-06-02T00:56:33.938+0000] {http.py:171} ERROR - Not Found
[2023-06-02T00:57:33.996+0000] {http.py:122} INFO - Poking: https://randomuser.me/
[2023-06-02T00:57:34.002+0000] {base.py:73} INFO - Using connection ID 'user_api' for task execution.
[2023-06-02T00:57:34.489+0000] {http.py:170} ERROR - HTTP error: Not Found
[2023-06-02T00:57:34.489+0000] {http.py:171} ERROR - Not Found
[2023-06-02T00:58:34.541+0000] {http.py:122} INFO - Poking: https://randomuser.me/
[2023-06-02T00:58:34.547+0000] {base.py:73} INFO - Using connection ID 'user_api' for task execution.
[2023-06-02T00:58:35.010+0000] {http.py:170} ERROR - HTTP error: Not Found
[2023-06-02T00:58:35.010+0000] {http.py:171} ERROR - Not Found
[2023-06-02T00:59:35.069+0000] {http.py:122} INFO - Poking: https://randomuser.me/
[2023-06-02T00:59:35.074+0000] {base.py:73} INFO - Using connection ID 'user_api' for task execution.
[2023-06-02T00:59:35.561+0000] {http.py:170} ERROR - HTTP error: Not Found
[2023-06-02T00:59:35.561+0000] {http.py:171} ERROR - Not Found
[2023-06-02T01:00:35.621+0000] {http.py:122} INFO - Poking: https://randomuser.me/
[2023-06-02T01:00:35.627+0000] {base.py:73} INFO - Using connection ID 'user_api' for task execution.
[2023-06-02T01:00:36.129+0000] {http.py:170} ERROR - HTTP error: Not Found
[2023-06-02T01:00:36.129+0000] {http.py:171} ERROR - Not Found
[2023-06-02T01:01:36.189+0000] {http.py:122} INFO - Poking: https://randomuser.me/
[2023-06-02T01:01:36.194+0000] {base.py:73} INFO - Using connection ID 'user_api' for task execution.
[2023-06-02T01:01:37.460+0000] {http.py:170} ERROR - HTTP error: Not Found
[2023-06-02T01:01:37.460+0000] {http.py:171} ERROR - Not Found
[2023-06-02T01:02:37.517+0000] {http.py:122} INFO - Poking: https://randomuser.me/
[2023-06-02T01:02:37.523+0000] {base.py:73} INFO - Using connection ID 'user_api' for task execution.
[2023-06-02T01:02:38.023+0000] {http.py:170} ERROR - HTTP error: Not Found
[2023-06-02T01:02:38.023+0000] {http.py:171} ERROR - Not Found
[2023-06-02T01:03:38.085+0000] {http.py:122} INFO - Poking: https://randomuser.me/
[2023-06-02T01:03:38.091+0000] {base.py:73} INFO - Using connection ID 'user_api' for task execution.
[2023-06-02T01:03:38.583+0000] {http.py:170} ERROR - HTTP error: Not Found
[2023-06-02T01:03:38.583+0000] {http.py:171} ERROR - Not Found
[2023-06-02T01:04:38.620+0000] {http.py:122} INFO - Poking: https://randomuser.me/
[2023-06-02T01:04:38.624+0000] {base.py:73} INFO - Using connection ID 'user_api' for task execution.
[2023-06-02T01:04:39.102+0000] {http.py:170} ERROR - HTTP error: Not Found
[2023-06-02T01:04:39.102+0000] {http.py:171} ERROR - Not Found
[2023-06-02T01:05:39.161+0000] {http.py:122} INFO - Poking: https://randomuser.me/
[2023-06-02T01:05:39.166+0000] {base.py:73} INFO - Using connection ID 'user_api' for task execution.
[2023-06-02T01:05:39.639+0000] {http.py:170} ERROR - HTTP error: Not Found
[2023-06-02T01:05:39.640+0000] {http.py:171} ERROR - Not Found
[2023-06-02T01:06:39.701+0000] {http.py:122} INFO - Poking: https://randomuser.me/
[2023-06-02T01:06:39.706+0000] {base.py:73} INFO - Using connection ID 'user_api' for task execution.
[2023-06-02T01:06:40.192+0000] {http.py:170} ERROR - HTTP error: Not Found
[2023-06-02T01:06:40.192+0000] {http.py:171} ERROR - Not Found
[2023-06-02T01:07:40.252+0000] {http.py:122} INFO - Poking: https://randomuser.me/
[2023-06-02T01:07:40.257+0000] {base.py:73} INFO - Using connection ID 'user_api' for task execution.
[2023-06-02T01:07:40.742+0000] {http.py:170} ERROR - HTTP error: Not Found
[2023-06-02T01:07:40.742+0000] {http.py:171} ERROR - Not Found
[2023-06-02T01:08:40.797+0000] {http.py:122} INFO - Poking: https://randomuser.me/
[2023-06-02T01:08:40.801+0000] {base.py:73} INFO - Using connection ID 'user_api' for task execution.
[2023-06-02T01:08:41.271+0000] {http.py:170} ERROR - HTTP error: Not Found
[2023-06-02T01:08:41.271+0000] {http.py:171} ERROR - Not Found
[2023-06-02T01:09:41.329+0000] {http.py:122} INFO - Poking: https://randomuser.me/
[2023-06-02T01:09:41.334+0000] {base.py:73} INFO - Using connection ID 'user_api' for task execution.
[2023-06-02T01:09:41.807+0000] {http.py:170} ERROR - HTTP error: Not Found
[2023-06-02T01:09:41.807+0000] {http.py:171} ERROR - Not Found
[2023-06-02T01:10:41.844+0000] {http.py:122} INFO - Poking: https://randomuser.me/
[2023-06-02T01:10:41.850+0000] {base.py:73} INFO - Using connection ID 'user_api' for task execution.
[2023-06-02T01:10:42.337+0000] {http.py:170} ERROR - HTTP error: Not Found
[2023-06-02T01:10:42.337+0000] {http.py:171} ERROR - Not Found
[2023-06-02T01:11:42.398+0000] {http.py:122} INFO - Poking: https://randomuser.me/
[2023-06-02T01:11:42.402+0000] {base.py:73} INFO - Using connection ID 'user_api' for task execution.
[2023-06-02T01:11:42.875+0000] {http.py:170} ERROR - HTTP error: Not Found
[2023-06-02T01:11:42.876+0000] {http.py:171} ERROR - Not Found
[2023-06-02T01:12:42.933+0000] {http.py:122} INFO - Poking: https://randomuser.me/
[2023-06-02T01:12:42.940+0000] {base.py:73} INFO - Using connection ID 'user_api' for task execution.
[2023-06-02T01:12:43.406+0000] {http.py:170} ERROR - HTTP error: Not Found
[2023-06-02T01:12:43.407+0000] {http.py:171} ERROR - Not Found
[2023-06-02T01:13:43.458+0000] {http.py:122} INFO - Poking: https://randomuser.me/
[2023-06-02T01:13:43.463+0000] {base.py:73} INFO - Using connection ID 'user_api' for task execution.
[2023-06-02T01:13:43.952+0000] {http.py:170} ERROR - HTTP error: Not Found
[2023-06-02T01:13:43.953+0000] {http.py:171} ERROR - Not Found
[2023-06-02T01:14:44.013+0000] {http.py:122} INFO - Poking: https://randomuser.me/
[2023-06-02T01:14:44.019+0000] {base.py:73} INFO - Using connection ID 'user_api' for task execution.
[2023-06-02T01:14:44.516+0000] {http.py:170} ERROR - HTTP error: Not Found
[2023-06-02T01:14:44.516+0000] {http.py:171} ERROR - Not Found
[2023-06-02T01:15:44.530+0000] {http.py:122} INFO - Poking: https://randomuser.me/
[2023-06-02T01:15:44.535+0000] {base.py:73} INFO - Using connection ID 'user_api' for task execution.
[2023-06-02T01:15:45.085+0000] {http.py:170} ERROR - HTTP error: Not Found
[2023-06-02T01:15:45.085+0000] {http.py:171} ERROR - Not Found
[2023-06-02T01:16:45.145+0000] {http.py:122} INFO - Poking: https://randomuser.me/
[2023-06-02T01:16:45.150+0000] {base.py:73} INFO - Using connection ID 'user_api' for task execution.
[2023-06-02T01:16:45.732+0000] {http.py:170} ERROR - HTTP error: Not Found
[2023-06-02T01:16:45.732+0000] {http.py:171} ERROR - Not Found
[2023-06-02T01:17:45.793+0000] {http.py:122} INFO - Poking: https://randomuser.me/
[2023-06-02T01:17:45.799+0000] {base.py:73} INFO - Using connection ID 'user_api' for task execution.
[2023-06-02T01:17:46.273+0000] {http.py:170} ERROR - HTTP error: Not Found
[2023-06-02T01:17:46.273+0000] {http.py:171} ERROR - Not Found
[2023-06-02T01:18:46.334+0000] {http.py:122} INFO - Poking: https://randomuser.me/
[2023-06-02T01:18:46.339+0000] {base.py:73} INFO - Using connection ID 'user_api' for task execution.
[2023-06-02T01:18:46.818+0000] {http.py:170} ERROR - HTTP error: Not Found
[2023-06-02T01:18:46.818+0000] {http.py:171} ERROR - Not Found
[2023-06-02T01:19:46.877+0000] {http.py:122} INFO - Poking: https://randomuser.me/
[2023-06-02T01:19:46.882+0000] {base.py:73} INFO - Using connection ID 'user_api' for task execution.
[2023-06-02T01:19:47.365+0000] {http.py:170} ERROR - HTTP error: Not Found
[2023-06-02T01:19:47.365+0000] {http.py:171} ERROR - Not Found
[2023-06-02T01:20:47.404+0000] {http.py:122} INFO - Poking: https://randomuser.me/
[2023-06-02T01:20:47.408+0000] {base.py:73} INFO - Using connection ID 'user_api' for task execution.
[2023-06-02T01:20:47.888+0000] {http.py:170} ERROR - HTTP error: Not Found
[2023-06-02T01:20:47.888+0000] {http.py:171} ERROR - Not Found
[2023-06-02T01:21:47.948+0000] {http.py:122} INFO - Poking: https://randomuser.me/
[2023-06-02T01:21:47.954+0000] {base.py:73} INFO - Using connection ID 'user_api' for task execution.
[2023-06-02T01:21:48.421+0000] {http.py:170} ERROR - HTTP error: Not Found
[2023-06-02T01:21:48.422+0000] {http.py:171} ERROR - Not Found
[2023-06-02T01:22:48.481+0000] {http.py:122} INFO - Poking: https://randomuser.me/
[2023-06-02T01:22:48.486+0000] {base.py:73} INFO - Using connection ID 'user_api' for task execution.
[2023-06-02T01:22:49.009+0000] {http.py:170} ERROR - HTTP error: Not Found
[2023-06-02T01:22:49.009+0000] {http.py:171} ERROR - Not Found
[2023-06-02T01:23:49.069+0000] {http.py:122} INFO - Poking: https://randomuser.me/
[2023-06-02T01:23:49.074+0000] {base.py:73} INFO - Using connection ID 'user_api' for task execution.
[2023-06-02T01:23:49.546+0000] {http.py:170} ERROR - HTTP error: Not Found
[2023-06-02T01:23:49.547+0000] {http.py:171} ERROR - Not Found
[2023-06-02T01:24:49.608+0000] {http.py:122} INFO - Poking: https://randomuser.me/
[2023-06-02T01:24:49.613+0000] {base.py:73} INFO - Using connection ID 'user_api' for task execution.
[2023-06-02T01:24:50.093+0000] {http.py:170} ERROR - HTTP error: Not Found
[2023-06-02T01:24:50.093+0000] {http.py:171} ERROR - Not Found
[2023-06-02T01:25:50.153+0000] {http.py:122} INFO - Poking: https://randomuser.me/
[2023-06-02T01:25:50.158+0000] {base.py:73} INFO - Using connection ID 'user_api' for task execution.
[2023-06-02T01:25:50.883+0000] {http.py:170} ERROR - HTTP error: Not Found
[2023-06-02T01:25:50.883+0000] {http.py:171} ERROR - Not Found
[2023-06-02T01:26:50.944+0000] {http.py:122} INFO - Poking: https://randomuser.me/
[2023-06-02T01:26:50.949+0000] {base.py:73} INFO - Using connection ID 'user_api' for task execution.
[2023-06-02T01:26:51.429+0000] {http.py:170} ERROR - HTTP error: Not Found
[2023-06-02T01:26:51.429+0000] {http.py:171} ERROR - Not Found
[2023-06-02T01:27:51.489+0000] {http.py:122} INFO - Poking: https://randomuser.me/
[2023-06-02T01:27:51.494+0000] {base.py:73} INFO - Using connection ID 'user_api' for task execution.
[2023-06-02T01:27:52.109+0000] {http.py:170} ERROR - HTTP error: Not Found
[2023-06-02T01:27:52.109+0000] {http.py:171} ERROR - Not Found
[2023-06-02T01:28:52.169+0000] {http.py:122} INFO - Poking: https://randomuser.me/
[2023-06-02T01:28:52.174+0000] {base.py:73} INFO - Using connection ID 'user_api' for task execution.
[2023-06-02T01:28:52.665+0000] {http.py:170} ERROR - HTTP error: Not Found
[2023-06-02T01:28:52.665+0000] {http.py:171} ERROR - Not Found
[2023-06-02T01:29:52.725+0000] {http.py:122} INFO - Poking: https://randomuser.me/
[2023-06-02T01:29:52.731+0000] {base.py:73} INFO - Using connection ID 'user_api' for task execution.
[2023-06-02T01:29:53.231+0000] {http.py:170} ERROR - HTTP error: Not Found
[2023-06-02T01:29:53.232+0000] {http.py:171} ERROR - Not Found
[2023-06-02T01:30:53.289+0000] {http.py:122} INFO - Poking: https://randomuser.me/
[2023-06-02T01:30:53.294+0000] {base.py:73} INFO - Using connection ID 'user_api' for task execution.
[2023-06-02T01:30:53.771+0000] {http.py:170} ERROR - HTTP error: Not Found
[2023-06-02T01:30:53.771+0000] {http.py:171} ERROR - Not Found
[2023-06-02T01:31:53.824+0000] {http.py:122} INFO - Poking: https://randomuser.me/
[2023-06-02T01:31:53.830+0000] {base.py:73} INFO - Using connection ID 'user_api' for task execution.
[2023-06-02T01:31:54.317+0000] {http.py:170} ERROR - HTTP error: Not Found
[2023-06-02T01:31:54.317+0000] {http.py:171} ERROR - Not Found
[2023-06-02T01:32:54.377+0000] {http.py:122} INFO - Poking: https://randomuser.me/
[2023-06-02T01:32:54.383+0000] {base.py:73} INFO - Using connection ID 'user_api' for task execution.
[2023-06-02T01:32:54.923+0000] {http.py:170} ERROR - HTTP error: Not Found
[2023-06-02T01:32:54.924+0000] {http.py:171} ERROR - Not Found
[2023-06-02T01:33:54.969+0000] {http.py:122} INFO - Poking: https://randomuser.me/
[2023-06-02T01:33:54.974+0000] {base.py:73} INFO - Using connection ID 'user_api' for task execution.
[2023-06-02T01:33:55.513+0000] {http.py:170} ERROR - HTTP error: Not Found
[2023-06-02T01:33:55.513+0000] {http.py:171} ERROR - Not Found
[2023-06-02T01:34:55.573+0000] {http.py:122} INFO - Poking: https://randomuser.me/
[2023-06-02T01:34:55.578+0000] {base.py:73} INFO - Using connection ID 'user_api' for task execution.
[2023-06-02T01:34:56.066+0000] {http.py:170} ERROR - HTTP error: Not Found
[2023-06-02T01:34:56.066+0000] {http.py:171} ERROR - Not Found
[2023-06-02T01:35:56.125+0000] {http.py:122} INFO - Poking: https://randomuser.me/
[2023-06-02T01:35:56.131+0000] {base.py:73} INFO - Using connection ID 'user_api' for task execution.
[2023-06-02T01:35:56.615+0000] {http.py:170} ERROR - HTTP error: Not Found
[2023-06-02T01:35:56.616+0000] {http.py:171} ERROR - Not Found
[2023-06-02T01:36:56.677+0000] {http.py:122} INFO - Poking: https://randomuser.me/
[2023-06-02T01:36:56.682+0000] {base.py:73} INFO - Using connection ID 'user_api' for task execution.
[2023-06-02T01:36:57.148+0000] {http.py:170} ERROR - HTTP error: Not Found
[2023-06-02T01:36:57.148+0000] {http.py:171} ERROR - Not Found
[2023-06-02T01:37:57.209+0000] {http.py:122} INFO - Poking: https://randomuser.me/
[2023-06-02T01:37:57.215+0000] {base.py:73} INFO - Using connection ID 'user_api' for task execution.
[2023-06-02T01:37:57.683+0000] {http.py:170} ERROR - HTTP error: Not Found
[2023-06-02T01:37:57.683+0000] {http.py:171} ERROR - Not Found
[2023-06-02T01:38:57.741+0000] {http.py:122} INFO - Poking: https://randomuser.me/
[2023-06-02T01:38:57.747+0000] {base.py:73} INFO - Using connection ID 'user_api' for task execution.
[2023-06-02T01:38:58.230+0000] {http.py:170} ERROR - HTTP error: Not Found
[2023-06-02T01:38:58.230+0000] {http.py:171} ERROR - Not Found
[2023-06-02T01:39:58.289+0000] {http.py:122} INFO - Poking: https://randomuser.me/
[2023-06-02T01:39:58.294+0000] {base.py:73} INFO - Using connection ID 'user_api' for task execution.
[2023-06-02T01:39:58.779+0000] {http.py:170} ERROR - HTTP error: Not Found
[2023-06-02T01:39:58.779+0000] {http.py:171} ERROR - Not Found
[2023-06-02T01:40:58.827+0000] {http.py:122} INFO - Poking: https://randomuser.me/
[2023-06-02T01:40:58.832+0000] {base.py:73} INFO - Using connection ID 'user_api' for task execution.
[2023-06-02T01:40:59.321+0000] {http.py:170} ERROR - HTTP error: Not Found
[2023-06-02T01:40:59.321+0000] {http.py:171} ERROR - Not Found
[2023-06-02T01:41:59.381+0000] {http.py:122} INFO - Poking: https://randomuser.me/
[2023-06-02T01:41:59.387+0000] {base.py:73} INFO - Using connection ID 'user_api' for task execution.
[2023-06-02T01:41:59.866+0000] {http.py:170} ERROR - HTTP error: Not Found
[2023-06-02T01:41:59.866+0000] {http.py:171} ERROR - Not Found
[2023-06-02T01:42:59.927+0000] {http.py:122} INFO - Poking: https://randomuser.me/
[2023-06-02T01:42:59.933+0000] {base.py:73} INFO - Using connection ID 'user_api' for task execution.
[2023-06-02T01:43:00.402+0000] {http.py:170} ERROR - HTTP error: Not Found
[2023-06-02T01:43:00.402+0000] {http.py:171} ERROR - Not Found
[2023-06-02T01:44:00.464+0000] {http.py:122} INFO - Poking: https://randomuser.me/
[2023-06-02T01:44:00.469+0000] {base.py:73} INFO - Using connection ID 'user_api' for task execution.
[2023-06-02T01:44:00.959+0000] {http.py:170} ERROR - HTTP error: Not Found
[2023-06-02T01:44:00.959+0000] {http.py:171} ERROR - Not Found
[2023-06-02T01:45:01.017+0000] {http.py:122} INFO - Poking: https://randomuser.me/
[2023-06-02T01:45:01.023+0000] {base.py:73} INFO - Using connection ID 'user_api' for task execution.
[2023-06-02T01:45:01.490+0000] {http.py:170} ERROR - HTTP error: Not Found
[2023-06-02T01:45:01.491+0000] {http.py:171} ERROR - Not Found
[2023-06-02T01:46:01.549+0000] {http.py:122} INFO - Poking: https://randomuser.me/
[2023-06-02T01:46:01.555+0000] {base.py:73} INFO - Using connection ID 'user_api' for task execution.
[2023-06-02T01:46:02.040+0000] {http.py:170} ERROR - HTTP error: Not Found
[2023-06-02T01:46:02.040+0000] {http.py:171} ERROR - Not Found
[2023-06-02T01:47:02.101+0000] {http.py:122} INFO - Poking: https://randomuser.me/
[2023-06-02T01:47:02.107+0000] {base.py:73} INFO - Using connection ID 'user_api' for task execution.
[2023-06-02T01:47:02.593+0000] {http.py:170} ERROR - HTTP error: Not Found
[2023-06-02T01:47:02.594+0000] {http.py:171} ERROR - Not Found
[2023-06-02T01:48:02.648+0000] {http.py:122} INFO - Poking: https://randomuser.me/
[2023-06-02T01:48:02.653+0000] {base.py:73} INFO - Using connection ID 'user_api' for task execution.
[2023-06-02T01:48:03.126+0000] {http.py:170} ERROR - HTTP error: Not Found
[2023-06-02T01:48:03.126+0000] {http.py:171} ERROR - Not Found
[2023-06-02T01:49:03.186+0000] {http.py:122} INFO - Poking: https://randomuser.me/
[2023-06-02T01:49:03.191+0000] {base.py:73} INFO - Using connection ID 'user_api' for task execution.
[2023-06-02T01:49:03.852+0000] {http.py:170} ERROR - HTTP error: Not Found
[2023-06-02T01:49:03.853+0000] {http.py:171} ERROR - Not Found
[2023-06-02T01:50:03.909+0000] {http.py:122} INFO - Poking: https://randomuser.me/
[2023-06-02T01:50:03.914+0000] {base.py:73} INFO - Using connection ID 'user_api' for task execution.
[2023-06-02T01:50:04.406+0000] {http.py:170} ERROR - HTTP error: Not Found
[2023-06-02T01:50:04.407+0000] {http.py:171} ERROR - Not Found
[2023-06-02T01:51:04.465+0000] {http.py:122} INFO - Poking: https://randomuser.me/
[2023-06-02T01:51:04.471+0000] {base.py:73} INFO - Using connection ID 'user_api' for task execution.
[2023-06-02T01:51:04.986+0000] {http.py:170} ERROR - HTTP error: Not Found
[2023-06-02T01:51:04.986+0000] {http.py:171} ERROR - Not Found
[2023-06-02T01:52:05.045+0000] {http.py:122} INFO - Poking: https://randomuser.me/
[2023-06-02T01:52:05.051+0000] {base.py:73} INFO - Using connection ID 'user_api' for task execution.
[2023-06-02T01:52:05.530+0000] {http.py:170} ERROR - HTTP error: Not Found
[2023-06-02T01:52:05.531+0000] {http.py:171} ERROR - Not Found
[2023-06-02T01:53:05.589+0000] {http.py:122} INFO - Poking: https://randomuser.me/
[2023-06-02T01:53:05.594+0000] {base.py:73} INFO - Using connection ID 'user_api' for task execution.
[2023-06-02T01:53:06.071+0000] {http.py:170} ERROR - HTTP error: Not Found
[2023-06-02T01:53:06.071+0000] {http.py:171} ERROR - Not Found
[2023-06-02T01:54:06.132+0000] {http.py:122} INFO - Poking: https://randomuser.me/
[2023-06-02T01:54:06.137+0000] {base.py:73} INFO - Using connection ID 'user_api' for task execution.
[2023-06-02T01:54:06.622+0000] {http.py:170} ERROR - HTTP error: Not Found
[2023-06-02T01:54:06.622+0000] {http.py:171} ERROR - Not Found
[2023-06-02T01:55:06.675+0000] {http.py:122} INFO - Poking: https://randomuser.me/
[2023-06-02T01:55:06.680+0000] {base.py:73} INFO - Using connection ID 'user_api' for task execution.
[2023-06-02T01:55:07.161+0000] {http.py:170} ERROR - HTTP error: Not Found
[2023-06-02T01:55:07.162+0000] {http.py:171} ERROR - Not Found
[2023-06-02T01:56:07.221+0000] {http.py:122} INFO - Poking: https://randomuser.me/
[2023-06-02T01:56:07.227+0000] {base.py:73} INFO - Using connection ID 'user_api' for task execution.
[2023-06-02T01:56:07.714+0000] {http.py:170} ERROR - HTTP error: Not Found
[2023-06-02T01:56:07.714+0000] {http.py:171} ERROR - Not Found
[2023-06-02T01:57:07.773+0000] {http.py:122} INFO - Poking: https://randomuser.me/
[2023-06-02T01:57:07.778+0000] {base.py:73} INFO - Using connection ID 'user_api' for task execution.
[2023-06-02T01:57:08.248+0000] {http.py:170} ERROR - HTTP error: Not Found
[2023-06-02T01:57:08.248+0000] {http.py:171} ERROR - Not Found
[2023-06-02T01:58:08.309+0000] {http.py:122} INFO - Poking: https://randomuser.me/
[2023-06-02T01:58:08.314+0000] {base.py:73} INFO - Using connection ID 'user_api' for task execution.
[2023-06-02T01:58:08.804+0000] {http.py:170} ERROR - HTTP error: Not Found
[2023-06-02T01:58:08.805+0000] {http.py:171} ERROR - Not Found
[2023-06-02T01:59:08.866+0000] {http.py:122} INFO - Poking: https://randomuser.me/
[2023-06-02T01:59:08.871+0000] {base.py:73} INFO - Using connection ID 'user_api' for task execution.
[2023-06-02T01:59:09.338+0000] {http.py:170} ERROR - HTTP error: Not Found
[2023-06-02T01:59:09.338+0000] {http.py:171} ERROR - Not Found
[2023-06-02T02:00:09.397+0000] {http.py:122} INFO - Poking: https://randomuser.me/
[2023-06-02T02:00:09.402+0000] {base.py:73} INFO - Using connection ID 'user_api' for task execution.
[2023-06-02T02:00:09.908+0000] {http.py:170} ERROR - HTTP error: Not Found
[2023-06-02T02:00:09.908+0000] {http.py:171} ERROR - Not Found
[2023-06-02T02:01:09.969+0000] {http.py:122} INFO - Poking: https://randomuser.me/
[2023-06-02T02:01:09.975+0000] {base.py:73} INFO - Using connection ID 'user_api' for task execution.
[2023-06-02T02:01:10.449+0000] {http.py:170} ERROR - HTTP error: Not Found
[2023-06-02T02:01:10.449+0000] {http.py:171} ERROR - Not Found
[2023-06-02T02:02:10.509+0000] {http.py:122} INFO - Poking: https://randomuser.me/
[2023-06-02T02:02:10.514+0000] {base.py:73} INFO - Using connection ID 'user_api' for task execution.
[2023-06-02T02:02:10.980+0000] {http.py:170} ERROR - HTTP error: Not Found
[2023-06-02T02:02:10.980+0000] {http.py:171} ERROR - Not Found
[2023-06-02T02:03:11.034+0000] {http.py:122} INFO - Poking: https://randomuser.me/
[2023-06-02T02:03:11.039+0000] {base.py:73} INFO - Using connection ID 'user_api' for task execution.
[2023-06-02T02:03:11.530+0000] {http.py:170} ERROR - HTTP error: Not Found
[2023-06-02T02:03:11.530+0000] {http.py:171} ERROR - Not Found
[2023-06-02T02:04:11.589+0000] {http.py:122} INFO - Poking: https://randomuser.me/
[2023-06-02T02:04:11.595+0000] {base.py:73} INFO - Using connection ID 'user_api' for task execution.
[2023-06-02T02:04:12.073+0000] {http.py:170} ERROR - HTTP error: Not Found
[2023-06-02T02:04:12.074+0000] {http.py:171} ERROR - Not Found
[2023-06-02T02:05:12.135+0000] {http.py:122} INFO - Poking: https://randomuser.me/
[2023-06-02T02:05:12.140+0000] {base.py:73} INFO - Using connection ID 'user_api' for task execution.
[2023-06-02T02:05:12.614+0000] {http.py:170} ERROR - HTTP error: Not Found
[2023-06-02T02:05:12.614+0000] {http.py:171} ERROR - Not Found
[2023-06-02T02:06:12.673+0000] {http.py:122} INFO - Poking: https://randomuser.me/
[2023-06-02T02:06:12.679+0000] {base.py:73} INFO - Using connection ID 'user_api' for task execution.
[2023-06-02T02:06:13.147+0000] {http.py:170} ERROR - HTTP error: Not Found
[2023-06-02T02:06:13.147+0000] {http.py:171} ERROR - Not Found
[2023-06-02T02:07:13.209+0000] {http.py:122} INFO - Poking: https://randomuser.me/
[2023-06-02T02:07:13.214+0000] {base.py:73} INFO - Using connection ID 'user_api' for task execution.
[2023-06-02T02:07:13.694+0000] {http.py:170} ERROR - HTTP error: Not Found
[2023-06-02T02:07:13.695+0000] {http.py:171} ERROR - Not Found
[2023-06-02T02:08:13.729+0000] {http.py:122} INFO - Poking: https://randomuser.me/
[2023-06-02T02:08:13.735+0000] {base.py:73} INFO - Using connection ID 'user_api' for task execution.
[2023-06-02T02:08:14.217+0000] {http.py:170} ERROR - HTTP error: Not Found
[2023-06-02T02:08:14.217+0000] {http.py:171} ERROR - Not Found
[2023-06-02T02:09:14.263+0000] {http.py:122} INFO - Poking: https://randomuser.me/
[2023-06-02T02:09:14.268+0000] {base.py:73} INFO - Using connection ID 'user_api' for task execution.
[2023-06-02T02:09:14.744+0000] {http.py:170} ERROR - HTTP error: Not Found
[2023-06-02T02:09:14.744+0000] {http.py:171} ERROR - Not Found
[2023-06-02T02:10:14.805+0000] {http.py:122} INFO - Poking: https://randomuser.me/
[2023-06-02T02:10:14.810+0000] {base.py:73} INFO - Using connection ID 'user_api' for task execution.
[2023-06-02T02:10:15.293+0000] {http.py:170} ERROR - HTTP error: Not Found
[2023-06-02T02:10:15.293+0000] {http.py:171} ERROR - Not Found
[2023-06-02T02:11:15.354+0000] {http.py:122} INFO - Poking: https://randomuser.me/
[2023-06-02T02:11:15.359+0000] {base.py:73} INFO - Using connection ID 'user_api' for task execution.
[2023-06-02T02:11:15.841+0000] {http.py:170} ERROR - HTTP error: Not Found
[2023-06-02T02:11:15.841+0000] {http.py:171} ERROR - Not Found
[2023-06-02T02:12:15.902+0000] {http.py:122} INFO - Poking: https://randomuser.me/
[2023-06-02T02:12:15.907+0000] {base.py:73} INFO - Using connection ID 'user_api' for task execution.
[2023-06-02T02:12:16.396+0000] {http.py:170} ERROR - HTTP error: Not Found
[2023-06-02T02:12:16.397+0000] {http.py:171} ERROR - Not Found
[2023-06-02T02:13:16.458+0000] {http.py:122} INFO - Poking: https://randomuser.me/
[2023-06-02T02:13:16.462+0000] {base.py:73} INFO - Using connection ID 'user_api' for task execution.
[2023-06-02T02:13:16.938+0000] {http.py:170} ERROR - HTTP error: Not Found
[2023-06-02T02:13:16.938+0000] {http.py:171} ERROR - Not Found
[2023-06-02T02:14:17.000+0000] {http.py:122} INFO - Poking: https://randomuser.me/
[2023-06-02T02:14:17.005+0000] {base.py:73} INFO - Using connection ID 'user_api' for task execution.
[2023-06-02T02:14:17.490+0000] {http.py:170} ERROR - HTTP error: Not Found
[2023-06-02T02:14:17.490+0000] {http.py:171} ERROR - Not Found
[2023-06-02T02:15:17.552+0000] {http.py:122} INFO - Poking: https://randomuser.me/
[2023-06-02T02:15:17.557+0000] {base.py:73} INFO - Using connection ID 'user_api' for task execution.
[2023-06-02T02:15:18.039+0000] {http.py:170} ERROR - HTTP error: Not Found
[2023-06-02T02:15:18.039+0000] {http.py:171} ERROR - Not Found
[2023-06-02T02:16:18.097+0000] {http.py:122} INFO - Poking: https://randomuser.me/
[2023-06-02T02:16:18.103+0000] {base.py:73} INFO - Using connection ID 'user_api' for task execution.
[2023-06-02T02:16:18.591+0000] {http.py:170} ERROR - HTTP error: Not Found
[2023-06-02T02:16:18.591+0000] {http.py:171} ERROR - Not Found
[2023-06-02T02:17:18.649+0000] {http.py:122} INFO - Poking: https://randomuser.me/
[2023-06-02T02:17:18.654+0000] {base.py:73} INFO - Using connection ID 'user_api' for task execution.
[2023-06-02T02:17:19.141+0000] {http.py:170} ERROR - HTTP error: Not Found
[2023-06-02T02:17:19.141+0000] {http.py:171} ERROR - Not Found
[2023-06-02T02:18:19.201+0000] {http.py:122} INFO - Poking: https://randomuser.me/
[2023-06-02T02:18:19.206+0000] {base.py:73} INFO - Using connection ID 'user_api' for task execution.
[2023-06-02T02:18:19.670+0000] {http.py:170} ERROR - HTTP error: Not Found
[2023-06-02T02:18:19.670+0000] {http.py:171} ERROR - Not Found
[2023-06-02T02:19:19.732+0000] {http.py:122} INFO - Poking: https://randomuser.me/
[2023-06-02T02:19:19.737+0000] {base.py:73} INFO - Using connection ID 'user_api' for task execution.
[2023-06-02T02:19:20.206+0000] {http.py:170} ERROR - HTTP error: Not Found
[2023-06-02T02:19:20.206+0000] {http.py:171} ERROR - Not Found
[2023-06-02T02:20:20.268+0000] {http.py:122} INFO - Poking: https://randomuser.me/
[2023-06-02T02:20:20.273+0000] {base.py:73} INFO - Using connection ID 'user_api' for task execution.
[2023-06-02T02:20:20.742+0000] {http.py:170} ERROR - HTTP error: Not Found
[2023-06-02T02:20:20.742+0000] {http.py:171} ERROR - Not Found
[2023-06-02T02:21:20.801+0000] {http.py:122} INFO - Poking: https://randomuser.me/
[2023-06-02T02:21:20.806+0000] {base.py:73} INFO - Using connection ID 'user_api' for task execution.
[2023-06-02T02:21:21.284+0000] {http.py:170} ERROR - HTTP error: Not Found
[2023-06-02T02:21:21.284+0000] {http.py:171} ERROR - Not Found
[2023-06-02T02:22:21.345+0000] {http.py:122} INFO - Poking: https://randomuser.me/
[2023-06-02T02:22:21.351+0000] {base.py:73} INFO - Using connection ID 'user_api' for task execution.
[2023-06-02T02:22:21.830+0000] {http.py:170} ERROR - HTTP error: Not Found
[2023-06-02T02:22:21.830+0000] {http.py:171} ERROR - Not Found
[2023-06-02T02:23:21.891+0000] {http.py:122} INFO - Poking: https://randomuser.me/
[2023-06-02T02:23:21.896+0000] {base.py:73} INFO - Using connection ID 'user_api' for task execution.
[2023-06-02T02:23:22.441+0000] {http.py:170} ERROR - HTTP error: Not Found
[2023-06-02T02:23:22.441+0000] {http.py:171} ERROR - Not Found
[2023-06-02T02:24:22.503+0000] {http.py:122} INFO - Poking: https://randomuser.me/
[2023-06-02T02:24:22.507+0000] {base.py:73} INFO - Using connection ID 'user_api' for task execution.
[2023-06-02T02:24:22.981+0000] {http.py:170} ERROR - HTTP error: Not Found
[2023-06-02T02:24:22.981+0000] {http.py:171} ERROR - Not Found
[2023-06-02T02:25:23.041+0000] {http.py:122} INFO - Poking: https://randomuser.me/
[2023-06-02T02:25:23.046+0000] {base.py:73} INFO - Using connection ID 'user_api' for task execution.
[2023-06-02T02:25:23.527+0000] {http.py:170} ERROR - HTTP error: Not Found
[2023-06-02T02:25:23.527+0000] {http.py:171} ERROR - Not Found
[2023-06-02T02:26:23.585+0000] {http.py:122} INFO - Poking: https://randomuser.me/
[2023-06-02T02:26:23.592+0000] {base.py:73} INFO - Using connection ID 'user_api' for task execution.
[2023-06-02T02:26:24.078+0000] {http.py:170} ERROR - HTTP error: Not Found
[2023-06-02T02:26:24.078+0000] {http.py:171} ERROR - Not Found
[2023-06-02T02:27:24.119+0000] {http.py:122} INFO - Poking: https://randomuser.me/
[2023-06-02T02:27:24.124+0000] {base.py:73} INFO - Using connection ID 'user_api' for task execution.
[2023-06-02T02:27:24.609+0000] {http.py:170} ERROR - HTTP error: Not Found
[2023-06-02T02:27:24.609+0000] {http.py:171} ERROR - Not Found
[2023-06-02T02:28:24.649+0000] {http.py:122} INFO - Poking: https://randomuser.me/
[2023-06-02T02:28:24.654+0000] {base.py:73} INFO - Using connection ID 'user_api' for task execution.
[2023-06-02T02:28:25.124+0000] {http.py:170} ERROR - HTTP error: Not Found
[2023-06-02T02:28:25.124+0000] {http.py:171} ERROR - Not Found
[2023-06-02T02:29:25.181+0000] {http.py:122} INFO - Poking: https://randomuser.me/
[2023-06-02T02:29:25.187+0000] {base.py:73} INFO - Using connection ID 'user_api' for task execution.
[2023-06-02T02:29:25.677+0000] {http.py:170} ERROR - HTTP error: Not Found
[2023-06-02T02:29:25.677+0000] {http.py:171} ERROR - Not Found
[2023-06-02T02:30:25.737+0000] {http.py:122} INFO - Poking: https://randomuser.me/
[2023-06-02T02:30:25.743+0000] {base.py:73} INFO - Using connection ID 'user_api' for task execution.
[2023-06-02T02:30:26.233+0000] {http.py:170} ERROR - HTTP error: Not Found
[2023-06-02T02:30:26.233+0000] {http.py:171} ERROR - Not Found
[2023-06-02T02:31:26.293+0000] {http.py:122} INFO - Poking: https://randomuser.me/
[2023-06-02T02:31:26.300+0000] {base.py:73} INFO - Using connection ID 'user_api' for task execution.
[2023-06-02T02:31:26.778+0000] {http.py:170} ERROR - HTTP error: Not Found
[2023-06-02T02:31:26.778+0000] {http.py:171} ERROR - Not Found
[2023-06-02T02:32:26.838+0000] {http.py:122} INFO - Poking: https://randomuser.me/
[2023-06-02T02:32:26.843+0000] {base.py:73} INFO - Using connection ID 'user_api' for task execution.
[2023-06-02T02:32:27.315+0000] {http.py:170} ERROR - HTTP error: Not Found
[2023-06-02T02:32:27.315+0000] {http.py:171} ERROR - Not Found
[2023-06-02T02:33:27.373+0000] {http.py:122} INFO - Poking: https://randomuser.me/
[2023-06-02T02:33:27.378+0000] {base.py:73} INFO - Using connection ID 'user_api' for task execution.
[2023-06-02T02:33:27.862+0000] {http.py:170} ERROR - HTTP error: Not Found
[2023-06-02T02:33:27.862+0000] {http.py:171} ERROR - Not Found
[2023-06-02T02:34:27.922+0000] {http.py:122} INFO - Poking: https://randomuser.me/
[2023-06-02T02:34:27.928+0000] {base.py:73} INFO - Using connection ID 'user_api' for task execution.
[2023-06-02T02:34:28.421+0000] {http.py:170} ERROR - HTTP error: Not Found
[2023-06-02T02:34:28.421+0000] {http.py:171} ERROR - Not Found
[2023-06-02T02:35:28.477+0000] {http.py:122} INFO - Poking: https://randomuser.me/
[2023-06-02T02:35:28.482+0000] {base.py:73} INFO - Using connection ID 'user_api' for task execution.
[2023-06-02T02:35:29.057+0000] {http.py:170} ERROR - HTTP error: Not Found
[2023-06-02T02:35:29.057+0000] {http.py:171} ERROR - Not Found
[2023-06-02T02:36:29.117+0000] {http.py:122} INFO - Poking: https://randomuser.me/
[2023-06-02T02:36:29.122+0000] {base.py:73} INFO - Using connection ID 'user_api' for task execution.
[2023-06-02T02:36:29.597+0000] {http.py:170} ERROR - HTTP error: Not Found
[2023-06-02T02:36:29.597+0000] {http.py:171} ERROR - Not Found
[2023-06-02T02:37:29.658+0000] {http.py:122} INFO - Poking: https://randomuser.me/
[2023-06-02T02:37:29.662+0000] {base.py:73} INFO - Using connection ID 'user_api' for task execution.
[2023-06-02T02:37:30.139+0000] {http.py:170} ERROR - HTTP error: Not Found
[2023-06-02T02:37:30.140+0000] {http.py:171} ERROR - Not Found
[2023-06-02T02:38:30.202+0000] {http.py:122} INFO - Poking: https://randomuser.me/
[2023-06-02T02:38:30.207+0000] {base.py:73} INFO - Using connection ID 'user_api' for task execution.
[2023-06-02T02:38:30.742+0000] {http.py:170} ERROR - HTTP error: Not Found
[2023-06-02T02:38:30.742+0000] {http.py:171} ERROR - Not Found
[2023-06-02T02:39:30.801+0000] {http.py:122} INFO - Poking: https://randomuser.me/
[2023-06-02T02:39:30.806+0000] {base.py:73} INFO - Using connection ID 'user_api' for task execution.
[2023-06-02T02:39:31.281+0000] {http.py:170} ERROR - HTTP error: Not Found
[2023-06-02T02:39:31.282+0000] {http.py:171} ERROR - Not Found
[2023-06-02T02:40:31.342+0000] {http.py:122} INFO - Poking: https://randomuser.me/
[2023-06-02T02:40:31.348+0000] {base.py:73} INFO - Using connection ID 'user_api' for task execution.
[2023-06-02T02:40:31.814+0000] {http.py:170} ERROR - HTTP error: Not Found
[2023-06-02T02:40:31.815+0000] {http.py:171} ERROR - Not Found
[2023-06-02T02:41:31.873+0000] {http.py:122} INFO - Poking: https://randomuser.me/
[2023-06-02T02:41:31.879+0000] {base.py:73} INFO - Using connection ID 'user_api' for task execution.
[2023-06-02T02:41:32.372+0000] {http.py:170} ERROR - HTTP error: Not Found
[2023-06-02T02:41:32.372+0000] {http.py:171} ERROR - Not Found
[2023-06-02T02:42:32.433+0000] {http.py:122} INFO - Poking: https://randomuser.me/
[2023-06-02T02:42:32.438+0000] {base.py:73} INFO - Using connection ID 'user_api' for task execution.
[2023-06-02T02:42:32.914+0000] {http.py:170} ERROR - HTTP error: Not Found
[2023-06-02T02:42:32.914+0000] {http.py:171} ERROR - Not Found
[2023-06-02T02:43:32.974+0000] {http.py:122} INFO - Poking: https://randomuser.me/
[2023-06-02T02:43:32.980+0000] {base.py:73} INFO - Using connection ID 'user_api' for task execution.
[2023-06-02T02:43:33.458+0000] {http.py:170} ERROR - HTTP error: Not Found
[2023-06-02T02:43:33.459+0000] {http.py:171} ERROR - Not Found
[2023-06-02T02:44:33.519+0000] {http.py:122} INFO - Poking: https://randomuser.me/
[2023-06-02T02:44:33.523+0000] {base.py:73} INFO - Using connection ID 'user_api' for task execution.
[2023-06-02T02:44:34.031+0000] {http.py:170} ERROR - HTTP error: Not Found
[2023-06-02T02:44:34.031+0000] {http.py:171} ERROR - Not Found
[2023-06-02T02:45:34.089+0000] {http.py:122} INFO - Poking: https://randomuser.me/
[2023-06-02T02:45:34.094+0000] {base.py:73} INFO - Using connection ID 'user_api' for task execution.
[2023-06-02T02:45:34.581+0000] {http.py:170} ERROR - HTTP error: Not Found
[2023-06-02T02:45:34.582+0000] {http.py:171} ERROR - Not Found
[2023-06-02T02:46:34.641+0000] {http.py:122} INFO - Poking: https://randomuser.me/
[2023-06-02T02:46:34.646+0000] {base.py:73} INFO - Using connection ID 'user_api' for task execution.
[2023-06-02T02:46:35.143+0000] {http.py:170} ERROR - HTTP error: Not Found
[2023-06-02T02:46:35.143+0000] {http.py:171} ERROR - Not Found
[2023-06-02T02:47:35.201+0000] {http.py:122} INFO - Poking: https://randomuser.me/
[2023-06-02T02:47:35.206+0000] {base.py:73} INFO - Using connection ID 'user_api' for task execution.
[2023-06-02T02:47:35.688+0000] {http.py:170} ERROR - HTTP error: Not Found
[2023-06-02T02:47:35.689+0000] {http.py:171} ERROR - Not Found
[2023-06-02T02:48:35.749+0000] {http.py:122} INFO - Poking: https://randomuser.me/
[2023-06-02T02:48:35.755+0000] {base.py:73} INFO - Using connection ID 'user_api' for task execution.
[2023-06-02T02:48:36.232+0000] {http.py:170} ERROR - HTTP error: Not Found
[2023-06-02T02:48:36.232+0000] {http.py:171} ERROR - Not Found
[2023-06-02T02:49:36.269+0000] {http.py:122} INFO - Poking: https://randomuser.me/
[2023-06-02T02:49:36.275+0000] {base.py:73} INFO - Using connection ID 'user_api' for task execution.
[2023-06-02T02:49:36.759+0000] {http.py:170} ERROR - HTTP error: Not Found
[2023-06-02T02:49:36.759+0000] {http.py:171} ERROR - Not Found
[2023-06-02T02:50:36.813+0000] {http.py:122} INFO - Poking: https://randomuser.me/
[2023-06-02T02:50:36.818+0000] {base.py:73} INFO - Using connection ID 'user_api' for task execution.
[2023-06-02T02:50:37.286+0000] {http.py:170} ERROR - HTTP error: Not Found
[2023-06-02T02:50:37.287+0000] {http.py:171} ERROR - Not Found
[2023-06-02T02:51:37.345+0000] {http.py:122} INFO - Poking: https://randomuser.me/
[2023-06-02T02:51:37.351+0000] {base.py:73} INFO - Using connection ID 'user_api' for task execution.
[2023-06-02T02:51:37.843+0000] {http.py:170} ERROR - HTTP error: Not Found
[2023-06-02T02:51:37.843+0000] {http.py:171} ERROR - Not Found
[2023-06-02T02:52:37.901+0000] {http.py:122} INFO - Poking: https://randomuser.me/
[2023-06-02T02:52:37.906+0000] {base.py:73} INFO - Using connection ID 'user_api' for task execution.
[2023-06-02T02:52:38.379+0000] {http.py:170} ERROR - HTTP error: Not Found
[2023-06-02T02:52:38.379+0000] {http.py:171} ERROR - Not Found
[2023-06-02T02:53:38.439+0000] {http.py:122} INFO - Poking: https://randomuser.me/
[2023-06-02T02:53:38.444+0000] {base.py:73} INFO - Using connection ID 'user_api' for task execution.
[2023-06-02T02:53:38.953+0000] {http.py:170} ERROR - HTTP error: Not Found
[2023-06-02T02:53:38.953+0000] {http.py:171} ERROR - Not Found
[2023-06-02T02:54:38.997+0000] {http.py:122} INFO - Poking: https://randomuser.me/
[2023-06-02T02:54:39.002+0000] {base.py:73} INFO - Using connection ID 'user_api' for task execution.
[2023-06-02T02:54:39.545+0000] {http.py:170} ERROR - HTTP error: Not Found
[2023-06-02T02:54:39.545+0000] {http.py:171} ERROR - Not Found
[2023-06-02T02:55:39.605+0000] {http.py:122} INFO - Poking: https://randomuser.me/
[2023-06-02T02:55:39.610+0000] {base.py:73} INFO - Using connection ID 'user_api' for task execution.
[2023-06-02T02:55:40.139+0000] {http.py:170} ERROR - HTTP error: Not Found
[2023-06-02T02:55:40.139+0000] {http.py:171} ERROR - Not Found
[2023-06-02T02:56:40.197+0000] {http.py:122} INFO - Poking: https://randomuser.me/
[2023-06-02T02:56:40.202+0000] {base.py:73} INFO - Using connection ID 'user_api' for task execution.
[2023-06-02T02:56:40.666+0000] {http.py:170} ERROR - HTTP error: Not Found
[2023-06-02T02:56:40.666+0000] {http.py:171} ERROR - Not Found
[2023-06-02T02:57:40.725+0000] {http.py:122} INFO - Poking: https://randomuser.me/
[2023-06-02T02:57:40.730+0000] {base.py:73} INFO - Using connection ID 'user_api' for task execution.
[2023-06-02T02:57:41.212+0000] {http.py:170} ERROR - HTTP error: Not Found
[2023-06-02T02:57:41.212+0000] {http.py:171} ERROR - Not Found
[2023-06-02T02:58:41.269+0000] {http.py:122} INFO - Poking: https://randomuser.me/
[2023-06-02T02:58:41.274+0000] {base.py:73} INFO - Using connection ID 'user_api' for task execution.
[2023-06-02T02:58:41.756+0000] {http.py:170} ERROR - HTTP error: Not Found
[2023-06-02T02:58:41.756+0000] {http.py:171} ERROR - Not Found
[2023-06-02T02:59:41.817+0000] {http.py:122} INFO - Poking: https://randomuser.me/
[2023-06-02T02:59:41.829+0000] {base.py:73} INFO - Using connection ID 'user_api' for task execution.
[2023-06-02T02:59:42.308+0000] {http.py:170} ERROR - HTTP error: Not Found
[2023-06-02T02:59:42.309+0000] {http.py:171} ERROR - Not Found
[2023-06-02T03:00:42.369+0000] {http.py:122} INFO - Poking: https://randomuser.me/
[2023-06-02T03:00:42.374+0000] {base.py:73} INFO - Using connection ID 'user_api' for task execution.
[2023-06-02T03:00:42.830+0000] {http.py:170} ERROR - HTTP error: Not Found
[2023-06-02T03:00:42.830+0000] {http.py:171} ERROR - Not Found
[2023-06-02T03:01:42.891+0000] {http.py:122} INFO - Poking: https://randomuser.me/
[2023-06-02T03:01:42.896+0000] {base.py:73} INFO - Using connection ID 'user_api' for task execution.
[2023-06-02T03:01:43.368+0000] {http.py:170} ERROR - HTTP error: Not Found
[2023-06-02T03:01:43.368+0000] {http.py:171} ERROR - Not Found
[2023-06-02T03:02:43.427+0000] {http.py:122} INFO - Poking: https://randomuser.me/
[2023-06-02T03:02:43.432+0000] {base.py:73} INFO - Using connection ID 'user_api' for task execution.
[2023-06-02T03:02:43.902+0000] {http.py:170} ERROR - HTTP error: Not Found
[2023-06-02T03:02:43.902+0000] {http.py:171} ERROR - Not Found
[2023-06-02T03:03:43.963+0000] {http.py:122} INFO - Poking: https://randomuser.me/
[2023-06-02T03:03:43.968+0000] {base.py:73} INFO - Using connection ID 'user_api' for task execution.
[2023-06-02T03:03:44.443+0000] {http.py:170} ERROR - HTTP error: Not Found
[2023-06-02T03:03:44.444+0000] {http.py:171} ERROR - Not Found
[2023-06-02T03:04:44.501+0000] {http.py:122} INFO - Poking: https://randomuser.me/
[2023-06-02T03:04:44.506+0000] {base.py:73} INFO - Using connection ID 'user_api' for task execution.
[2023-06-02T03:04:44.995+0000] {http.py:170} ERROR - HTTP error: Not Found
[2023-06-02T03:04:44.996+0000] {http.py:171} ERROR - Not Found
[2023-06-02T03:05:45.057+0000] {http.py:122} INFO - Poking: https://randomuser.me/
[2023-06-02T03:05:45.062+0000] {base.py:73} INFO - Using connection ID 'user_api' for task execution.
[2023-06-02T03:05:45.527+0000] {http.py:170} ERROR - HTTP error: Not Found
[2023-06-02T03:05:45.527+0000] {http.py:171} ERROR - Not Found
[2023-06-02T03:06:45.585+0000] {http.py:122} INFO - Poking: https://randomuser.me/
[2023-06-02T03:06:45.591+0000] {base.py:73} INFO - Using connection ID 'user_api' for task execution.
[2023-06-02T03:06:46.070+0000] {http.py:170} ERROR - HTTP error: Not Found
[2023-06-02T03:06:46.070+0000] {http.py:171} ERROR - Not Found
[2023-06-02T03:07:46.130+0000] {http.py:122} INFO - Poking: https://randomuser.me/
[2023-06-02T03:07:46.135+0000] {base.py:73} INFO - Using connection ID 'user_api' for task execution.
[2023-06-02T03:07:47.411+0000] {http.py:170} ERROR - HTTP error: Not Found
[2023-06-02T03:07:47.412+0000] {http.py:171} ERROR - Not Found
[2023-06-02T03:08:47.469+0000] {http.py:122} INFO - Poking: https://randomuser.me/
[2023-06-02T03:08:47.474+0000] {base.py:73} INFO - Using connection ID 'user_api' for task execution.
[2023-06-02T03:08:47.939+0000] {http.py:170} ERROR - HTTP error: Not Found
[2023-06-02T03:08:47.939+0000] {http.py:171} ERROR - Not Found
[2023-06-02T03:09:47.997+0000] {http.py:122} INFO - Poking: https://randomuser.me/
[2023-06-02T03:09:48.002+0000] {base.py:73} INFO - Using connection ID 'user_api' for task execution.
[2023-06-02T03:09:48.494+0000] {http.py:170} ERROR - HTTP error: Not Found
[2023-06-02T03:09:48.494+0000] {http.py:171} ERROR - Not Found
[2023-06-02T03:10:48.507+0000] {http.py:122} INFO - Poking: https://randomuser.me/
[2023-06-02T03:10:48.512+0000] {base.py:73} INFO - Using connection ID 'user_api' for task execution.
[2023-06-02T03:10:48.980+0000] {http.py:170} ERROR - HTTP error: Not Found
[2023-06-02T03:10:48.980+0000] {http.py:171} ERROR - Not Found
[2023-06-02T03:11:49.035+0000] {http.py:122} INFO - Poking: https://randomuser.me/
[2023-06-02T03:11:49.040+0000] {base.py:73} INFO - Using connection ID 'user_api' for task execution.
[2023-06-02T03:11:49.519+0000] {http.py:170} ERROR - HTTP error: Not Found
[2023-06-02T03:11:49.519+0000] {http.py:171} ERROR - Not Found
[2023-06-02T03:12:49.580+0000] {http.py:122} INFO - Poking: https://randomuser.me/
[2023-06-02T03:12:49.585+0000] {base.py:73} INFO - Using connection ID 'user_api' for task execution.
[2023-06-02T03:12:50.062+0000] {http.py:170} ERROR - HTTP error: Not Found
[2023-06-02T03:12:50.062+0000] {http.py:171} ERROR - Not Found
[2023-06-02T03:13:50.121+0000] {http.py:122} INFO - Poking: https://randomuser.me/
[2023-06-02T03:13:50.127+0000] {base.py:73} INFO - Using connection ID 'user_api' for task execution.
[2023-06-02T03:13:50.606+0000] {http.py:170} ERROR - HTTP error: Not Found
[2023-06-02T03:13:50.606+0000] {http.py:171} ERROR - Not Found
[2023-06-02T03:14:50.667+0000] {http.py:122} INFO - Poking: https://randomuser.me/
[2023-06-02T03:14:50.672+0000] {base.py:73} INFO - Using connection ID 'user_api' for task execution.
[2023-06-02T03:14:51.152+0000] {http.py:170} ERROR - HTTP error: Not Found
[2023-06-02T03:14:51.152+0000] {http.py:171} ERROR - Not Found
[2023-06-02T03:15:51.214+0000] {http.py:122} INFO - Poking: https://randomuser.me/
[2023-06-02T03:15:51.219+0000] {base.py:73} INFO - Using connection ID 'user_api' for task execution.
[2023-06-02T03:15:51.689+0000] {http.py:170} ERROR - HTTP error: Not Found
[2023-06-02T03:15:51.689+0000] {http.py:171} ERROR - Not Found
[2023-06-02T03:16:51.746+0000] {http.py:122} INFO - Poking: https://randomuser.me/
[2023-06-02T03:16:51.752+0000] {base.py:73} INFO - Using connection ID 'user_api' for task execution.
[2023-06-02T03:16:52.238+0000] {http.py:170} ERROR - HTTP error: Not Found
[2023-06-02T03:16:52.238+0000] {http.py:171} ERROR - Not Found
[2023-06-02T03:17:52.249+0000] {http.py:122} INFO - Poking: https://randomuser.me/
[2023-06-02T03:17:52.254+0000] {base.py:73} INFO - Using connection ID 'user_api' for task execution.
[2023-06-02T03:17:52.722+0000] {http.py:170} ERROR - HTTP error: Not Found
[2023-06-02T03:17:52.722+0000] {http.py:171} ERROR - Not Found
[2023-06-02T03:18:52.781+0000] {http.py:122} INFO - Poking: https://randomuser.me/
[2023-06-02T03:18:52.786+0000] {base.py:73} INFO - Using connection ID 'user_api' for task execution.
[2023-06-02T03:18:53.300+0000] {http.py:170} ERROR - HTTP error: Not Found
[2023-06-02T03:18:53.300+0000] {http.py:171} ERROR - Not Found
[2023-06-02T03:19:53.361+0000] {http.py:122} INFO - Poking: https://randomuser.me/
[2023-06-02T03:19:53.366+0000] {base.py:73} INFO - Using connection ID 'user_api' for task execution.
[2023-06-02T03:19:53.838+0000] {http.py:170} ERROR - HTTP error: Not Found
[2023-06-02T03:19:53.838+0000] {http.py:171} ERROR - Not Found
[2023-06-02T03:20:53.897+0000] {http.py:122} INFO - Poking: https://randomuser.me/
[2023-06-02T03:20:53.903+0000] {base.py:73} INFO - Using connection ID 'user_api' for task execution.
[2023-06-02T03:20:54.363+0000] {http.py:170} ERROR - HTTP error: Not Found
[2023-06-02T03:20:54.363+0000] {http.py:171} ERROR - Not Found
[2023-06-02T03:21:54.421+0000] {http.py:122} INFO - Poking: https://randomuser.me/
[2023-06-02T03:21:54.426+0000] {base.py:73} INFO - Using connection ID 'user_api' for task execution.
[2023-06-02T03:21:54.904+0000] {http.py:170} ERROR - HTTP error: Not Found
[2023-06-02T03:21:54.905+0000] {http.py:171} ERROR - Not Found
[2023-06-02T03:22:54.965+0000] {http.py:122} INFO - Poking: https://randomuser.me/
[2023-06-02T03:22:54.971+0000] {base.py:73} INFO - Using connection ID 'user_api' for task execution.
[2023-06-02T03:22:55.447+0000] {http.py:170} ERROR - HTTP error: Not Found
[2023-06-02T03:22:55.447+0000] {http.py:171} ERROR - Not Found
[2023-06-02T03:23:55.494+0000] {http.py:122} INFO - Poking: https://randomuser.me/
[2023-06-02T03:23:55.500+0000] {base.py:73} INFO - Using connection ID 'user_api' for task execution.
[2023-06-02T03:23:55.966+0000] {http.py:170} ERROR - HTTP error: Not Found
[2023-06-02T03:23:55.966+0000] {http.py:171} ERROR - Not Found
[2023-06-02T03:24:56.028+0000] {http.py:122} INFO - Poking: https://randomuser.me/
[2023-06-02T03:24:56.033+0000] {base.py:73} INFO - Using connection ID 'user_api' for task execution.
[2023-06-02T03:24:56.528+0000] {http.py:170} ERROR - HTTP error: Not Found
[2023-06-02T03:24:56.528+0000] {http.py:171} ERROR - Not Found
[2023-06-02T03:25:56.589+0000] {http.py:122} INFO - Poking: https://randomuser.me/
[2023-06-02T03:25:56.595+0000] {base.py:73} INFO - Using connection ID 'user_api' for task execution.
[2023-06-02T03:25:57.075+0000] {http.py:170} ERROR - HTTP error: Not Found
[2023-06-02T03:25:57.076+0000] {http.py:171} ERROR - Not Found
[2023-06-02T03:26:57.136+0000] {http.py:122} INFO - Poking: https://randomuser.me/
[2023-06-02T03:26:57.141+0000] {base.py:73} INFO - Using connection ID 'user_api' for task execution.
[2023-06-02T03:26:57.612+0000] {http.py:170} ERROR - HTTP error: Not Found
[2023-06-02T03:26:57.612+0000] {http.py:171} ERROR - Not Found
[2023-06-02T03:27:57.671+0000] {http.py:122} INFO - Poking: https://randomuser.me/
[2023-06-02T03:27:57.676+0000] {base.py:73} INFO - Using connection ID 'user_api' for task execution.
[2023-06-02T03:27:58.156+0000] {http.py:170} ERROR - HTTP error: Not Found
[2023-06-02T03:27:58.157+0000] {http.py:171} ERROR - Not Found
[2023-06-02T03:28:58.219+0000] {http.py:122} INFO - Poking: https://randomuser.me/
[2023-06-02T03:28:58.224+0000] {base.py:73} INFO - Using connection ID 'user_api' for task execution.
[2023-06-02T03:28:58.721+0000] {http.py:170} ERROR - HTTP error: Not Found
[2023-06-02T03:28:58.721+0000] {http.py:171} ERROR - Not Found
[2023-06-02T03:29:58.781+0000] {http.py:122} INFO - Poking: https://randomuser.me/
[2023-06-02T03:29:58.786+0000] {base.py:73} INFO - Using connection ID 'user_api' for task execution.
[2023-06-02T03:29:59.975+0000] {http.py:170} ERROR - HTTP error: Not Found
[2023-06-02T03:29:59.975+0000] {http.py:171} ERROR - Not Found
[2023-06-02T03:31:00.020+0000] {http.py:122} INFO - Poking: https://randomuser.me/
[2023-06-02T03:31:00.027+0000] {base.py:73} INFO - Using connection ID 'user_api' for task execution.
[2023-06-02T03:31:00.492+0000] {http.py:170} ERROR - HTTP error: Not Found
[2023-06-02T03:31:00.492+0000] {http.py:171} ERROR - Not Found
[2023-06-02T03:32:00.553+0000] {http.py:122} INFO - Poking: https://randomuser.me/
[2023-06-02T03:32:00.559+0000] {base.py:73} INFO - Using connection ID 'user_api' for task execution.
[2023-06-02T03:32:01.053+0000] {http.py:170} ERROR - HTTP error: Not Found
[2023-06-02T03:32:01.053+0000] {http.py:171} ERROR - Not Found
[2023-06-02T03:33:01.105+0000] {http.py:122} INFO - Poking: https://randomuser.me/
[2023-06-02T03:33:01.111+0000] {base.py:73} INFO - Using connection ID 'user_api' for task execution.
[2023-06-02T03:33:01.946+0000] {http.py:170} ERROR - HTTP error: Not Found
[2023-06-02T03:33:01.946+0000] {http.py:171} ERROR - Not Found
[2023-06-02T03:34:02.008+0000] {http.py:122} INFO - Poking: https://randomuser.me/
[2023-06-02T03:34:02.013+0000] {base.py:73} INFO - Using connection ID 'user_api' for task execution.
[2023-06-02T03:34:02.513+0000] {http.py:170} ERROR - HTTP error: Not Found
[2023-06-02T03:34:02.513+0000] {http.py:171} ERROR - Not Found
[2023-06-02T03:35:02.574+0000] {http.py:122} INFO - Poking: https://randomuser.me/
[2023-06-02T03:35:02.579+0000] {base.py:73} INFO - Using connection ID 'user_api' for task execution.
[2023-06-02T03:35:03.069+0000] {http.py:170} ERROR - HTTP error: Not Found
[2023-06-02T03:35:03.069+0000] {http.py:171} ERROR - Not Found
[2023-06-02T03:36:03.129+0000] {http.py:122} INFO - Poking: https://randomuser.me/
[2023-06-02T03:36:03.135+0000] {base.py:73} INFO - Using connection ID 'user_api' for task execution.
[2023-06-02T03:36:03.600+0000] {http.py:170} ERROR - HTTP error: Not Found
[2023-06-02T03:36:03.600+0000] {http.py:171} ERROR - Not Found
[2023-06-02T03:37:03.660+0000] {http.py:122} INFO - Poking: https://randomuser.me/
[2023-06-02T03:37:03.665+0000] {base.py:73} INFO - Using connection ID 'user_api' for task execution.
[2023-06-02T03:37:04.142+0000] {http.py:170} ERROR - HTTP error: Not Found
[2023-06-02T03:37:04.143+0000] {http.py:171} ERROR - Not Found
[2023-06-02T03:38:04.187+0000] {http.py:122} INFO - Poking: https://randomuser.me/
[2023-06-02T03:38:04.192+0000] {base.py:73} INFO - Using connection ID 'user_api' for task execution.
[2023-06-02T03:38:04.665+0000] {http.py:170} ERROR - HTTP error: Not Found
[2023-06-02T03:38:04.665+0000] {http.py:171} ERROR - Not Found
[2023-06-02T03:39:04.725+0000] {http.py:122} INFO - Poking: https://randomuser.me/
[2023-06-02T03:39:04.731+0000] {base.py:73} INFO - Using connection ID 'user_api' for task execution.
[2023-06-02T03:39:05.205+0000] {http.py:170} ERROR - HTTP error: Not Found
[2023-06-02T03:39:05.205+0000] {http.py:171} ERROR - Not Found
[2023-06-02T03:40:05.265+0000] {http.py:122} INFO - Poking: https://randomuser.me/
[2023-06-02T03:40:05.289+0000] {base.py:73} INFO - Using connection ID 'user_api' for task execution.
[2023-06-02T03:40:05.885+0000] {http.py:170} ERROR - HTTP error: Not Found
[2023-06-02T03:40:05.885+0000] {http.py:171} ERROR - Not Found
[2023-06-02T03:41:05.946+0000] {http.py:122} INFO - Poking: https://randomuser.me/
[2023-06-02T03:41:05.951+0000] {base.py:73} INFO - Using connection ID 'user_api' for task execution.
[2023-06-02T03:41:06.423+0000] {http.py:170} ERROR - HTTP error: Not Found
[2023-06-02T03:41:06.423+0000] {http.py:171} ERROR - Not Found
[2023-06-02T03:42:06.481+0000] {http.py:122} INFO - Poking: https://randomuser.me/
[2023-06-02T03:42:06.486+0000] {base.py:73} INFO - Using connection ID 'user_api' for task execution.
[2023-06-02T03:42:06.973+0000] {http.py:170} ERROR - HTTP error: Not Found
[2023-06-02T03:42:06.973+0000] {http.py:171} ERROR - Not Found
[2023-06-02T03:43:07.033+0000] {http.py:122} INFO - Poking: https://randomuser.me/
[2023-06-02T03:43:07.038+0000] {base.py:73} INFO - Using connection ID 'user_api' for task execution.
[2023-06-02T03:43:07.520+0000] {http.py:170} ERROR - HTTP error: Not Found
[2023-06-02T03:43:07.520+0000] {http.py:171} ERROR - Not Found
[2023-06-02T03:44:07.552+0000] {http.py:122} INFO - Poking: https://randomuser.me/
[2023-06-02T03:44:07.557+0000] {base.py:73} INFO - Using connection ID 'user_api' for task execution.
[2023-06-02T03:44:08.050+0000] {http.py:170} ERROR - HTTP error: Not Found
[2023-06-02T03:44:08.050+0000] {http.py:171} ERROR - Not Found
[2023-06-02T03:45:08.069+0000] {http.py:122} INFO - Poking: https://randomuser.me/
[2023-06-02T03:45:08.074+0000] {base.py:73} INFO - Using connection ID 'user_api' for task execution.
[2023-06-02T03:45:08.550+0000] {http.py:170} ERROR - HTTP error: Not Found
[2023-06-02T03:45:08.550+0000] {http.py:171} ERROR - Not Found
[2023-06-02T03:46:08.609+0000] {http.py:122} INFO - Poking: https://randomuser.me/
[2023-06-02T03:46:08.615+0000] {base.py:73} INFO - Using connection ID 'user_api' for task execution.
[2023-06-02T03:46:09.087+0000] {http.py:170} ERROR - HTTP error: Not Found
[2023-06-02T03:46:09.087+0000] {http.py:171} ERROR - Not Found
[2023-06-02T03:47:09.144+0000] {http.py:122} INFO - Poking: https://randomuser.me/
[2023-06-02T03:47:09.149+0000] {base.py:73} INFO - Using connection ID 'user_api' for task execution.
[2023-06-02T03:47:09.623+0000] {http.py:170} ERROR - HTTP error: Not Found
[2023-06-02T03:47:09.624+0000] {http.py:171} ERROR - Not Found
[2023-06-02T03:48:09.681+0000] {http.py:122} INFO - Poking: https://randomuser.me/
[2023-06-02T03:48:09.688+0000] {base.py:73} INFO - Using connection ID 'user_api' for task execution.
[2023-06-02T03:48:10.213+0000] {http.py:170} ERROR - HTTP error: Not Found
[2023-06-02T03:48:10.213+0000] {http.py:171} ERROR - Not Found
[2023-06-02T03:49:10.275+0000] {http.py:122} INFO - Poking: https://randomuser.me/
[2023-06-02T03:49:10.279+0000] {base.py:73} INFO - Using connection ID 'user_api' for task execution.
[2023-06-02T03:49:10.761+0000] {http.py:170} ERROR - HTTP error: Not Found
[2023-06-02T03:49:10.761+0000] {http.py:171} ERROR - Not Found
[2023-06-02T03:50:10.822+0000] {http.py:122} INFO - Poking: https://randomuser.me/
[2023-06-02T03:50:10.827+0000] {base.py:73} INFO - Using connection ID 'user_api' for task execution.
[2023-06-02T03:50:11.321+0000] {http.py:170} ERROR - HTTP error: Not Found
[2023-06-02T03:50:11.321+0000] {http.py:171} ERROR - Not Found
[2023-06-02T03:51:11.381+0000] {http.py:122} INFO - Poking: https://randomuser.me/
[2023-06-02T03:51:11.387+0000] {base.py:73} INFO - Using connection ID 'user_api' for task execution.
[2023-06-02T03:51:11.911+0000] {http.py:170} ERROR - HTTP error: Not Found
[2023-06-02T03:51:11.912+0000] {http.py:171} ERROR - Not Found
[2023-06-02T03:52:11.973+0000] {http.py:122} INFO - Poking: https://randomuser.me/
[2023-06-02T03:52:11.978+0000] {base.py:73} INFO - Using connection ID 'user_api' for task execution.
[2023-06-02T03:52:12.484+0000] {http.py:170} ERROR - HTTP error: Not Found
[2023-06-02T03:52:12.484+0000] {http.py:171} ERROR - Not Found
[2023-06-02T03:53:12.532+0000] {http.py:122} INFO - Poking: https://randomuser.me/
[2023-06-02T03:53:12.537+0000] {base.py:73} INFO - Using connection ID 'user_api' for task execution.
[2023-06-02T03:53:13.031+0000] {http.py:170} ERROR - HTTP error: Not Found
[2023-06-02T03:53:13.031+0000] {http.py:171} ERROR - Not Found
[2023-06-02T03:54:13.092+0000] {http.py:122} INFO - Poking: https://randomuser.me/
[2023-06-02T03:54:13.097+0000] {base.py:73} INFO - Using connection ID 'user_api' for task execution.
[2023-06-02T03:54:13.568+0000] {http.py:170} ERROR - HTTP error: Not Found
[2023-06-02T03:54:13.568+0000] {http.py:171} ERROR - Not Found
[2023-06-02T03:55:13.629+0000] {http.py:122} INFO - Poking: https://randomuser.me/
[2023-06-02T03:55:13.634+0000] {base.py:73} INFO - Using connection ID 'user_api' for task execution.
[2023-06-02T03:55:14.118+0000] {http.py:170} ERROR - HTTP error: Not Found
[2023-06-02T03:55:14.118+0000] {http.py:171} ERROR - Not Found
[2023-06-02T03:56:14.177+0000] {http.py:122} INFO - Poking: https://randomuser.me/
[2023-06-02T03:56:14.183+0000] {base.py:73} INFO - Using connection ID 'user_api' for task execution.
[2023-06-02T03:56:14.698+0000] {http.py:170} ERROR - HTTP error: Not Found
[2023-06-02T03:56:14.699+0000] {http.py:171} ERROR - Not Found
[2023-06-02T03:57:14.757+0000] {http.py:122} INFO - Poking: https://randomuser.me/
[2023-06-02T03:57:14.762+0000] {base.py:73} INFO - Using connection ID 'user_api' for task execution.
[2023-06-02T03:57:15.232+0000] {http.py:170} ERROR - HTTP error: Not Found
[2023-06-02T03:57:15.232+0000] {http.py:171} ERROR - Not Found
[2023-06-02T03:58:15.290+0000] {http.py:122} INFO - Poking: https://randomuser.me/
[2023-06-02T03:58:15.295+0000] {base.py:73} INFO - Using connection ID 'user_api' for task execution.
[2023-06-02T03:58:15.792+0000] {http.py:170} ERROR - HTTP error: Not Found
[2023-06-02T03:58:15.793+0000] {http.py:171} ERROR - Not Found
[2023-06-02T03:59:15.853+0000] {http.py:122} INFO - Poking: https://randomuser.me/
[2023-06-02T03:59:15.859+0000] {base.py:73} INFO - Using connection ID 'user_api' for task execution.
[2023-06-02T03:59:16.327+0000] {http.py:170} ERROR - HTTP error: Not Found
[2023-06-02T03:59:16.328+0000] {http.py:171} ERROR - Not Found
[2023-06-02T04:00:16.389+0000] {http.py:122} INFO - Poking: https://randomuser.me/
[2023-06-02T04:00:16.394+0000] {base.py:73} INFO - Using connection ID 'user_api' for task execution.
[2023-06-02T04:00:16.861+0000] {http.py:170} ERROR - HTTP error: Not Found
[2023-06-02T04:00:16.861+0000] {http.py:171} ERROR - Not Found
[2023-06-02T04:01:16.913+0000] {http.py:122} INFO - Poking: https://randomuser.me/
[2023-06-02T04:01:16.918+0000] {base.py:73} INFO - Using connection ID 'user_api' for task execution.
[2023-06-02T04:01:17.449+0000] {http.py:170} ERROR - HTTP error: Not Found
[2023-06-02T04:01:17.450+0000] {http.py:171} ERROR - Not Found
[2023-06-02T04:02:17.509+0000] {http.py:122} INFO - Poking: https://randomuser.me/
[2023-06-02T04:02:17.514+0000] {base.py:73} INFO - Using connection ID 'user_api' for task execution.
[2023-06-02T04:02:18.220+0000] {http.py:170} ERROR - HTTP error: Not Found
[2023-06-02T04:02:18.220+0000] {http.py:171} ERROR - Not Found
[2023-06-02T04:03:18.282+0000] {http.py:122} INFO - Poking: https://randomuser.me/
[2023-06-02T04:03:18.287+0000] {base.py:73} INFO - Using connection ID 'user_api' for task execution.
[2023-06-02T04:03:18.761+0000] {http.py:170} ERROR - HTTP error: Not Found
[2023-06-02T04:03:18.761+0000] {http.py:171} ERROR - Not Found
[2023-06-02T04:04:18.778+0000] {http.py:122} INFO - Poking: https://randomuser.me/
[2023-06-02T04:04:18.784+0000] {base.py:73} INFO - Using connection ID 'user_api' for task execution.
[2023-06-02T04:04:19.253+0000] {http.py:170} ERROR - HTTP error: Not Found
[2023-06-02T04:04:19.254+0000] {http.py:171} ERROR - Not Found
[2023-06-02T04:05:19.313+0000] {http.py:122} INFO - Poking: https://randomuser.me/
[2023-06-02T04:05:19.318+0000] {base.py:73} INFO - Using connection ID 'user_api' for task execution.
[2023-06-02T04:05:19.789+0000] {http.py:170} ERROR - HTTP error: Not Found
[2023-06-02T04:05:19.789+0000] {http.py:171} ERROR - Not Found
[2023-06-02T04:06:19.849+0000] {http.py:122} INFO - Poking: https://randomuser.me/
[2023-06-02T04:06:19.854+0000] {base.py:73} INFO - Using connection ID 'user_api' for task execution.
[2023-06-02T04:06:20.332+0000] {http.py:170} ERROR - HTTP error: Not Found
[2023-06-02T04:06:20.332+0000] {http.py:171} ERROR - Not Found
[2023-06-02T04:07:20.393+0000] {http.py:122} INFO - Poking: https://randomuser.me/
[2023-06-02T04:07:20.399+0000] {base.py:73} INFO - Using connection ID 'user_api' for task execution.
[2023-06-02T04:07:20.867+0000] {http.py:170} ERROR - HTTP error: Not Found
[2023-06-02T04:07:20.867+0000] {http.py:171} ERROR - Not Found
[2023-06-02T04:08:20.926+0000] {http.py:122} INFO - Poking: https://randomuser.me/
[2023-06-02T04:08:20.931+0000] {base.py:73} INFO - Using connection ID 'user_api' for task execution.
[2023-06-02T04:08:21.415+0000] {http.py:170} ERROR - HTTP error: Not Found
[2023-06-02T04:08:21.415+0000] {http.py:171} ERROR - Not Found
[2023-06-02T04:09:21.476+0000] {http.py:122} INFO - Poking: https://randomuser.me/
[2023-06-02T04:09:21.483+0000] {base.py:73} INFO - Using connection ID 'user_api' for task execution.
[2023-06-02T04:09:21.943+0000] {http.py:170} ERROR - HTTP error: Not Found
[2023-06-02T04:09:21.943+0000] {http.py:171} ERROR - Not Found
[2023-06-02T04:10:22.002+0000] {http.py:122} INFO - Poking: https://randomuser.me/
[2023-06-02T04:10:22.008+0000] {base.py:73} INFO - Using connection ID 'user_api' for task execution.
[2023-06-02T04:10:22.492+0000] {http.py:170} ERROR - HTTP error: Not Found
[2023-06-02T04:10:22.492+0000] {http.py:171} ERROR - Not Found
[2023-06-02T04:11:22.546+0000] {http.py:122} INFO - Poking: https://randomuser.me/
[2023-06-02T04:11:22.553+0000] {base.py:73} INFO - Using connection ID 'user_api' for task execution.
[2023-06-02T04:11:23.043+0000] {http.py:170} ERROR - HTTP error: Not Found
[2023-06-02T04:11:23.043+0000] {http.py:171} ERROR - Not Found
[2023-06-02T04:12:23.101+0000] {http.py:122} INFO - Poking: https://randomuser.me/
[2023-06-02T04:12:23.107+0000] {base.py:73} INFO - Using connection ID 'user_api' for task execution.
[2023-06-02T04:12:23.575+0000] {http.py:170} ERROR - HTTP error: Not Found
[2023-06-02T04:12:23.576+0000] {http.py:171} ERROR - Not Found
[2023-06-02T04:13:23.635+0000] {http.py:122} INFO - Poking: https://randomuser.me/
[2023-06-02T04:13:23.641+0000] {base.py:73} INFO - Using connection ID 'user_api' for task execution.
[2023-06-02T04:13:24.154+0000] {http.py:170} ERROR - HTTP error: Not Found
[2023-06-02T04:13:24.154+0000] {http.py:171} ERROR - Not Found
[2023-06-02T04:14:24.213+0000] {http.py:122} INFO - Poking: https://randomuser.me/
[2023-06-02T04:14:24.219+0000] {base.py:73} INFO - Using connection ID 'user_api' for task execution.
[2023-06-02T04:14:24.702+0000] {http.py:170} ERROR - HTTP error: Not Found
[2023-06-02T04:14:24.702+0000] {http.py:171} ERROR - Not Found
[2023-06-02T04:15:24.740+0000] {http.py:122} INFO - Poking: https://randomuser.me/
[2023-06-02T04:15:24.744+0000] {base.py:73} INFO - Using connection ID 'user_api' for task execution.
[2023-06-02T04:15:25.242+0000] {http.py:170} ERROR - HTTP error: Not Found
[2023-06-02T04:15:25.242+0000] {http.py:171} ERROR - Not Found
[2023-06-02T04:16:25.299+0000] {http.py:122} INFO - Poking: https://randomuser.me/
[2023-06-02T04:16:25.304+0000] {base.py:73} INFO - Using connection ID 'user_api' for task execution.
[2023-06-02T04:16:25.817+0000] {http.py:170} ERROR - HTTP error: Not Found
[2023-06-02T04:16:25.817+0000] {http.py:171} ERROR - Not Found
[2023-06-02T04:17:25.853+0000] {http.py:122} INFO - Poking: https://randomuser.me/
[2023-06-02T04:17:25.859+0000] {base.py:73} INFO - Using connection ID 'user_api' for task execution.
[2023-06-02T04:17:26.335+0000] {http.py:170} ERROR - HTTP error: Not Found
[2023-06-02T04:17:26.335+0000] {http.py:171} ERROR - Not Found
[2023-06-02T04:18:26.393+0000] {http.py:122} INFO - Poking: https://randomuser.me/
[2023-06-02T04:18:26.399+0000] {base.py:73} INFO - Using connection ID 'user_api' for task execution.
[2023-06-02T04:18:26.904+0000] {http.py:170} ERROR - HTTP error: Not Found
[2023-06-02T04:18:26.904+0000] {http.py:171} ERROR - Not Found
[2023-06-02T04:19:26.965+0000] {http.py:122} INFO - Poking: https://randomuser.me/
[2023-06-02T04:19:26.970+0000] {base.py:73} INFO - Using connection ID 'user_api' for task execution.
[2023-06-02T04:19:27.466+0000] {http.py:170} ERROR - HTTP error: Not Found
[2023-06-02T04:19:27.466+0000] {http.py:171} ERROR - Not Found
[2023-06-02T04:20:27.527+0000] {http.py:122} INFO - Poking: https://randomuser.me/
[2023-06-02T04:20:27.532+0000] {base.py:73} INFO - Using connection ID 'user_api' for task execution.
[2023-06-02T04:20:28.039+0000] {http.py:170} ERROR - HTTP error: Not Found
[2023-06-02T04:20:28.039+0000] {http.py:171} ERROR - Not Found
[2023-06-02T04:21:28.097+0000] {http.py:122} INFO - Poking: https://randomuser.me/
[2023-06-02T04:21:28.102+0000] {base.py:73} INFO - Using connection ID 'user_api' for task execution.
[2023-06-02T04:21:28.590+0000] {http.py:170} ERROR - HTTP error: Not Found
[2023-06-02T04:21:28.591+0000] {http.py:171} ERROR - Not Found
[2023-06-02T04:22:28.643+0000] {http.py:122} INFO - Poking: https://randomuser.me/
[2023-06-02T04:22:28.648+0000] {base.py:73} INFO - Using connection ID 'user_api' for task execution.
[2023-06-02T04:22:29.124+0000] {http.py:170} ERROR - HTTP error: Not Found
[2023-06-02T04:22:29.124+0000] {http.py:171} ERROR - Not Found
[2023-06-02T04:23:29.185+0000] {http.py:122} INFO - Poking: https://randomuser.me/
[2023-06-02T04:23:29.190+0000] {base.py:73} INFO - Using connection ID 'user_api' for task execution.
[2023-06-02T04:23:29.692+0000] {http.py:170} ERROR - HTTP error: Not Found
[2023-06-02T04:23:29.692+0000] {http.py:171} ERROR - Not Found
[2023-06-02T04:24:29.749+0000] {http.py:122} INFO - Poking: https://randomuser.me/
[2023-06-02T04:24:29.754+0000] {base.py:73} INFO - Using connection ID 'user_api' for task execution.
[2023-06-02T04:24:30.225+0000] {http.py:170} ERROR - HTTP error: Not Found
[2023-06-02T04:24:30.226+0000] {http.py:171} ERROR - Not Found
[2023-06-02T04:25:30.287+0000] {http.py:122} INFO - Poking: https://randomuser.me/
[2023-06-02T04:25:30.292+0000] {base.py:73} INFO - Using connection ID 'user_api' for task execution.
[2023-06-02T04:25:30.770+0000] {http.py:170} ERROR - HTTP error: Not Found
[2023-06-02T04:25:30.771+0000] {http.py:171} ERROR - Not Found
[2023-06-02T04:26:30.830+0000] {http.py:122} INFO - Poking: https://randomuser.me/
[2023-06-02T04:26:30.836+0000] {base.py:73} INFO - Using connection ID 'user_api' for task execution.
[2023-06-02T04:26:31.307+0000] {http.py:170} ERROR - HTTP error: Not Found
[2023-06-02T04:26:31.307+0000] {http.py:171} ERROR - Not Found
[2023-06-02T04:27:31.368+0000] {http.py:122} INFO - Poking: https://randomuser.me/
[2023-06-02T04:27:31.374+0000] {base.py:73} INFO - Using connection ID 'user_api' for task execution.
[2023-06-02T04:27:32.577+0000] {http.py:170} ERROR - HTTP error: Not Found
[2023-06-02T04:27:32.578+0000] {http.py:171} ERROR - Not Found
[2023-06-02T04:28:32.637+0000] {http.py:122} INFO - Poking: https://randomuser.me/
[2023-06-02T04:28:32.643+0000] {base.py:73} INFO - Using connection ID 'user_api' for task execution.
[2023-06-02T04:28:33.166+0000] {http.py:170} ERROR - HTTP error: Not Found
[2023-06-02T04:28:33.167+0000] {http.py:171} ERROR - Not Found
[2023-06-02T04:29:33.228+0000] {http.py:122} INFO - Poking: https://randomuser.me/
[2023-06-02T04:29:33.233+0000] {base.py:73} INFO - Using connection ID 'user_api' for task execution.
[2023-06-02T04:29:33.762+0000] {http.py:170} ERROR - HTTP error: Not Found
[2023-06-02T04:29:33.762+0000] {http.py:171} ERROR - Not Found
[2023-06-02T04:30:33.777+0000] {http.py:122} INFO - Poking: https://randomuser.me/
[2023-06-02T04:30:33.783+0000] {base.py:73} INFO - Using connection ID 'user_api' for task execution.
[2023-06-02T04:30:34.275+0000] {http.py:170} ERROR - HTTP error: Not Found
[2023-06-02T04:30:34.276+0000] {http.py:171} ERROR - Not Found
[2023-06-02T04:31:34.322+0000] {http.py:122} INFO - Poking: https://randomuser.me/
[2023-06-02T04:31:34.328+0000] {base.py:73} INFO - Using connection ID 'user_api' for task execution.
[2023-06-02T04:31:34.806+0000] {http.py:170} ERROR - HTTP error: Not Found
[2023-06-02T04:31:34.807+0000] {http.py:171} ERROR - Not Found
[2023-06-02T04:32:34.865+0000] {http.py:122} INFO - Poking: https://randomuser.me/
[2023-06-02T04:32:34.870+0000] {base.py:73} INFO - Using connection ID 'user_api' for task execution.
[2023-06-02T04:32:35.379+0000] {http.py:170} ERROR - HTTP error: Not Found
[2023-06-02T04:32:35.379+0000] {http.py:171} ERROR - Not Found
[2023-06-02T04:33:35.437+0000] {http.py:122} INFO - Poking: https://randomuser.me/
[2023-06-02T04:33:35.442+0000] {base.py:73} INFO - Using connection ID 'user_api' for task execution.
[2023-06-02T04:33:35.913+0000] {http.py:170} ERROR - HTTP error: Not Found
[2023-06-02T04:33:35.913+0000] {http.py:171} ERROR - Not Found
[2023-06-02T04:34:35.975+0000] {http.py:122} INFO - Poking: https://randomuser.me/
[2023-06-02T04:34:35.979+0000] {base.py:73} INFO - Using connection ID 'user_api' for task execution.
[2023-06-02T04:34:36.453+0000] {http.py:170} ERROR - HTTP error: Not Found
[2023-06-02T04:34:36.453+0000] {http.py:171} ERROR - Not Found
[2023-06-02T04:35:36.513+0000] {http.py:122} INFO - Poking: https://randomuser.me/
[2023-06-02T04:35:36.520+0000] {base.py:73} INFO - Using connection ID 'user_api' for task execution.
[2023-06-02T04:35:37.019+0000] {http.py:170} ERROR - HTTP error: Not Found
[2023-06-02T04:35:37.019+0000] {http.py:171} ERROR - Not Found
[2023-06-02T04:36:37.081+0000] {http.py:122} INFO - Poking: https://randomuser.me/
[2023-06-02T04:36:37.086+0000] {base.py:73} INFO - Using connection ID 'user_api' for task execution.
[2023-06-02T04:36:42.873+0000] {http.py:170} ERROR - HTTP error: Not Found
[2023-06-02T04:36:42.873+0000] {http.py:171} ERROR - Not Found
[2023-06-02T04:37:42.933+0000] {http.py:122} INFO - Poking: https://randomuser.me/
[2023-06-02T04:37:42.939+0000] {base.py:73} INFO - Using connection ID 'user_api' for task execution.
[2023-06-02T04:37:43.431+0000] {http.py:170} ERROR - HTTP error: Not Found
[2023-06-02T04:37:43.431+0000] {http.py:171} ERROR - Not Found
[2023-06-02T04:38:43.489+0000] {http.py:122} INFO - Poking: https://randomuser.me/
[2023-06-02T04:38:43.495+0000] {base.py:73} INFO - Using connection ID 'user_api' for task execution.
[2023-06-02T04:38:43.973+0000] {http.py:170} ERROR - HTTP error: Not Found
[2023-06-02T04:38:43.973+0000] {http.py:171} ERROR - Not Found
[2023-06-02T04:39:44.033+0000] {http.py:122} INFO - Poking: https://randomuser.me/
[2023-06-02T04:39:44.038+0000] {base.py:73} INFO - Using connection ID 'user_api' for task execution.
[2023-06-02T04:39:44.603+0000] {http.py:170} ERROR - HTTP error: Not Found
[2023-06-02T04:39:44.604+0000] {http.py:171} ERROR - Not Found
[2023-06-02T04:40:44.661+0000] {http.py:122} INFO - Poking: https://randomuser.me/
[2023-06-02T04:40:44.667+0000] {base.py:73} INFO - Using connection ID 'user_api' for task execution.
[2023-06-02T04:40:45.153+0000] {http.py:170} ERROR - HTTP error: Not Found
[2023-06-02T04:40:45.153+0000] {http.py:171} ERROR - Not Found
[2023-06-02T04:41:45.215+0000] {http.py:122} INFO - Poking: https://randomuser.me/
[2023-06-02T04:41:45.221+0000] {base.py:73} INFO - Using connection ID 'user_api' for task execution.
[2023-06-02T04:41:45.721+0000] {http.py:170} ERROR - HTTP error: Not Found
[2023-06-02T04:41:45.722+0000] {http.py:171} ERROR - Not Found
[2023-06-02T04:42:45.783+0000] {http.py:122} INFO - Poking: https://randomuser.me/
[2023-06-02T04:42:45.788+0000] {base.py:73} INFO - Using connection ID 'user_api' for task execution.
[2023-06-02T04:42:46.264+0000] {http.py:170} ERROR - HTTP error: Not Found
[2023-06-02T04:42:46.264+0000] {http.py:171} ERROR - Not Found
[2023-06-02T04:43:46.324+0000] {http.py:122} INFO - Poking: https://randomuser.me/
[2023-06-02T04:43:46.329+0000] {base.py:73} INFO - Using connection ID 'user_api' for task execution.
[2023-06-02T04:43:46.800+0000] {http.py:170} ERROR - HTTP error: Not Found
[2023-06-02T04:43:46.801+0000] {http.py:171} ERROR - Not Found
[2023-06-02T04:44:46.862+0000] {http.py:122} INFO - Poking: https://randomuser.me/
[2023-06-02T04:44:46.867+0000] {base.py:73} INFO - Using connection ID 'user_api' for task execution.
[2023-06-02T04:44:47.361+0000] {http.py:170} ERROR - HTTP error: Not Found
[2023-06-02T04:44:47.361+0000] {http.py:171} ERROR - Not Found
[2023-06-02T04:45:47.421+0000] {http.py:122} INFO - Poking: https://randomuser.me/
[2023-06-02T04:45:47.426+0000] {base.py:73} INFO - Using connection ID 'user_api' for task execution.
[2023-06-02T04:45:47.924+0000] {http.py:170} ERROR - HTTP error: Not Found
[2023-06-02T04:45:47.924+0000] {http.py:171} ERROR - Not Found
[2023-06-02T04:46:47.981+0000] {http.py:122} INFO - Poking: https://randomuser.me/
[2023-06-02T04:46:47.986+0000] {base.py:73} INFO - Using connection ID 'user_api' for task execution.
[2023-06-02T04:46:48.467+0000] {http.py:170} ERROR - HTTP error: Not Found
[2023-06-02T04:46:48.467+0000] {http.py:171} ERROR - Not Found
[2023-06-02T04:47:48.528+0000] {http.py:122} INFO - Poking: https://randomuser.me/
[2023-06-02T04:47:48.533+0000] {base.py:73} INFO - Using connection ID 'user_api' for task execution.
[2023-06-02T04:47:49.022+0000] {http.py:170} ERROR - HTTP error: Not Found
[2023-06-02T04:47:49.022+0000] {http.py:171} ERROR - Not Found
[2023-06-02T04:48:49.081+0000] {http.py:122} INFO - Poking: https://randomuser.me/
[2023-06-02T04:48:49.086+0000] {base.py:73} INFO - Using connection ID 'user_api' for task execution.
[2023-06-02T04:48:49.579+0000] {http.py:170} ERROR - HTTP error: Not Found
[2023-06-02T04:48:49.579+0000] {http.py:171} ERROR - Not Found
[2023-06-02T04:49:49.626+0000] {http.py:122} INFO - Poking: https://randomuser.me/
[2023-06-02T04:49:49.631+0000] {base.py:73} INFO - Using connection ID 'user_api' for task execution.
[2023-06-02T04:49:50.095+0000] {http.py:170} ERROR - HTTP error: Not Found
[2023-06-02T04:49:50.095+0000] {http.py:171} ERROR - Not Found
[2023-06-02T04:50:50.153+0000] {http.py:122} INFO - Poking: https://randomuser.me/
[2023-06-02T04:50:50.159+0000] {base.py:73} INFO - Using connection ID 'user_api' for task execution.
[2023-06-02T04:50:50.650+0000] {http.py:170} ERROR - HTTP error: Not Found
[2023-06-02T04:50:50.650+0000] {http.py:171} ERROR - Not Found
[2023-06-02T04:51:50.709+0000] {http.py:122} INFO - Poking: https://randomuser.me/
[2023-06-02T04:51:50.714+0000] {base.py:73} INFO - Using connection ID 'user_api' for task execution.
[2023-06-02T04:51:51.186+0000] {http.py:170} ERROR - HTTP error: Not Found
[2023-06-02T04:51:51.187+0000] {http.py:171} ERROR - Not Found
