[2023-05-27T00:00:01.515+0000] {taskinstance.py:1090} INFO - Dependencies all met for dep_context=non-requeueable deps ti=<TaskInstance: example_bash_operator.runme_0 scheduled__2023-05-26T00:00:00+00:00 [queued]>
[2023-05-27T00:00:01.521+0000] {taskinstance.py:1090} INFO - Dependencies all met for dep_context=requeueable deps ti=<TaskInstance: example_bash_operator.runme_0 scheduled__2023-05-26T00:00:00+00:00 [queued]>
[2023-05-27T00:00:01.522+0000] {taskinstance.py:1288} INFO - 
--------------------------------------------------------------------------------
[2023-05-27T00:00:01.522+0000] {taskinstance.py:1289} INFO - Starting attempt 1 of 1
[2023-05-27T00:00:01.522+0000] {taskinstance.py:1290} INFO - 
--------------------------------------------------------------------------------
[2023-05-27T00:00:01.532+0000] {taskinstance.py:1309} INFO - Executing <Task(BashOperator): runme_0> on 2023-05-26 00:00:00+00:00
[2023-05-27T00:00:01.536+0000] {standard_task_runner.py:55} INFO - Started process 527968 to run task
[2023-05-27T00:00:01.538+0000] {standard_task_runner.py:82} INFO - Running: ['***', 'tasks', 'run', 'example_bash_operator', 'runme_0', 'scheduled__2023-05-26T00:00:00+00:00', '--job-id', '553', '--raw', '--subdir', '/home/***/.local/lib/python3.7/site-packages/***/example_dags/example_bash_operator.py', '--cfg-path', '/tmp/tmpzg20w840']
[2023-05-27T00:00:01.539+0000] {standard_task_runner.py:83} INFO - Job 553: Subtask runme_0
[2023-05-27T00:00:01.590+0000] {task_command.py:389} INFO - Running <TaskInstance: example_bash_operator.runme_0 scheduled__2023-05-26T00:00:00+00:00 [running]> on host 1f05588790e0
[2023-05-27T00:00:01.644+0000] {taskinstance.py:1518} INFO - Exporting the following env vars:
AIRFLOW_CTX_DAG_OWNER=***
AIRFLOW_CTX_DAG_ID=example_bash_operator
AIRFLOW_CTX_TASK_ID=runme_0
AIRFLOW_CTX_EXECUTION_DATE=2023-05-26T00:00:00+00:00
AIRFLOW_CTX_TRY_NUMBER=1
AIRFLOW_CTX_DAG_RUN_ID=scheduled__2023-05-26T00:00:00+00:00
[2023-05-27T00:00:01.645+0000] {subprocess.py:63} INFO - Tmp dir root location: 
 /tmp
[2023-05-27T00:00:01.645+0000] {subprocess.py:75} INFO - Running command: ['/bin/bash', '-c', 'echo "example_bash_operator__runme_0__20230526" && sleep 1']
[2023-05-27T00:00:01.655+0000] {subprocess.py:86} INFO - Output:
[2023-05-27T00:00:01.657+0000] {subprocess.py:93} INFO - example_bash_operator__runme_0__20230526
[2023-05-27T00:00:02.658+0000] {subprocess.py:97} INFO - Command exited with return code 0
[2023-05-27T00:00:02.680+0000] {taskinstance.py:1332} INFO - Marking task as SUCCESS. dag_id=example_bash_operator, task_id=runme_0, execution_date=20230526T000000, start_date=20230527T000001, end_date=20230527T000002
[2023-05-27T00:00:02.714+0000] {local_task_job.py:212} INFO - Task exited with return code 0
[2023-05-27T00:00:02.738+0000] {taskinstance.py:2596} INFO - 0 downstream tasks scheduled from follow-on schedule check
