[2023-04-23T00:00:02.207+0000] {taskinstance.py:1090} INFO - Dependencies all met for dep_context=non-requeueable deps ti=<TaskInstance: example_bash_operator.runme_2 scheduled__2023-04-22T00:00:00+00:00 [queued]>
[2023-04-23T00:00:02.215+0000] {taskinstance.py:1090} INFO - Dependencies all met for dep_context=requeueable deps ti=<TaskInstance: example_bash_operator.runme_2 scheduled__2023-04-22T00:00:00+00:00 [queued]>
[2023-04-23T00:00:02.215+0000] {taskinstance.py:1288} INFO - 
--------------------------------------------------------------------------------
[2023-04-23T00:00:02.216+0000] {taskinstance.py:1289} INFO - Starting attempt 1 of 1
[2023-04-23T00:00:02.216+0000] {taskinstance.py:1290} INFO - 
--------------------------------------------------------------------------------
[2023-04-23T00:00:02.245+0000] {taskinstance.py:1309} INFO - Executing <Task(BashOperator): runme_2> on 2023-04-22 00:00:00+00:00
[2023-04-23T00:00:02.254+0000] {standard_task_runner.py:55} INFO - Started process 922391 to run task
[2023-04-23T00:00:02.268+0000] {standard_task_runner.py:82} INFO - Running: ['***', 'tasks', 'run', 'example_bash_operator', 'runme_2', 'scheduled__2023-04-22T00:00:00+00:00', '--job-id', '200', '--raw', '--subdir', '/home/***/.local/lib/python3.7/site-packages/***/example_dags/example_bash_operator.py', '--cfg-path', '/tmp/tmphwcwb8go']
[2023-04-23T00:00:02.272+0000] {standard_task_runner.py:83} INFO - Job 200: Subtask runme_2
[2023-04-23T00:00:02.390+0000] {task_command.py:389} INFO - Running <TaskInstance: example_bash_operator.runme_2 scheduled__2023-04-22T00:00:00+00:00 [running]> on host 1f05588790e0
[2023-04-23T00:00:02.539+0000] {taskinstance.py:1518} INFO - Exporting the following env vars:
AIRFLOW_CTX_DAG_OWNER=***
AIRFLOW_CTX_DAG_ID=example_bash_operator
AIRFLOW_CTX_TASK_ID=runme_2
AIRFLOW_CTX_EXECUTION_DATE=2023-04-22T00:00:00+00:00
AIRFLOW_CTX_TRY_NUMBER=1
AIRFLOW_CTX_DAG_RUN_ID=scheduled__2023-04-22T00:00:00+00:00
[2023-04-23T00:00:02.541+0000] {subprocess.py:63} INFO - Tmp dir root location: 
 /tmp
[2023-04-23T00:00:02.541+0000] {subprocess.py:75} INFO - Running command: ['/bin/bash', '-c', 'echo "example_bash_operator__runme_2__20230422" && sleep 1']
[2023-04-23T00:00:02.564+0000] {subprocess.py:86} INFO - Output:
[2023-04-23T00:00:02.567+0000] {subprocess.py:93} INFO - example_bash_operator__runme_2__20230422
[2023-04-23T00:00:03.577+0000] {subprocess.py:97} INFO - Command exited with return code 0
[2023-04-23T00:00:03.601+0000] {taskinstance.py:1332} INFO - Marking task as SUCCESS. dag_id=example_bash_operator, task_id=runme_2, execution_date=20230422T000000, start_date=20230423T000002, end_date=20230423T000003
[2023-04-23T00:00:03.638+0000] {local_task_job.py:212} INFO - Task exited with return code 0
[2023-04-23T00:00:03.657+0000] {taskinstance.py:2596} INFO - 0 downstream tasks scheduled from follow-on schedule check
