[2023-03-30T19:52:02.311+0000] {taskinstance.py:1084} INFO - Dependencies all met for dep_context=non-requeueable deps ti=<TaskInstance: example_bash_operator.also_run_this manual__2023-03-30T19:52:01.165304+00:00 [queued]>
[2023-03-30T19:52:02.320+0000] {taskinstance.py:1084} INFO - Dependencies all met for dep_context=requeueable deps ti=<TaskInstance: example_bash_operator.also_run_this manual__2023-03-30T19:52:01.165304+00:00 [queued]>
[2023-03-30T19:52:02.320+0000] {taskinstance.py:1282} INFO - 
--------------------------------------------------------------------------------
[2023-03-30T19:52:02.320+0000] {taskinstance.py:1283} INFO - Starting attempt 1 of 1
[2023-03-30T19:52:02.321+0000] {taskinstance.py:1284} INFO - 
--------------------------------------------------------------------------------
[2023-03-30T19:52:02.333+0000] {taskinstance.py:1303} INFO - Executing <Task(BashOperator): also_run_this> on 2023-03-30 19:52:01.165304+00:00
[2023-03-30T19:52:02.338+0000] {standard_task_runner.py:55} INFO - Started process 1048 to run task
[2023-03-30T19:52:02.341+0000] {standard_task_runner.py:82} INFO - Running: ['***', 'tasks', 'run', 'example_bash_operator', 'also_run_this', 'manual__2023-03-30T19:52:01.165304+00:00', '--job-id', '20', '--raw', '--subdir', '/home/***/.local/lib/python3.7/site-packages/***/example_dags/example_bash_operator.py', '--cfg-path', '/tmp/tmp5xc9vrtq']
[2023-03-30T19:52:02.341+0000] {standard_task_runner.py:83} INFO - Job 20: Subtask also_run_this
[2023-03-30T19:52:02.420+0000] {task_command.py:388} INFO - Running <TaskInstance: example_bash_operator.also_run_this manual__2023-03-30T19:52:01.165304+00:00 [running]> on host 6df12c506b74
[2023-03-30T19:52:02.505+0000] {taskinstance.py:1511} INFO - Exporting the following env vars:
AIRFLOW_CTX_DAG_OWNER=***
AIRFLOW_CTX_DAG_ID=example_bash_operator
AIRFLOW_CTX_TASK_ID=also_run_this
AIRFLOW_CTX_EXECUTION_DATE=2023-03-30T19:52:01.165304+00:00
AIRFLOW_CTX_TRY_NUMBER=1
AIRFLOW_CTX_DAG_RUN_ID=manual__2023-03-30T19:52:01.165304+00:00
[2023-03-30T19:52:02.506+0000] {subprocess.py:63} INFO - Tmp dir root location: 
 /tmp
[2023-03-30T19:52:02.506+0000] {subprocess.py:75} INFO - Running command: ['/bin/bash', '-c', 'echo "ti_key=example_bash_operator__also_run_this__20230330"']
[2023-03-30T19:52:02.513+0000] {subprocess.py:86} INFO - Output:
[2023-03-30T19:52:02.514+0000] {subprocess.py:93} INFO - ti_key=example_bash_operator__also_run_this__20230330
[2023-03-30T19:52:02.515+0000] {subprocess.py:97} INFO - Command exited with return code 0
[2023-03-30T19:52:02.537+0000] {taskinstance.py:1326} INFO - Marking task as SUCCESS. dag_id=example_bash_operator, task_id=also_run_this, execution_date=20230330T195201, start_date=20230330T195202, end_date=20230330T195202
[2023-03-30T19:52:02.560+0000] {local_task_job.py:212} INFO - Task exited with return code 0
[2023-03-30T19:52:02.582+0000] {taskinstance.py:2585} INFO - 0 downstream tasks scheduled from follow-on schedule check
