[2023-04-11T00:00:01.329+0000] {taskinstance.py:1090} INFO - Dependencies all met for dep_context=non-requeueable deps ti=<TaskInstance: example_bash_operator.runme_1 scheduled__2023-04-10T00:00:00+00:00 [queued]>
[2023-04-11T00:00:01.338+0000] {taskinstance.py:1090} INFO - Dependencies all met for dep_context=requeueable deps ti=<TaskInstance: example_bash_operator.runme_1 scheduled__2023-04-10T00:00:00+00:00 [queued]>
[2023-04-11T00:00:01.338+0000] {taskinstance.py:1288} INFO - 
--------------------------------------------------------------------------------
[2023-04-11T00:00:01.339+0000] {taskinstance.py:1289} INFO - Starting attempt 1 of 1
[2023-04-11T00:00:01.339+0000] {taskinstance.py:1290} INFO - 
--------------------------------------------------------------------------------
[2023-04-11T00:00:01.352+0000] {taskinstance.py:1309} INFO - Executing <Task(BashOperator): runme_1> on 2023-04-10 00:00:00+00:00
[2023-04-11T00:00:01.357+0000] {standard_task_runner.py:55} INFO - Started process 388042 to run task
[2023-04-11T00:00:01.359+0000] {standard_task_runner.py:82} INFO - Running: ['***', 'tasks', 'run', 'example_bash_operator', 'runme_1', 'scheduled__2023-04-10T00:00:00+00:00', '--job-id', '91', '--raw', '--subdir', '/home/***/.local/lib/python3.7/site-packages/***/example_dags/example_bash_operator.py', '--cfg-path', '/tmp/tmp0y9dh7a9']
[2023-04-11T00:00:01.360+0000] {standard_task_runner.py:83} INFO - Job 91: Subtask runme_1
[2023-04-11T00:00:01.448+0000] {task_command.py:389} INFO - Running <TaskInstance: example_bash_operator.runme_1 scheduled__2023-04-10T00:00:00+00:00 [running]> on host 1f05588790e0
[2023-04-11T00:00:01.517+0000] {taskinstance.py:1518} INFO - Exporting the following env vars:
AIRFLOW_CTX_DAG_OWNER=***
AIRFLOW_CTX_DAG_ID=example_bash_operator
AIRFLOW_CTX_TASK_ID=runme_1
AIRFLOW_CTX_EXECUTION_DATE=2023-04-10T00:00:00+00:00
AIRFLOW_CTX_TRY_NUMBER=1
AIRFLOW_CTX_DAG_RUN_ID=scheduled__2023-04-10T00:00:00+00:00
[2023-04-11T00:00:01.520+0000] {subprocess.py:63} INFO - Tmp dir root location: 
 /tmp
[2023-04-11T00:00:01.520+0000] {subprocess.py:75} INFO - Running command: ['/bin/bash', '-c', 'echo "example_bash_operator__runme_1__20230410" && sleep 1']
[2023-04-11T00:00:01.533+0000] {subprocess.py:86} INFO - Output:
[2023-04-11T00:00:01.535+0000] {subprocess.py:93} INFO - example_bash_operator__runme_1__20230410
[2023-04-11T00:00:02.536+0000] {subprocess.py:97} INFO - Command exited with return code 0
[2023-04-11T00:00:02.562+0000] {taskinstance.py:1332} INFO - Marking task as SUCCESS. dag_id=example_bash_operator, task_id=runme_1, execution_date=20230410T000000, start_date=20230411T000001, end_date=20230411T000002
[2023-04-11T00:00:02.615+0000] {local_task_job.py:212} INFO - Task exited with return code 0
[2023-04-11T00:00:02.630+0000] {taskinstance.py:2596} INFO - 0 downstream tasks scheduled from follow-on schedule check
