[2023-04-22T00:00:03.870+0000] {taskinstance.py:1090} INFO - Dependencies all met for dep_context=non-requeueable deps ti=<TaskInstance: example_bash_operator.also_run_this scheduled__2023-04-21T00:00:00+00:00 [queued]>
[2023-04-22T00:00:03.879+0000] {taskinstance.py:1090} INFO - Dependencies all met for dep_context=requeueable deps ti=<TaskInstance: example_bash_operator.also_run_this scheduled__2023-04-21T00:00:00+00:00 [queued]>
[2023-04-22T00:00:03.880+0000] {taskinstance.py:1288} INFO - 
--------------------------------------------------------------------------------
[2023-04-22T00:00:03.882+0000] {taskinstance.py:1289} INFO - Starting attempt 1 of 1
[2023-04-22T00:00:03.883+0000] {taskinstance.py:1290} INFO - 
--------------------------------------------------------------------------------
[2023-04-22T00:00:03.902+0000] {taskinstance.py:1309} INFO - Executing <Task(BashOperator): also_run_this> on 2023-04-21 00:00:00+00:00
[2023-04-22T00:00:03.907+0000] {standard_task_runner.py:55} INFO - Started process 878536 to run task
[2023-04-22T00:00:03.910+0000] {standard_task_runner.py:82} INFO - Running: ['***', 'tasks', 'run', 'example_bash_operator', 'also_run_this', 'scheduled__2023-04-21T00:00:00+00:00', '--job-id', '194', '--raw', '--subdir', '/home/***/.local/lib/python3.7/site-packages/***/example_dags/example_bash_operator.py', '--cfg-path', '/tmp/tmp1wh355hf']
[2023-04-22T00:00:03.912+0000] {standard_task_runner.py:83} INFO - Job 194: Subtask also_run_this
[2023-04-22T00:00:04.073+0000] {task_command.py:389} INFO - Running <TaskInstance: example_bash_operator.also_run_this scheduled__2023-04-21T00:00:00+00:00 [running]> on host 1f05588790e0
[2023-04-22T00:00:04.184+0000] {taskinstance.py:1518} INFO - Exporting the following env vars:
AIRFLOW_CTX_DAG_OWNER=***
AIRFLOW_CTX_DAG_ID=example_bash_operator
AIRFLOW_CTX_TASK_ID=also_run_this
AIRFLOW_CTX_EXECUTION_DATE=2023-04-21T00:00:00+00:00
AIRFLOW_CTX_TRY_NUMBER=1
AIRFLOW_CTX_DAG_RUN_ID=scheduled__2023-04-21T00:00:00+00:00
[2023-04-22T00:00:04.186+0000] {subprocess.py:63} INFO - Tmp dir root location: 
 /tmp
[2023-04-22T00:00:04.187+0000] {subprocess.py:75} INFO - Running command: ['/bin/bash', '-c', 'echo "ti_key=example_bash_operator__also_run_this__20230421"']
[2023-04-22T00:00:04.197+0000] {subprocess.py:86} INFO - Output:
[2023-04-22T00:00:04.199+0000] {subprocess.py:93} INFO - ti_key=example_bash_operator__also_run_this__20230421
[2023-04-22T00:00:04.200+0000] {subprocess.py:97} INFO - Command exited with return code 0
[2023-04-22T00:00:04.222+0000] {taskinstance.py:1332} INFO - Marking task as SUCCESS. dag_id=example_bash_operator, task_id=also_run_this, execution_date=20230421T000000, start_date=20230422T000003, end_date=20230422T000004
[2023-04-22T00:00:04.246+0000] {local_task_job.py:212} INFO - Task exited with return code 0
[2023-04-22T00:00:04.266+0000] {taskinstance.py:2596} INFO - 0 downstream tasks scheduled from follow-on schedule check
