[2023-04-02T07:09:57.070+0000] {taskinstance.py:1090} INFO - Dependencies all met for dep_context=non-requeueable deps ti=<TaskInstance: example_bash_operator.runme_1 manual__2023-04-02T07:09:55.828519+00:00 [queued]>
[2023-04-02T07:09:57.082+0000] {taskinstance.py:1090} INFO - Dependencies all met for dep_context=requeueable deps ti=<TaskInstance: example_bash_operator.runme_1 manual__2023-04-02T07:09:55.828519+00:00 [queued]>
[2023-04-02T07:09:57.083+0000] {taskinstance.py:1288} INFO - 
--------------------------------------------------------------------------------
[2023-04-02T07:09:57.083+0000] {taskinstance.py:1289} INFO - Starting attempt 1 of 1
[2023-04-02T07:09:57.083+0000] {taskinstance.py:1290} INFO - 
--------------------------------------------------------------------------------
[2023-04-02T07:09:57.105+0000] {taskinstance.py:1309} INFO - Executing <Task(BashOperator): runme_1> on 2023-04-02 07:09:55.828519+00:00
[2023-04-02T07:09:57.113+0000] {standard_task_runner.py:55} INFO - Started process 1381 to run task
[2023-04-02T07:09:57.116+0000] {standard_task_runner.py:82} INFO - Running: ['***', 'tasks', 'run', 'example_bash_operator', 'runme_1', 'manual__2023-04-02T07:09:55.828519+00:00', '--job-id', '11', '--raw', '--subdir', '/home/***/.local/lib/python3.7/site-packages/***/example_dags/example_bash_operator.py', '--cfg-path', '/tmp/tmp5p_siu9g']
[2023-04-02T07:09:57.117+0000] {standard_task_runner.py:83} INFO - Job 11: Subtask runme_1
[2023-04-02T07:09:57.189+0000] {task_command.py:389} INFO - Running <TaskInstance: example_bash_operator.runme_1 manual__2023-04-02T07:09:55.828519+00:00 [running]> on host 1f05588790e0
[2023-04-02T07:09:57.260+0000] {taskinstance.py:1518} INFO - Exporting the following env vars:
AIRFLOW_CTX_DAG_OWNER=***
AIRFLOW_CTX_DAG_ID=example_bash_operator
AIRFLOW_CTX_TASK_ID=runme_1
AIRFLOW_CTX_EXECUTION_DATE=2023-04-02T07:09:55.828519+00:00
AIRFLOW_CTX_TRY_NUMBER=1
AIRFLOW_CTX_DAG_RUN_ID=manual__2023-04-02T07:09:55.828519+00:00
[2023-04-02T07:09:57.261+0000] {subprocess.py:63} INFO - Tmp dir root location: 
 /tmp
[2023-04-02T07:09:57.262+0000] {subprocess.py:75} INFO - Running command: ['/bin/bash', '-c', 'echo "example_bash_operator__runme_1__20230402" && sleep 1']
[2023-04-02T07:09:57.271+0000] {subprocess.py:86} INFO - Output:
[2023-04-02T07:09:57.272+0000] {subprocess.py:93} INFO - example_bash_operator__runme_1__20230402
[2023-04-02T07:09:58.273+0000] {subprocess.py:97} INFO - Command exited with return code 0
[2023-04-02T07:09:58.294+0000] {taskinstance.py:1332} INFO - Marking task as SUCCESS. dag_id=example_bash_operator, task_id=runme_1, execution_date=20230402T070955, start_date=20230402T070957, end_date=20230402T070958
[2023-04-02T07:09:58.333+0000] {local_task_job.py:212} INFO - Task exited with return code 0
[2023-04-02T07:09:58.349+0000] {taskinstance.py:2596} INFO - 0 downstream tasks scheduled from follow-on schedule check
