[2023-04-02T00:00:00.438+0000] {taskinstance.py:1084} INFO - Dependencies all met for dep_context=non-requeueable deps ti=<TaskInstance: our_first_dag_v2.first_task scheduled__2023-04-01T00:00:00+00:00 [queued]>
[2023-04-02T00:00:00.444+0000] {taskinstance.py:1084} INFO - Dependencies all met for dep_context=requeueable deps ti=<TaskInstance: our_first_dag_v2.first_task scheduled__2023-04-01T00:00:00+00:00 [queued]>
[2023-04-02T00:00:00.444+0000] {taskinstance.py:1282} INFO - 
--------------------------------------------------------------------------------
[2023-04-02T00:00:00.445+0000] {taskinstance.py:1283} INFO - Starting attempt 1 of 6
[2023-04-02T00:00:00.445+0000] {taskinstance.py:1284} INFO - 
--------------------------------------------------------------------------------
[2023-04-02T00:00:00.455+0000] {taskinstance.py:1303} INFO - Executing <Task(BashOperator): first_task> on 2023-04-01 00:00:00+00:00
[2023-04-02T00:00:00.459+0000] {standard_task_runner.py:55} INFO - Started process 77302 to run task
[2023-04-02T00:00:00.461+0000] {standard_task_runner.py:82} INFO - Running: ['***', 'tasks', 'run', 'our_first_dag_v2', 'first_task', 'scheduled__2023-04-01T00:00:00+00:00', '--job-id', '3', '--raw', '--subdir', 'DAGS_FOLDER/our_first_dag.py', '--cfg-path', '/tmp/tmpzyl3a6lt']
[2023-04-02T00:00:00.462+0000] {standard_task_runner.py:83} INFO - Job 3: Subtask first_task
[2023-04-02T00:00:00.507+0000] {task_command.py:388} INFO - Running <TaskInstance: our_first_dag_v2.first_task scheduled__2023-04-01T00:00:00+00:00 [running]> on host 6a9b145ea241
[2023-04-02T00:00:00.560+0000] {taskinstance.py:1511} INFO - Exporting the following env vars:
AIRFLOW_CTX_DAG_OWNER=gvinay
AIRFLOW_CTX_DAG_ID=our_first_dag_v2
AIRFLOW_CTX_TASK_ID=first_task
AIRFLOW_CTX_EXECUTION_DATE=2023-04-01T00:00:00+00:00
AIRFLOW_CTX_TRY_NUMBER=1
AIRFLOW_CTX_DAG_RUN_ID=scheduled__2023-04-01T00:00:00+00:00
[2023-04-02T00:00:00.560+0000] {subprocess.py:63} INFO - Tmp dir root location: 
 /tmp
[2023-04-02T00:00:00.561+0000] {subprocess.py:75} INFO - Running command: ['/bin/bash', '-c', 'echo hello world, this is the first task']
[2023-04-02T00:00:00.571+0000] {subprocess.py:86} INFO - Output:
[2023-04-02T00:00:00.573+0000] {subprocess.py:93} INFO - hello world, this is the first task
[2023-04-02T00:00:00.573+0000] {subprocess.py:97} INFO - Command exited with return code 0
[2023-04-02T00:00:00.593+0000] {taskinstance.py:1326} INFO - Marking task as SUCCESS. dag_id=our_first_dag_v2, task_id=first_task, execution_date=20230401T000000, start_date=20230402T000000, end_date=20230402T000000
[2023-04-02T00:00:00.632+0000] {local_task_job.py:212} INFO - Task exited with return code 0
[2023-04-02T00:00:00.650+0000] {taskinstance.py:2585} INFO - 1 downstream tasks scheduled from follow-on schedule check
