[2023-05-08T07:20:58.333+0000] {taskinstance.py:1090} INFO - Dependencies all met for dep_context=non-requeueable deps ti=<TaskInstance: example_bash_operator.this_will_skip scheduled__2023-05-06T00:00:00+00:00 [queued]>
[2023-05-08T07:20:58.347+0000] {taskinstance.py:1090} INFO - Dependencies all met for dep_context=requeueable deps ti=<TaskInstance: example_bash_operator.this_will_skip scheduled__2023-05-06T00:00:00+00:00 [queued]>
[2023-05-08T07:20:58.347+0000] {taskinstance.py:1288} INFO - 
--------------------------------------------------------------------------------
[2023-05-08T07:20:58.347+0000] {taskinstance.py:1289} INFO - Starting attempt 1 of 1
[2023-05-08T07:20:58.347+0000] {taskinstance.py:1290} INFO - 
--------------------------------------------------------------------------------
[2023-05-08T07:20:58.357+0000] {taskinstance.py:1309} INFO - Executing <Task(BashOperator): this_will_skip> on 2023-05-06 00:00:00+00:00
[2023-05-08T07:20:58.361+0000] {standard_task_runner.py:55} INFO - Started process 85 to run task
[2023-05-08T07:20:58.365+0000] {standard_task_runner.py:82} INFO - Running: ['***', 'tasks', 'run', 'example_bash_operator', 'this_will_skip', 'scheduled__2023-05-06T00:00:00+00:00', '--job-id', '371', '--raw', '--subdir', '/home/***/.local/lib/python3.7/site-packages/***/example_dags/example_bash_operator.py', '--cfg-path', '/tmp/tmpd56ypbfu']
[2023-05-08T07:20:58.366+0000] {standard_task_runner.py:83} INFO - Job 371: Subtask this_will_skip
[2023-05-08T07:20:58.538+0000] {task_command.py:389} INFO - Running <TaskInstance: example_bash_operator.this_will_skip scheduled__2023-05-06T00:00:00+00:00 [running]> on host 1f05588790e0
[2023-05-08T07:20:58.695+0000] {taskinstance.py:1518} INFO - Exporting the following env vars:
AIRFLOW_CTX_DAG_OWNER=***
AIRFLOW_CTX_DAG_ID=example_bash_operator
AIRFLOW_CTX_TASK_ID=this_will_skip
AIRFLOW_CTX_EXECUTION_DATE=2023-05-06T00:00:00+00:00
AIRFLOW_CTX_TRY_NUMBER=1
AIRFLOW_CTX_DAG_RUN_ID=scheduled__2023-05-06T00:00:00+00:00
[2023-05-08T07:20:58.698+0000] {subprocess.py:63} INFO - Tmp dir root location: 
 /tmp
[2023-05-08T07:20:58.698+0000] {subprocess.py:75} INFO - Running command: ['/bin/bash', '-c', 'echo "hello world"; exit 99;']
[2023-05-08T07:20:58.734+0000] {subprocess.py:86} INFO - Output:
[2023-05-08T07:20:58.734+0000] {subprocess.py:93} INFO - hello world
[2023-05-08T07:20:58.734+0000] {subprocess.py:97} INFO - Command exited with return code 99
[2023-05-08T07:20:58.735+0000] {taskinstance.py:1407} INFO - Bash command returned exit code 99. Skipping.
[2023-05-08T07:20:58.761+0000] {taskinstance.py:1332} INFO - Marking task as SKIPPED. dag_id=example_bash_operator, task_id=this_will_skip, execution_date=20230506T000000, start_date=20230508T072058, end_date=20230508T072058
[2023-05-08T07:20:58.819+0000] {local_task_job.py:212} INFO - Task exited with return code 0
[2023-05-08T07:20:58.845+0000] {taskinstance.py:2596} INFO - 0 downstream tasks scheduled from follow-on schedule check
