[2023-04-14T00:00:01.034+0000] {taskinstance.py:1090} INFO - Dependencies all met for dep_context=non-requeueable deps ti=<TaskInstance: example_bash_operator.also_run_this scheduled__2023-04-13T00:00:00+00:00 [queued]>
[2023-04-14T00:00:01.050+0000] {taskinstance.py:1090} INFO - Dependencies all met for dep_context=requeueable deps ti=<TaskInstance: example_bash_operator.also_run_this scheduled__2023-04-13T00:00:00+00:00 [queued]>
[2023-04-14T00:00:01.050+0000] {taskinstance.py:1288} INFO - 
--------------------------------------------------------------------------------
[2023-04-14T00:00:01.051+0000] {taskinstance.py:1289} INFO - Starting attempt 1 of 1
[2023-04-14T00:00:01.051+0000] {taskinstance.py:1290} INFO - 
--------------------------------------------------------------------------------
[2023-04-14T00:00:01.062+0000] {taskinstance.py:1309} INFO - Executing <Task(BashOperator): also_run_this> on 2023-04-13 00:00:00+00:00
[2023-04-14T00:00:01.066+0000] {standard_task_runner.py:55} INFO - Started process 521818 to run task
[2023-04-14T00:00:01.073+0000] {standard_task_runner.py:82} INFO - Running: ['***', 'tasks', 'run', 'example_bash_operator', 'also_run_this', 'scheduled__2023-04-13T00:00:00+00:00', '--job-id', '119', '--raw', '--subdir', '/home/***/.local/lib/python3.7/site-packages/***/example_dags/example_bash_operator.py', '--cfg-path', '/tmp/tmpsqx254fp']
[2023-04-14T00:00:01.074+0000] {standard_task_runner.py:83} INFO - Job 119: Subtask also_run_this
[2023-04-14T00:00:01.139+0000] {task_command.py:389} INFO - Running <TaskInstance: example_bash_operator.also_run_this scheduled__2023-04-13T00:00:00+00:00 [running]> on host 1f05588790e0
[2023-04-14T00:00:01.222+0000] {taskinstance.py:1518} INFO - Exporting the following env vars:
AIRFLOW_CTX_DAG_OWNER=***
AIRFLOW_CTX_DAG_ID=example_bash_operator
AIRFLOW_CTX_TASK_ID=also_run_this
AIRFLOW_CTX_EXECUTION_DATE=2023-04-13T00:00:00+00:00
AIRFLOW_CTX_TRY_NUMBER=1
AIRFLOW_CTX_DAG_RUN_ID=scheduled__2023-04-13T00:00:00+00:00
[2023-04-14T00:00:01.223+0000] {subprocess.py:63} INFO - Tmp dir root location: 
 /tmp
[2023-04-14T00:00:01.223+0000] {subprocess.py:75} INFO - Running command: ['/bin/bash', '-c', 'echo "ti_key=example_bash_operator__also_run_this__20230413"']
[2023-04-14T00:00:01.244+0000] {subprocess.py:86} INFO - Output:
[2023-04-14T00:00:01.245+0000] {subprocess.py:93} INFO - ti_key=example_bash_operator__also_run_this__20230413
[2023-04-14T00:00:01.245+0000] {subprocess.py:97} INFO - Command exited with return code 0
[2023-04-14T00:00:01.282+0000] {taskinstance.py:1332} INFO - Marking task as SUCCESS. dag_id=example_bash_operator, task_id=also_run_this, execution_date=20230413T000000, start_date=20230414T000001, end_date=20230414T000001
[2023-04-14T00:00:01.327+0000] {local_task_job.py:212} INFO - Task exited with return code 0
[2023-04-14T00:00:01.346+0000] {taskinstance.py:2596} INFO - 0 downstream tasks scheduled from follow-on schedule check
