[2023-05-01T00:00:01.586+0000] {taskinstance.py:1090} INFO - Dependencies all met for dep_context=non-requeueable deps ti=<TaskInstance: example_bash_operator.also_run_this scheduled__2023-04-30T00:00:00+00:00 [queued]>
[2023-05-01T00:00:01.598+0000] {taskinstance.py:1090} INFO - Dependencies all met for dep_context=requeueable deps ti=<TaskInstance: example_bash_operator.also_run_this scheduled__2023-04-30T00:00:00+00:00 [queued]>
[2023-05-01T00:00:01.598+0000] {taskinstance.py:1288} INFO - 
--------------------------------------------------------------------------------
[2023-05-01T00:00:01.598+0000] {taskinstance.py:1289} INFO - Starting attempt 1 of 1
[2023-05-01T00:00:01.598+0000] {taskinstance.py:1290} INFO - 
--------------------------------------------------------------------------------
[2023-05-01T00:00:01.614+0000] {taskinstance.py:1309} INFO - Executing <Task(BashOperator): also_run_this> on 2023-04-30 00:00:00+00:00
[2023-05-01T00:00:01.620+0000] {standard_task_runner.py:55} INFO - Started process 206996 to run task
[2023-05-01T00:00:01.627+0000] {standard_task_runner.py:82} INFO - Running: ['***', 'tasks', 'run', 'example_bash_operator', 'also_run_this', 'scheduled__2023-04-30T00:00:00+00:00', '--job-id', '275', '--raw', '--subdir', '/home/***/.local/lib/python3.7/site-packages/***/example_dags/example_bash_operator.py', '--cfg-path', '/tmp/tmpt1szp_8t']
[2023-05-01T00:00:01.629+0000] {standard_task_runner.py:83} INFO - Job 275: Subtask also_run_this
[2023-05-01T00:00:01.738+0000] {task_command.py:389} INFO - Running <TaskInstance: example_bash_operator.also_run_this scheduled__2023-04-30T00:00:00+00:00 [running]> on host 1f05588790e0
[2023-05-01T00:00:01.827+0000] {taskinstance.py:1518} INFO - Exporting the following env vars:
AIRFLOW_CTX_DAG_OWNER=***
AIRFLOW_CTX_DAG_ID=example_bash_operator
AIRFLOW_CTX_TASK_ID=also_run_this
AIRFLOW_CTX_EXECUTION_DATE=2023-04-30T00:00:00+00:00
AIRFLOW_CTX_TRY_NUMBER=1
AIRFLOW_CTX_DAG_RUN_ID=scheduled__2023-04-30T00:00:00+00:00
[2023-05-01T00:00:01.828+0000] {subprocess.py:63} INFO - Tmp dir root location: 
 /tmp
[2023-05-01T00:00:01.829+0000] {subprocess.py:75} INFO - Running command: ['/bin/bash', '-c', 'echo "ti_key=example_bash_operator__also_run_this__20230430"']
[2023-05-01T00:00:01.842+0000] {subprocess.py:86} INFO - Output:
[2023-05-01T00:00:01.844+0000] {subprocess.py:93} INFO - ti_key=example_bash_operator__also_run_this__20230430
[2023-05-01T00:00:01.844+0000] {subprocess.py:97} INFO - Command exited with return code 0
[2023-05-01T00:00:01.871+0000] {taskinstance.py:1332} INFO - Marking task as SUCCESS. dag_id=example_bash_operator, task_id=also_run_this, execution_date=20230430T000000, start_date=20230501T000001, end_date=20230501T000001
[2023-05-01T00:00:01.917+0000] {local_task_job.py:212} INFO - Task exited with return code 0
[2023-05-01T00:00:01.949+0000] {taskinstance.py:2596} INFO - 0 downstream tasks scheduled from follow-on schedule check
