[2023-03-30T19:52:04.321+0000] {taskinstance.py:1084} INFO - Dependencies all met for dep_context=non-requeueable deps ti=<TaskInstance: example_bash_operator.run_after_loop manual__2023-03-30T19:52:01.165304+00:00 [queued]>
[2023-03-30T19:52:04.328+0000] {taskinstance.py:1084} INFO - Dependencies all met for dep_context=requeueable deps ti=<TaskInstance: example_bash_operator.run_after_loop manual__2023-03-30T19:52:01.165304+00:00 [queued]>
[2023-03-30T19:52:04.328+0000] {taskinstance.py:1282} INFO - 
--------------------------------------------------------------------------------
[2023-03-30T19:52:04.329+0000] {taskinstance.py:1283} INFO - Starting attempt 1 of 1
[2023-03-30T19:52:04.329+0000] {taskinstance.py:1284} INFO - 
--------------------------------------------------------------------------------
[2023-03-30T19:52:04.340+0000] {taskinstance.py:1303} INFO - Executing <Task(BashOperator): run_after_loop> on 2023-03-30 19:52:01.165304+00:00
[2023-03-30T19:52:04.345+0000] {standard_task_runner.py:55} INFO - Started process 1067 to run task
[2023-03-30T19:52:04.347+0000] {standard_task_runner.py:82} INFO - Running: ['***', 'tasks', 'run', 'example_bash_operator', 'run_after_loop', 'manual__2023-03-30T19:52:01.165304+00:00', '--job-id', '26', '--raw', '--subdir', '/home/***/.local/lib/python3.7/site-packages/***/example_dags/example_bash_operator.py', '--cfg-path', '/tmp/tmpzvkg55nk']
[2023-03-30T19:52:04.348+0000] {standard_task_runner.py:83} INFO - Job 26: Subtask run_after_loop
[2023-03-30T19:52:04.389+0000] {task_command.py:388} INFO - Running <TaskInstance: example_bash_operator.run_after_loop manual__2023-03-30T19:52:01.165304+00:00 [running]> on host 6df12c506b74
[2023-03-30T19:52:04.444+0000] {taskinstance.py:1511} INFO - Exporting the following env vars:
AIRFLOW_CTX_DAG_OWNER=***
AIRFLOW_CTX_DAG_ID=example_bash_operator
AIRFLOW_CTX_TASK_ID=run_after_loop
AIRFLOW_CTX_EXECUTION_DATE=2023-03-30T19:52:01.165304+00:00
AIRFLOW_CTX_TRY_NUMBER=1
AIRFLOW_CTX_DAG_RUN_ID=manual__2023-03-30T19:52:01.165304+00:00
[2023-03-30T19:52:04.445+0000] {subprocess.py:63} INFO - Tmp dir root location: 
 /tmp
[2023-03-30T19:52:04.445+0000] {subprocess.py:75} INFO - Running command: ['/bin/bash', '-c', 'echo 1']
[2023-03-30T19:52:04.456+0000] {subprocess.py:86} INFO - Output:
[2023-03-30T19:52:04.458+0000] {subprocess.py:93} INFO - 1
[2023-03-30T19:52:04.458+0000] {subprocess.py:97} INFO - Command exited with return code 0
[2023-03-30T19:52:04.477+0000] {taskinstance.py:1326} INFO - Marking task as SUCCESS. dag_id=example_bash_operator, task_id=run_after_loop, execution_date=20230330T195201, start_date=20230330T195204, end_date=20230330T195204
[2023-03-30T19:52:04.519+0000] {local_task_job.py:212} INFO - Task exited with return code 0
[2023-03-30T19:52:04.533+0000] {taskinstance.py:2585} INFO - 0 downstream tasks scheduled from follow-on schedule check
