[2023-04-13T00:00:00.847+0000] {taskinstance.py:1090} INFO - Dependencies all met for dep_context=non-requeueable deps ti=<TaskInstance: example_bash_operator.runme_2 scheduled__2023-04-12T00:00:00+00:00 [queued]>
[2023-04-13T00:00:00.855+0000] {taskinstance.py:1090} INFO - Dependencies all met for dep_context=requeueable deps ti=<TaskInstance: example_bash_operator.runme_2 scheduled__2023-04-12T00:00:00+00:00 [queued]>
[2023-04-13T00:00:00.855+0000] {taskinstance.py:1288} INFO - 
--------------------------------------------------------------------------------
[2023-04-13T00:00:00.855+0000] {taskinstance.py:1289} INFO - Starting attempt 1 of 1
[2023-04-13T00:00:00.856+0000] {taskinstance.py:1290} INFO - 
--------------------------------------------------------------------------------
[2023-04-13T00:00:00.873+0000] {taskinstance.py:1309} INFO - Executing <Task(BashOperator): runme_2> on 2023-04-12 00:00:00+00:00
[2023-04-13T00:00:00.877+0000] {standard_task_runner.py:55} INFO - Started process 477089 to run task
[2023-04-13T00:00:00.881+0000] {standard_task_runner.py:82} INFO - Running: ['***', 'tasks', 'run', 'example_bash_operator', 'runme_2', 'scheduled__2023-04-12T00:00:00+00:00', '--job-id', '108', '--raw', '--subdir', '/home/***/.local/lib/python3.7/site-packages/***/example_dags/example_bash_operator.py', '--cfg-path', '/tmp/tmp55ab19e9']
[2023-04-13T00:00:00.882+0000] {standard_task_runner.py:83} INFO - Job 108: Subtask runme_2
[2023-04-13T00:00:00.982+0000] {task_command.py:389} INFO - Running <TaskInstance: example_bash_operator.runme_2 scheduled__2023-04-12T00:00:00+00:00 [running]> on host 1f05588790e0
[2023-04-13T00:00:01.084+0000] {taskinstance.py:1518} INFO - Exporting the following env vars:
AIRFLOW_CTX_DAG_OWNER=***
AIRFLOW_CTX_DAG_ID=example_bash_operator
AIRFLOW_CTX_TASK_ID=runme_2
AIRFLOW_CTX_EXECUTION_DATE=2023-04-12T00:00:00+00:00
AIRFLOW_CTX_TRY_NUMBER=1
AIRFLOW_CTX_DAG_RUN_ID=scheduled__2023-04-12T00:00:00+00:00
[2023-04-13T00:00:01.093+0000] {subprocess.py:63} INFO - Tmp dir root location: 
 /tmp
[2023-04-13T00:00:01.094+0000] {subprocess.py:75} INFO - Running command: ['/bin/bash', '-c', 'echo "example_bash_operator__runme_2__20230412" && sleep 1']
[2023-04-13T00:00:01.104+0000] {subprocess.py:86} INFO - Output:
[2023-04-13T00:00:01.106+0000] {subprocess.py:93} INFO - example_bash_operator__runme_2__20230412
[2023-04-13T00:00:02.108+0000] {subprocess.py:97} INFO - Command exited with return code 0
[2023-04-13T00:00:02.128+0000] {taskinstance.py:1332} INFO - Marking task as SUCCESS. dag_id=example_bash_operator, task_id=runme_2, execution_date=20230412T000000, start_date=20230413T000000, end_date=20230413T000002
[2023-04-13T00:00:02.142+0000] {local_task_job.py:212} INFO - Task exited with return code 0
[2023-04-13T00:00:02.157+0000] {taskinstance.py:2596} INFO - 0 downstream tasks scheduled from follow-on schedule check
