[2023-05-29T00:00:01.525+0000] {taskinstance.py:1090} INFO - Dependencies all met for dep_context=non-requeueable deps ti=<TaskInstance: user_processing.create_table scheduled__2023-05-28T00:00:00+00:00 [queued]>
[2023-05-29T00:00:01.531+0000] {taskinstance.py:1090} INFO - Dependencies all met for dep_context=requeueable deps ti=<TaskInstance: user_processing.create_table scheduled__2023-05-28T00:00:00+00:00 [queued]>
[2023-05-29T00:00:01.531+0000] {taskinstance.py:1288} INFO - 
--------------------------------------------------------------------------------
[2023-05-29T00:00:01.531+0000] {taskinstance.py:1289} INFO - Starting attempt 1 of 1
[2023-05-29T00:00:01.531+0000] {taskinstance.py:1290} INFO - 
--------------------------------------------------------------------------------
[2023-05-29T00:00:01.540+0000] {taskinstance.py:1309} INFO - Executing <Task(PostgresOperator): create_table> on 2023-05-28 00:00:00+00:00
[2023-05-29T00:00:01.545+0000] {standard_task_runner.py:55} INFO - Started process 617462 to run task
[2023-05-29T00:00:01.547+0000] {standard_task_runner.py:82} INFO - Running: ['***', 'tasks', 'run', 'user_processing', 'create_table', 'scheduled__2023-05-28T00:00:00+00:00', '--job-id', '570', '--raw', '--subdir', 'DAGS_FOLDER/user_processing.py', '--cfg-path', '/tmp/tmpz9wnkaub']
[2023-05-29T00:00:01.548+0000] {standard_task_runner.py:83} INFO - Job 570: Subtask create_table
[2023-05-29T00:00:01.616+0000] {task_command.py:389} INFO - Running <TaskInstance: user_processing.create_table scheduled__2023-05-28T00:00:00+00:00 [running]> on host 1f05588790e0
[2023-05-29T00:00:01.676+0000] {taskinstance.py:1518} INFO - Exporting the following env vars:
AIRFLOW_CTX_DAG_OWNER=***
AIRFLOW_CTX_DAG_ID=user_processing
AIRFLOW_CTX_TASK_ID=create_table
AIRFLOW_CTX_EXECUTION_DATE=2023-05-28T00:00:00+00:00
AIRFLOW_CTX_TRY_NUMBER=1
AIRFLOW_CTX_DAG_RUN_ID=scheduled__2023-05-28T00:00:00+00:00
[2023-05-29T00:00:01.679+0000] {sql.py:254} INFO - Executing: 
                        CREATE TABLE IF NOT EXISTS users (
                        firstname TEXT NOT NULL,
                        lastname TEXT NOT NULL,
                        country TEXT NOT NULL,
                        username TEXT NOT NULL,
                        password TEXT NOT NULL,
                        email TEXT NOT NULL
                        );
                
[2023-05-29T00:00:01.691+0000] {base.py:73} INFO - Using connection ID 'postgres' for task execution.
[2023-05-29T00:00:01.841+0000] {base.py:73} INFO - Using connection ID 'postgres' for task execution.
[2023-05-29T00:00:01.844+0000] {sql.py:375} INFO - Running statement: 
                        CREATE TABLE IF NOT EXISTS users (
                        firstname TEXT NOT NULL,
                        lastname TEXT NOT NULL,
                        country TEXT NOT NULL,
                        username TEXT NOT NULL,
                        password TEXT NOT NULL,
                        email TEXT NOT NULL
                        );
                , parameters: None
[2023-05-29T00:00:01.852+0000] {taskinstance.py:1332} INFO - Marking task as SUCCESS. dag_id=user_processing, task_id=create_table, execution_date=20230528T000000, start_date=20230529T000001, end_date=20230529T000001
[2023-05-29T00:00:01.882+0000] {local_task_job.py:212} INFO - Task exited with return code 0
[2023-05-29T00:00:01.902+0000] {taskinstance.py:2596} INFO - 1 downstream tasks scheduled from follow-on schedule check
