[2023-05-08T07:20:58.578+0000] {taskinstance.py:1090} INFO - Dependencies all met for dep_context=non-requeueable deps ti=<TaskInstance: example_bash_operator.runme_2 scheduled__2023-05-07T00:00:00+00:00 [queued]>
[2023-05-08T07:20:58.593+0000] {taskinstance.py:1090} INFO - Dependencies all met for dep_context=requeueable deps ti=<TaskInstance: example_bash_operator.runme_2 scheduled__2023-05-07T00:00:00+00:00 [queued]>
[2023-05-08T07:20:58.593+0000] {taskinstance.py:1288} INFO - 
--------------------------------------------------------------------------------
[2023-05-08T07:20:58.593+0000] {taskinstance.py:1289} INFO - Starting attempt 1 of 1
[2023-05-08T07:20:58.593+0000] {taskinstance.py:1290} INFO - 
--------------------------------------------------------------------------------
[2023-05-08T07:20:58.610+0000] {taskinstance.py:1309} INFO - Executing <Task(BashOperator): runme_2> on 2023-05-07 00:00:00+00:00
[2023-05-08T07:20:58.618+0000] {standard_task_runner.py:55} INFO - Started process 88 to run task
[2023-05-08T07:20:58.624+0000] {standard_task_runner.py:82} INFO - Running: ['***', 'tasks', 'run', 'example_bash_operator', 'runme_2', 'scheduled__2023-05-07T00:00:00+00:00', '--job-id', '374', '--raw', '--subdir', '/home/***/.local/lib/python3.7/site-packages/***/example_dags/example_bash_operator.py', '--cfg-path', '/tmp/tmpfx5oytxb']
[2023-05-08T07:20:58.638+0000] {standard_task_runner.py:83} INFO - Job 374: Subtask runme_2
[2023-05-08T07:20:58.802+0000] {task_command.py:389} INFO - Running <TaskInstance: example_bash_operator.runme_2 scheduled__2023-05-07T00:00:00+00:00 [running]> on host 1f05588790e0
[2023-05-08T07:20:58.897+0000] {taskinstance.py:1518} INFO - Exporting the following env vars:
AIRFLOW_CTX_DAG_OWNER=***
AIRFLOW_CTX_DAG_ID=example_bash_operator
AIRFLOW_CTX_TASK_ID=runme_2
AIRFLOW_CTX_EXECUTION_DATE=2023-05-07T00:00:00+00:00
AIRFLOW_CTX_TRY_NUMBER=1
AIRFLOW_CTX_DAG_RUN_ID=scheduled__2023-05-07T00:00:00+00:00
[2023-05-08T07:20:58.899+0000] {subprocess.py:63} INFO - Tmp dir root location: 
 /tmp
[2023-05-08T07:20:58.899+0000] {subprocess.py:75} INFO - Running command: ['/bin/bash', '-c', 'echo "example_bash_operator__runme_2__20230507" && sleep 1']
[2023-05-08T07:20:58.915+0000] {subprocess.py:86} INFO - Output:
[2023-05-08T07:20:58.916+0000] {subprocess.py:93} INFO - example_bash_operator__runme_2__20230507
[2023-05-08T07:20:59.917+0000] {subprocess.py:97} INFO - Command exited with return code 0
[2023-05-08T07:20:59.942+0000] {taskinstance.py:1332} INFO - Marking task as SUCCESS. dag_id=example_bash_operator, task_id=runme_2, execution_date=20230507T000000, start_date=20230508T072058, end_date=20230508T072059
[2023-05-08T07:20:59.962+0000] {local_task_job.py:212} INFO - Task exited with return code 0
[2023-05-08T07:20:59.991+0000] {taskinstance.py:2596} INFO - 0 downstream tasks scheduled from follow-on schedule check
