[2023-05-21T00:00:03.907+0000] {taskinstance.py:1090} INFO - Dependencies all met for dep_context=non-requeueable deps ti=<TaskInstance: example_bash_operator.run_after_loop scheduled__2023-05-20T00:00:00+00:00 [queued]>
[2023-05-21T00:00:03.913+0000] {taskinstance.py:1090} INFO - Dependencies all met for dep_context=requeueable deps ti=<TaskInstance: example_bash_operator.run_after_loop scheduled__2023-05-20T00:00:00+00:00 [queued]>
[2023-05-21T00:00:03.913+0000] {taskinstance.py:1288} INFO - 
--------------------------------------------------------------------------------
[2023-05-21T00:00:03.913+0000] {taskinstance.py:1289} INFO - Starting attempt 1 of 1
[2023-05-21T00:00:03.914+0000] {taskinstance.py:1290} INFO - 
--------------------------------------------------------------------------------
[2023-05-21T00:00:03.922+0000] {taskinstance.py:1309} INFO - Executing <Task(BashOperator): run_after_loop> on 2023-05-20 00:00:00+00:00
[2023-05-21T00:00:03.926+0000] {standard_task_runner.py:55} INFO - Started process 260310 to run task
[2023-05-21T00:00:03.927+0000] {standard_task_runner.py:82} INFO - Running: ['***', 'tasks', 'run', 'example_bash_operator', 'run_after_loop', 'scheduled__2023-05-20T00:00:00+00:00', '--job-id', '502', '--raw', '--subdir', '/home/***/.local/lib/python3.7/site-packages/***/example_dags/example_bash_operator.py', '--cfg-path', '/tmp/tmpst8toesj']
[2023-05-21T00:00:03.928+0000] {standard_task_runner.py:83} INFO - Job 502: Subtask run_after_loop
[2023-05-21T00:00:03.978+0000] {task_command.py:389} INFO - Running <TaskInstance: example_bash_operator.run_after_loop scheduled__2023-05-20T00:00:00+00:00 [running]> on host 1f05588790e0
[2023-05-21T00:00:04.032+0000] {taskinstance.py:1518} INFO - Exporting the following env vars:
AIRFLOW_CTX_DAG_OWNER=***
AIRFLOW_CTX_DAG_ID=example_bash_operator
AIRFLOW_CTX_TASK_ID=run_after_loop
AIRFLOW_CTX_EXECUTION_DATE=2023-05-20T00:00:00+00:00
AIRFLOW_CTX_TRY_NUMBER=1
AIRFLOW_CTX_DAG_RUN_ID=scheduled__2023-05-20T00:00:00+00:00
[2023-05-21T00:00:04.034+0000] {subprocess.py:63} INFO - Tmp dir root location: 
 /tmp
[2023-05-21T00:00:04.034+0000] {subprocess.py:75} INFO - Running command: ['/bin/bash', '-c', 'echo 1']
[2023-05-21T00:00:04.044+0000] {subprocess.py:86} INFO - Output:
[2023-05-21T00:00:04.046+0000] {subprocess.py:93} INFO - 1
[2023-05-21T00:00:04.046+0000] {subprocess.py:97} INFO - Command exited with return code 0
[2023-05-21T00:00:04.063+0000] {taskinstance.py:1332} INFO - Marking task as SUCCESS. dag_id=example_bash_operator, task_id=run_after_loop, execution_date=20230520T000000, start_date=20230521T000003, end_date=20230521T000004
[2023-05-21T00:00:04.099+0000] {local_task_job.py:212} INFO - Task exited with return code 0
[2023-05-21T00:00:04.113+0000] {taskinstance.py:2596} INFO - 0 downstream tasks scheduled from follow-on schedule check
