[2023-04-29T00:00:02.110+0000] {taskinstance.py:1090} INFO - Dependencies all met for dep_context=non-requeueable deps ti=<TaskInstance: example_bash_operator.runme_1 scheduled__2023-04-28T00:00:00+00:00 [queued]>
[2023-04-29T00:00:02.120+0000] {taskinstance.py:1090} INFO - Dependencies all met for dep_context=requeueable deps ti=<TaskInstance: example_bash_operator.runme_1 scheduled__2023-04-28T00:00:00+00:00 [queued]>
[2023-04-29T00:00:02.120+0000] {taskinstance.py:1288} INFO - 
--------------------------------------------------------------------------------
[2023-04-29T00:00:02.121+0000] {taskinstance.py:1289} INFO - Starting attempt 1 of 1
[2023-04-29T00:00:02.121+0000] {taskinstance.py:1290} INFO - 
--------------------------------------------------------------------------------
[2023-04-29T00:00:02.135+0000] {taskinstance.py:1309} INFO - Executing <Task(BashOperator): runme_1> on 2023-04-28 00:00:00+00:00
[2023-04-29T00:00:02.141+0000] {standard_task_runner.py:55} INFO - Started process 119142 to run task
[2023-04-29T00:00:02.143+0000] {standard_task_runner.py:82} INFO - Running: ['***', 'tasks', 'run', 'example_bash_operator', 'runme_1', 'scheduled__2023-04-28T00:00:00+00:00', '--job-id', '257', '--raw', '--subdir', '/home/***/.local/lib/python3.7/site-packages/***/example_dags/example_bash_operator.py', '--cfg-path', '/tmp/tmpog5egj39']
[2023-04-29T00:00:02.144+0000] {standard_task_runner.py:83} INFO - Job 257: Subtask runme_1
[2023-04-29T00:00:02.226+0000] {task_command.py:389} INFO - Running <TaskInstance: example_bash_operator.runme_1 scheduled__2023-04-28T00:00:00+00:00 [running]> on host 1f05588790e0
[2023-04-29T00:00:02.332+0000] {taskinstance.py:1518} INFO - Exporting the following env vars:
AIRFLOW_CTX_DAG_OWNER=***
AIRFLOW_CTX_DAG_ID=example_bash_operator
AIRFLOW_CTX_TASK_ID=runme_1
AIRFLOW_CTX_EXECUTION_DATE=2023-04-28T00:00:00+00:00
AIRFLOW_CTX_TRY_NUMBER=1
AIRFLOW_CTX_DAG_RUN_ID=scheduled__2023-04-28T00:00:00+00:00
[2023-04-29T00:00:02.334+0000] {subprocess.py:63} INFO - Tmp dir root location: 
 /tmp
[2023-04-29T00:00:02.334+0000] {subprocess.py:75} INFO - Running command: ['/bin/bash', '-c', 'echo "example_bash_operator__runme_1__20230428" && sleep 1']
[2023-04-29T00:00:02.345+0000] {subprocess.py:86} INFO - Output:
[2023-04-29T00:00:02.347+0000] {subprocess.py:93} INFO - example_bash_operator__runme_1__20230428
[2023-04-29T00:00:03.349+0000] {subprocess.py:97} INFO - Command exited with return code 0
[2023-04-29T00:00:03.386+0000] {taskinstance.py:1332} INFO - Marking task as SUCCESS. dag_id=example_bash_operator, task_id=runme_1, execution_date=20230428T000000, start_date=20230429T000002, end_date=20230429T000003
[2023-04-29T00:00:03.442+0000] {local_task_job.py:212} INFO - Task exited with return code 0
[2023-04-29T00:00:03.492+0000] {taskinstance.py:2596} INFO - 0 downstream tasks scheduled from follow-on schedule check
