[2023-04-18T00:00:01.609+0000] {taskinstance.py:1090} INFO - Dependencies all met for dep_context=non-requeueable deps ti=<TaskInstance: example_bash_operator.this_will_skip scheduled__2023-04-17T00:00:00+00:00 [queued]>
[2023-04-18T00:00:01.621+0000] {taskinstance.py:1090} INFO - Dependencies all met for dep_context=requeueable deps ti=<TaskInstance: example_bash_operator.this_will_skip scheduled__2023-04-17T00:00:00+00:00 [queued]>
[2023-04-18T00:00:01.621+0000] {taskinstance.py:1288} INFO - 
--------------------------------------------------------------------------------
[2023-04-18T00:00:01.622+0000] {taskinstance.py:1289} INFO - Starting attempt 1 of 1
[2023-04-18T00:00:01.626+0000] {taskinstance.py:1290} INFO - 
--------------------------------------------------------------------------------
[2023-04-18T00:00:01.640+0000] {taskinstance.py:1309} INFO - Executing <Task(BashOperator): this_will_skip> on 2023-04-17 00:00:00+00:00
[2023-04-18T00:00:01.644+0000] {standard_task_runner.py:55} INFO - Started process 700266 to run task
[2023-04-18T00:00:01.645+0000] {standard_task_runner.py:82} INFO - Running: ['***', 'tasks', 'run', 'example_bash_operator', 'this_will_skip', 'scheduled__2023-04-17T00:00:00+00:00', '--job-id', '153', '--raw', '--subdir', '/home/***/.local/lib/python3.7/site-packages/***/example_dags/example_bash_operator.py', '--cfg-path', '/tmp/tmpijev44qn']
[2023-04-18T00:00:01.646+0000] {standard_task_runner.py:83} INFO - Job 153: Subtask this_will_skip
[2023-04-18T00:00:01.705+0000] {task_command.py:389} INFO - Running <TaskInstance: example_bash_operator.this_will_skip scheduled__2023-04-17T00:00:00+00:00 [running]> on host 1f05588790e0
[2023-04-18T00:00:01.789+0000] {taskinstance.py:1518} INFO - Exporting the following env vars:
AIRFLOW_CTX_DAG_OWNER=***
AIRFLOW_CTX_DAG_ID=example_bash_operator
AIRFLOW_CTX_TASK_ID=this_will_skip
AIRFLOW_CTX_EXECUTION_DATE=2023-04-17T00:00:00+00:00
AIRFLOW_CTX_TRY_NUMBER=1
AIRFLOW_CTX_DAG_RUN_ID=scheduled__2023-04-17T00:00:00+00:00
[2023-04-18T00:00:01.790+0000] {subprocess.py:63} INFO - Tmp dir root location: 
 /tmp
[2023-04-18T00:00:01.797+0000] {subprocess.py:75} INFO - Running command: ['/bin/bash', '-c', 'echo "hello world"; exit 99;']
[2023-04-18T00:00:01.815+0000] {subprocess.py:86} INFO - Output:
[2023-04-18T00:00:01.815+0000] {subprocess.py:93} INFO - hello world
[2023-04-18T00:00:01.819+0000] {subprocess.py:97} INFO - Command exited with return code 99
[2023-04-18T00:00:01.819+0000] {taskinstance.py:1407} INFO - Bash command returned exit code 99. Skipping.
[2023-04-18T00:00:01.843+0000] {taskinstance.py:1332} INFO - Marking task as SKIPPED. dag_id=example_bash_operator, task_id=this_will_skip, execution_date=20230417T000000, start_date=20230418T000001, end_date=20230418T000001
[2023-04-18T00:00:01.903+0000] {local_task_job.py:212} INFO - Task exited with return code 0
[2023-04-18T00:00:01.944+0000] {taskinstance.py:2596} INFO - 0 downstream tasks scheduled from follow-on schedule check
