[2023-05-10T00:00:01.711+0000] {taskinstance.py:1090} INFO - Dependencies all met for dep_context=non-requeueable deps ti=<TaskInstance: example_bash_operator.runme_0 scheduled__2023-05-09T00:00:00+00:00 [queued]>
[2023-05-10T00:00:01.718+0000] {taskinstance.py:1090} INFO - Dependencies all met for dep_context=requeueable deps ti=<TaskInstance: example_bash_operator.runme_0 scheduled__2023-05-09T00:00:00+00:00 [queued]>
[2023-05-10T00:00:01.718+0000] {taskinstance.py:1288} INFO - 
--------------------------------------------------------------------------------
[2023-05-10T00:00:01.719+0000] {taskinstance.py:1289} INFO - Starting attempt 1 of 1
[2023-05-10T00:00:01.719+0000] {taskinstance.py:1290} INFO - 
--------------------------------------------------------------------------------
[2023-05-10T00:00:01.730+0000] {taskinstance.py:1309} INFO - Executing <Task(BashOperator): runme_0> on 2023-05-09 00:00:00+00:00
[2023-05-10T00:00:01.735+0000] {standard_task_runner.py:55} INFO - Started process 70868 to run task
[2023-05-10T00:00:01.737+0000] {standard_task_runner.py:82} INFO - Running: ['***', 'tasks', 'run', 'example_bash_operator', 'runme_0', 'scheduled__2023-05-09T00:00:00+00:00', '--job-id', '393', '--raw', '--subdir', '/home/***/.local/lib/python3.7/site-packages/***/example_dags/example_bash_operator.py', '--cfg-path', '/tmp/tmpxs01nr74']
[2023-05-10T00:00:01.738+0000] {standard_task_runner.py:83} INFO - Job 393: Subtask runme_0
[2023-05-10T00:00:01.787+0000] {task_command.py:389} INFO - Running <TaskInstance: example_bash_operator.runme_0 scheduled__2023-05-09T00:00:00+00:00 [running]> on host 1f05588790e0
[2023-05-10T00:00:01.844+0000] {taskinstance.py:1518} INFO - Exporting the following env vars:
AIRFLOW_CTX_DAG_OWNER=***
AIRFLOW_CTX_DAG_ID=example_bash_operator
AIRFLOW_CTX_TASK_ID=runme_0
AIRFLOW_CTX_EXECUTION_DATE=2023-05-09T00:00:00+00:00
AIRFLOW_CTX_TRY_NUMBER=1
AIRFLOW_CTX_DAG_RUN_ID=scheduled__2023-05-09T00:00:00+00:00
[2023-05-10T00:00:01.845+0000] {subprocess.py:63} INFO - Tmp dir root location: 
 /tmp
[2023-05-10T00:00:01.845+0000] {subprocess.py:75} INFO - Running command: ['/bin/bash', '-c', 'echo "example_bash_operator__runme_0__20230509" && sleep 1']
[2023-05-10T00:00:01.854+0000] {subprocess.py:86} INFO - Output:
[2023-05-10T00:00:01.855+0000] {subprocess.py:93} INFO - example_bash_operator__runme_0__20230509
[2023-05-10T00:00:02.856+0000] {subprocess.py:97} INFO - Command exited with return code 0
[2023-05-10T00:00:02.874+0000] {taskinstance.py:1332} INFO - Marking task as SUCCESS. dag_id=example_bash_operator, task_id=runme_0, execution_date=20230509T000000, start_date=20230510T000001, end_date=20230510T000002
[2023-05-10T00:00:02.911+0000] {local_task_job.py:212} INFO - Task exited with return code 0
[2023-05-10T00:00:02.929+0000] {taskinstance.py:2596} INFO - 0 downstream tasks scheduled from follow-on schedule check
