[2023-04-17T00:00:01.309+0000] {taskinstance.py:1090} INFO - Dependencies all met for dep_context=non-requeueable deps ti=<TaskInstance: example_bash_operator.runme_0 scheduled__2023-04-16T00:00:00+00:00 [queued]>
[2023-04-17T00:00:01.317+0000] {taskinstance.py:1090} INFO - Dependencies all met for dep_context=requeueable deps ti=<TaskInstance: example_bash_operator.runme_0 scheduled__2023-04-16T00:00:00+00:00 [queued]>
[2023-04-17T00:00:01.318+0000] {taskinstance.py:1288} INFO - 
--------------------------------------------------------------------------------
[2023-04-17T00:00:01.318+0000] {taskinstance.py:1289} INFO - Starting attempt 1 of 1
[2023-04-17T00:00:01.318+0000] {taskinstance.py:1290} INFO - 
--------------------------------------------------------------------------------
[2023-04-17T00:00:01.330+0000] {taskinstance.py:1309} INFO - Executing <Task(BashOperator): runme_0> on 2023-04-16 00:00:00+00:00
[2023-04-17T00:00:01.336+0000] {standard_task_runner.py:55} INFO - Started process 655632 to run task
[2023-04-17T00:00:01.338+0000] {standard_task_runner.py:82} INFO - Running: ['***', 'tasks', 'run', 'example_bash_operator', 'runme_0', 'scheduled__2023-04-16T00:00:00+00:00', '--job-id', '148', '--raw', '--subdir', '/home/***/.local/lib/python3.7/site-packages/***/example_dags/example_bash_operator.py', '--cfg-path', '/tmp/tmpmoiet3me']
[2023-04-17T00:00:01.339+0000] {standard_task_runner.py:83} INFO - Job 148: Subtask runme_0
[2023-04-17T00:00:01.392+0000] {task_command.py:389} INFO - Running <TaskInstance: example_bash_operator.runme_0 scheduled__2023-04-16T00:00:00+00:00 [running]> on host 1f05588790e0
[2023-04-17T00:00:01.454+0000] {taskinstance.py:1518} INFO - Exporting the following env vars:
AIRFLOW_CTX_DAG_OWNER=***
AIRFLOW_CTX_DAG_ID=example_bash_operator
AIRFLOW_CTX_TASK_ID=runme_0
AIRFLOW_CTX_EXECUTION_DATE=2023-04-16T00:00:00+00:00
AIRFLOW_CTX_TRY_NUMBER=1
AIRFLOW_CTX_DAG_RUN_ID=scheduled__2023-04-16T00:00:00+00:00
[2023-04-17T00:00:01.455+0000] {subprocess.py:63} INFO - Tmp dir root location: 
 /tmp
[2023-04-17T00:00:01.455+0000] {subprocess.py:75} INFO - Running command: ['/bin/bash', '-c', 'echo "example_bash_operator__runme_0__20230416" && sleep 1']
[2023-04-17T00:00:01.464+0000] {subprocess.py:86} INFO - Output:
[2023-04-17T00:00:01.465+0000] {subprocess.py:93} INFO - example_bash_operator__runme_0__20230416
[2023-04-17T00:00:02.466+0000] {subprocess.py:97} INFO - Command exited with return code 0
[2023-04-17T00:00:02.484+0000] {taskinstance.py:1332} INFO - Marking task as SUCCESS. dag_id=example_bash_operator, task_id=runme_0, execution_date=20230416T000000, start_date=20230417T000001, end_date=20230417T000002
[2023-04-17T00:00:02.512+0000] {local_task_job.py:212} INFO - Task exited with return code 0
[2023-04-17T00:00:02.526+0000] {taskinstance.py:2596} INFO - 0 downstream tasks scheduled from follow-on schedule check
