[2023-05-21T00:00:01.141+0000] {taskinstance.py:1090} INFO - Dependencies all met for dep_context=non-requeueable deps ti=<TaskInstance: example_bash_operator.runme_0 scheduled__2023-05-20T00:00:00+00:00 [queued]>
[2023-05-21T00:00:01.148+0000] {taskinstance.py:1090} INFO - Dependencies all met for dep_context=requeueable deps ti=<TaskInstance: example_bash_operator.runme_0 scheduled__2023-05-20T00:00:00+00:00 [queued]>
[2023-05-21T00:00:01.148+0000] {taskinstance.py:1288} INFO - 
--------------------------------------------------------------------------------
[2023-05-21T00:00:01.148+0000] {taskinstance.py:1289} INFO - Starting attempt 1 of 1
[2023-05-21T00:00:01.148+0000] {taskinstance.py:1290} INFO - 
--------------------------------------------------------------------------------
[2023-05-21T00:00:01.159+0000] {taskinstance.py:1309} INFO - Executing <Task(BashOperator): runme_0> on 2023-05-20 00:00:00+00:00
[2023-05-21T00:00:01.163+0000] {standard_task_runner.py:55} INFO - Started process 260294 to run task
[2023-05-21T00:00:01.165+0000] {standard_task_runner.py:82} INFO - Running: ['***', 'tasks', 'run', 'example_bash_operator', 'runme_0', 'scheduled__2023-05-20T00:00:00+00:00', '--job-id', '497', '--raw', '--subdir', '/home/***/.local/lib/python3.7/site-packages/***/example_dags/example_bash_operator.py', '--cfg-path', '/tmp/tmpesmhaevq']
[2023-05-21T00:00:01.166+0000] {standard_task_runner.py:83} INFO - Job 497: Subtask runme_0
[2023-05-21T00:00:01.221+0000] {task_command.py:389} INFO - Running <TaskInstance: example_bash_operator.runme_0 scheduled__2023-05-20T00:00:00+00:00 [running]> on host 1f05588790e0
[2023-05-21T00:00:01.279+0000] {taskinstance.py:1518} INFO - Exporting the following env vars:
AIRFLOW_CTX_DAG_OWNER=***
AIRFLOW_CTX_DAG_ID=example_bash_operator
AIRFLOW_CTX_TASK_ID=runme_0
AIRFLOW_CTX_EXECUTION_DATE=2023-05-20T00:00:00+00:00
AIRFLOW_CTX_TRY_NUMBER=1
AIRFLOW_CTX_DAG_RUN_ID=scheduled__2023-05-20T00:00:00+00:00
[2023-05-21T00:00:01.280+0000] {subprocess.py:63} INFO - Tmp dir root location: 
 /tmp
[2023-05-21T00:00:01.280+0000] {subprocess.py:75} INFO - Running command: ['/bin/bash', '-c', 'echo "example_bash_operator__runme_0__20230520" && sleep 1']
[2023-05-21T00:00:01.289+0000] {subprocess.py:86} INFO - Output:
[2023-05-21T00:00:01.291+0000] {subprocess.py:93} INFO - example_bash_operator__runme_0__20230520
[2023-05-21T00:00:02.292+0000] {subprocess.py:97} INFO - Command exited with return code 0
[2023-05-21T00:00:02.310+0000] {taskinstance.py:1332} INFO - Marking task as SUCCESS. dag_id=example_bash_operator, task_id=runme_0, execution_date=20230520T000000, start_date=20230521T000001, end_date=20230521T000002
[2023-05-21T00:00:02.339+0000] {local_task_job.py:212} INFO - Task exited with return code 0
[2023-05-21T00:00:02.358+0000] {taskinstance.py:2596} INFO - 1 downstream tasks scheduled from follow-on schedule check
