[2023-04-10T00:00:00.920+0000] {taskinstance.py:1090} INFO - Dependencies all met for dep_context=non-requeueable deps ti=<TaskInstance: example_bash_operator.runme_1 scheduled__2023-04-09T00:00:00+00:00 [queued]>
[2023-04-10T00:00:00.927+0000] {taskinstance.py:1090} INFO - Dependencies all met for dep_context=requeueable deps ti=<TaskInstance: example_bash_operator.runme_1 scheduled__2023-04-09T00:00:00+00:00 [queued]>
[2023-04-10T00:00:00.927+0000] {taskinstance.py:1288} INFO - 
--------------------------------------------------------------------------------
[2023-04-10T00:00:00.927+0000] {taskinstance.py:1289} INFO - Starting attempt 1 of 1
[2023-04-10T00:00:00.927+0000] {taskinstance.py:1290} INFO - 
--------------------------------------------------------------------------------
[2023-04-10T00:00:00.937+0000] {taskinstance.py:1309} INFO - Executing <Task(BashOperator): runme_1> on 2023-04-09 00:00:00+00:00
[2023-04-10T00:00:00.942+0000] {standard_task_runner.py:55} INFO - Started process 343573 to run task
[2023-04-10T00:00:00.946+0000] {standard_task_runner.py:82} INFO - Running: ['***', 'tasks', 'run', 'example_bash_operator', 'runme_1', 'scheduled__2023-04-09T00:00:00+00:00', '--job-id', '81', '--raw', '--subdir', '/home/***/.local/lib/python3.7/site-packages/***/example_dags/example_bash_operator.py', '--cfg-path', '/tmp/tmpgwewmw_2']
[2023-04-10T00:00:00.948+0000] {standard_task_runner.py:83} INFO - Job 81: Subtask runme_1
[2023-04-10T00:00:01.039+0000] {task_command.py:389} INFO - Running <TaskInstance: example_bash_operator.runme_1 scheduled__2023-04-09T00:00:00+00:00 [running]> on host 1f05588790e0
[2023-04-10T00:00:01.111+0000] {taskinstance.py:1518} INFO - Exporting the following env vars:
AIRFLOW_CTX_DAG_OWNER=***
AIRFLOW_CTX_DAG_ID=example_bash_operator
AIRFLOW_CTX_TASK_ID=runme_1
AIRFLOW_CTX_EXECUTION_DATE=2023-04-09T00:00:00+00:00
AIRFLOW_CTX_TRY_NUMBER=1
AIRFLOW_CTX_DAG_RUN_ID=scheduled__2023-04-09T00:00:00+00:00
[2023-04-10T00:00:01.112+0000] {subprocess.py:63} INFO - Tmp dir root location: 
 /tmp
[2023-04-10T00:00:01.113+0000] {subprocess.py:75} INFO - Running command: ['/bin/bash', '-c', 'echo "example_bash_operator__runme_1__20230409" && sleep 1']
[2023-04-10T00:00:01.125+0000] {subprocess.py:86} INFO - Output:
[2023-04-10T00:00:01.126+0000] {subprocess.py:93} INFO - example_bash_operator__runme_1__20230409
[2023-04-10T00:00:02.127+0000] {subprocess.py:97} INFO - Command exited with return code 0
[2023-04-10T00:00:02.150+0000] {taskinstance.py:1332} INFO - Marking task as SUCCESS. dag_id=example_bash_operator, task_id=runme_1, execution_date=20230409T000000, start_date=20230410T000000, end_date=20230410T000002
[2023-04-10T00:00:02.167+0000] {local_task_job.py:212} INFO - Task exited with return code 0
[2023-04-10T00:00:02.192+0000] {taskinstance.py:2596} INFO - 0 downstream tasks scheduled from follow-on schedule check
