[2023-05-02T00:00:02.176+0000] {taskinstance.py:1090} INFO - Dependencies all met for dep_context=non-requeueable deps ti=<TaskInstance: example_bash_operator.runme_0 scheduled__2023-05-01T00:00:00+00:00 [queued]>
[2023-05-02T00:00:02.190+0000] {taskinstance.py:1090} INFO - Dependencies all met for dep_context=requeueable deps ti=<TaskInstance: example_bash_operator.runme_0 scheduled__2023-05-01T00:00:00+00:00 [queued]>
[2023-05-02T00:00:02.190+0000] {taskinstance.py:1288} INFO - 
--------------------------------------------------------------------------------
[2023-05-02T00:00:02.191+0000] {taskinstance.py:1289} INFO - Starting attempt 1 of 1
[2023-05-02T00:00:02.192+0000] {taskinstance.py:1290} INFO - 
--------------------------------------------------------------------------------
[2023-05-02T00:00:02.219+0000] {taskinstance.py:1309} INFO - Executing <Task(BashOperator): runme_0> on 2023-05-01 00:00:00+00:00
[2023-05-02T00:00:02.225+0000] {standard_task_runner.py:55} INFO - Started process 250901 to run task
[2023-05-02T00:00:02.229+0000] {standard_task_runner.py:82} INFO - Running: ['***', 'tasks', 'run', 'example_bash_operator', 'runme_0', 'scheduled__2023-05-01T00:00:00+00:00', '--job-id', '287', '--raw', '--subdir', '/home/***/.local/lib/python3.7/site-packages/***/example_dags/example_bash_operator.py', '--cfg-path', '/tmp/tmpw9b55a3y']
[2023-05-02T00:00:02.232+0000] {standard_task_runner.py:83} INFO - Job 287: Subtask runme_0
[2023-05-02T00:00:02.368+0000] {task_command.py:389} INFO - Running <TaskInstance: example_bash_operator.runme_0 scheduled__2023-05-01T00:00:00+00:00 [running]> on host 1f05588790e0
[2023-05-02T00:00:02.504+0000] {taskinstance.py:1518} INFO - Exporting the following env vars:
AIRFLOW_CTX_DAG_OWNER=***
AIRFLOW_CTX_DAG_ID=example_bash_operator
AIRFLOW_CTX_TASK_ID=runme_0
AIRFLOW_CTX_EXECUTION_DATE=2023-05-01T00:00:00+00:00
AIRFLOW_CTX_TRY_NUMBER=1
AIRFLOW_CTX_DAG_RUN_ID=scheduled__2023-05-01T00:00:00+00:00
[2023-05-02T00:00:02.505+0000] {subprocess.py:63} INFO - Tmp dir root location: 
 /tmp
[2023-05-02T00:00:02.506+0000] {subprocess.py:75} INFO - Running command: ['/bin/bash', '-c', 'echo "example_bash_operator__runme_0__20230501" && sleep 1']
[2023-05-02T00:00:02.520+0000] {subprocess.py:86} INFO - Output:
[2023-05-02T00:00:02.522+0000] {subprocess.py:93} INFO - example_bash_operator__runme_0__20230501
[2023-05-02T00:00:03.524+0000] {subprocess.py:97} INFO - Command exited with return code 0
[2023-05-02T00:00:03.592+0000] {taskinstance.py:1332} INFO - Marking task as SUCCESS. dag_id=example_bash_operator, task_id=runme_0, execution_date=20230501T000000, start_date=20230502T000002, end_date=20230502T000003
[2023-05-02T00:00:03.647+0000] {local_task_job.py:212} INFO - Task exited with return code 0
[2023-05-02T00:00:03.674+0000] {taskinstance.py:2596} INFO - 1 downstream tasks scheduled from follow-on schedule check
