[2023-04-27T00:00:01.935+0000] {taskinstance.py:1090} INFO - Dependencies all met for dep_context=non-requeueable deps ti=<TaskInstance: example_bash_operator.runme_1 scheduled__2023-04-26T00:00:00+00:00 [queued]>
[2023-04-27T00:00:01.972+0000] {taskinstance.py:1090} INFO - Dependencies all met for dep_context=requeueable deps ti=<TaskInstance: example_bash_operator.runme_1 scheduled__2023-04-26T00:00:00+00:00 [queued]>
[2023-04-27T00:00:01.973+0000] {taskinstance.py:1288} INFO - 
--------------------------------------------------------------------------------
[2023-04-27T00:00:01.973+0000] {taskinstance.py:1289} INFO - Starting attempt 1 of 1
[2023-04-27T00:00:01.982+0000] {taskinstance.py:1290} INFO - 
--------------------------------------------------------------------------------
[2023-04-27T00:00:02.006+0000] {taskinstance.py:1309} INFO - Executing <Task(BashOperator): runme_1> on 2023-04-26 00:00:00+00:00
[2023-04-27T00:00:02.014+0000] {standard_task_runner.py:55} INFO - Started process 31483 to run task
[2023-04-27T00:00:02.019+0000] {standard_task_runner.py:82} INFO - Running: ['***', 'tasks', 'run', 'example_bash_operator', 'runme_1', 'scheduled__2023-04-26T00:00:00+00:00', '--job-id', '241', '--raw', '--subdir', '/home/***/.local/lib/python3.7/site-packages/***/example_dags/example_bash_operator.py', '--cfg-path', '/tmp/tmp8xku3_r3']
[2023-04-27T00:00:02.021+0000] {standard_task_runner.py:83} INFO - Job 241: Subtask runme_1
[2023-04-27T00:00:02.149+0000] {task_command.py:389} INFO - Running <TaskInstance: example_bash_operator.runme_1 scheduled__2023-04-26T00:00:00+00:00 [running]> on host 1f05588790e0
[2023-04-27T00:00:02.247+0000] {taskinstance.py:1518} INFO - Exporting the following env vars:
AIRFLOW_CTX_DAG_OWNER=***
AIRFLOW_CTX_DAG_ID=example_bash_operator
AIRFLOW_CTX_TASK_ID=runme_1
AIRFLOW_CTX_EXECUTION_DATE=2023-04-26T00:00:00+00:00
AIRFLOW_CTX_TRY_NUMBER=1
AIRFLOW_CTX_DAG_RUN_ID=scheduled__2023-04-26T00:00:00+00:00
[2023-04-27T00:00:02.249+0000] {subprocess.py:63} INFO - Tmp dir root location: 
 /tmp
[2023-04-27T00:00:02.250+0000] {subprocess.py:75} INFO - Running command: ['/bin/bash', '-c', 'echo "example_bash_operator__runme_1__20230426" && sleep 1']
[2023-04-27T00:00:02.265+0000] {subprocess.py:86} INFO - Output:
[2023-04-27T00:00:02.266+0000] {subprocess.py:93} INFO - example_bash_operator__runme_1__20230426
[2023-04-27T00:00:03.268+0000] {subprocess.py:97} INFO - Command exited with return code 0
[2023-04-27T00:00:03.299+0000] {taskinstance.py:1332} INFO - Marking task as SUCCESS. dag_id=example_bash_operator, task_id=runme_1, execution_date=20230426T000000, start_date=20230427T000001, end_date=20230427T000003
[2023-04-27T00:00:03.359+0000] {local_task_job.py:212} INFO - Task exited with return code 0
[2023-04-27T00:00:03.390+0000] {taskinstance.py:2596} INFO - 0 downstream tasks scheduled from follow-on schedule check
