[2023-05-10T00:00:04.069+0000] {taskinstance.py:1090} INFO - Dependencies all met for dep_context=non-requeueable deps ti=<TaskInstance: example_bash_operator.run_after_loop scheduled__2023-05-09T00:00:00+00:00 [queued]>
[2023-05-10T00:00:04.075+0000] {taskinstance.py:1090} INFO - Dependencies all met for dep_context=requeueable deps ti=<TaskInstance: example_bash_operator.run_after_loop scheduled__2023-05-09T00:00:00+00:00 [queued]>
[2023-05-10T00:00:04.075+0000] {taskinstance.py:1288} INFO - 
--------------------------------------------------------------------------------
[2023-05-10T00:00:04.075+0000] {taskinstance.py:1289} INFO - Starting attempt 1 of 1
[2023-05-10T00:00:04.075+0000] {taskinstance.py:1290} INFO - 
--------------------------------------------------------------------------------
[2023-05-10T00:00:04.084+0000] {taskinstance.py:1309} INFO - Executing <Task(BashOperator): run_after_loop> on 2023-05-09 00:00:00+00:00
[2023-05-10T00:00:04.087+0000] {standard_task_runner.py:55} INFO - Started process 70884 to run task
[2023-05-10T00:00:04.090+0000] {standard_task_runner.py:82} INFO - Running: ['***', 'tasks', 'run', 'example_bash_operator', 'run_after_loop', 'scheduled__2023-05-09T00:00:00+00:00', '--job-id', '400', '--raw', '--subdir', '/home/***/.local/lib/python3.7/site-packages/***/example_dags/example_bash_operator.py', '--cfg-path', '/tmp/tmpffrot75q']
[2023-05-10T00:00:04.091+0000] {standard_task_runner.py:83} INFO - Job 400: Subtask run_after_loop
[2023-05-10T00:00:04.136+0000] {task_command.py:389} INFO - Running <TaskInstance: example_bash_operator.run_after_loop scheduled__2023-05-09T00:00:00+00:00 [running]> on host 1f05588790e0
[2023-05-10T00:00:04.190+0000] {taskinstance.py:1518} INFO - Exporting the following env vars:
AIRFLOW_CTX_DAG_OWNER=***
AIRFLOW_CTX_DAG_ID=example_bash_operator
AIRFLOW_CTX_TASK_ID=run_after_loop
AIRFLOW_CTX_EXECUTION_DATE=2023-05-09T00:00:00+00:00
AIRFLOW_CTX_TRY_NUMBER=1
AIRFLOW_CTX_DAG_RUN_ID=scheduled__2023-05-09T00:00:00+00:00
[2023-05-10T00:00:04.191+0000] {subprocess.py:63} INFO - Tmp dir root location: 
 /tmp
[2023-05-10T00:00:04.191+0000] {subprocess.py:75} INFO - Running command: ['/bin/bash', '-c', 'echo 1']
[2023-05-10T00:00:04.202+0000] {subprocess.py:86} INFO - Output:
[2023-05-10T00:00:04.203+0000] {subprocess.py:93} INFO - 1
[2023-05-10T00:00:04.204+0000] {subprocess.py:97} INFO - Command exited with return code 0
[2023-05-10T00:00:04.223+0000] {taskinstance.py:1332} INFO - Marking task as SUCCESS. dag_id=example_bash_operator, task_id=run_after_loop, execution_date=20230509T000000, start_date=20230510T000004, end_date=20230510T000004
[2023-05-10T00:00:04.261+0000] {local_task_job.py:212} INFO - Task exited with return code 0
[2023-05-10T00:00:04.276+0000] {taskinstance.py:2596} INFO - 0 downstream tasks scheduled from follow-on schedule check
