[2023-05-20T00:00:01.537+0000] {taskinstance.py:1090} INFO - Dependencies all met for dep_context=non-requeueable deps ti=<TaskInstance: example_bash_operator.runme_2 scheduled__2023-05-19T00:00:00+00:00 [queued]>
[2023-05-20T00:00:01.552+0000] {taskinstance.py:1090} INFO - Dependencies all met for dep_context=requeueable deps ti=<TaskInstance: example_bash_operator.runme_2 scheduled__2023-05-19T00:00:00+00:00 [queued]>
[2023-05-20T00:00:01.552+0000] {taskinstance.py:1288} INFO - 
--------------------------------------------------------------------------------
[2023-05-20T00:00:01.552+0000] {taskinstance.py:1289} INFO - Starting attempt 1 of 1
[2023-05-20T00:00:01.552+0000] {taskinstance.py:1290} INFO - 
--------------------------------------------------------------------------------
[2023-05-20T00:00:01.569+0000] {taskinstance.py:1309} INFO - Executing <Task(BashOperator): runme_2> on 2023-05-19 00:00:00+00:00
[2023-05-20T00:00:01.572+0000] {standard_task_runner.py:55} INFO - Started process 215653 to run task
[2023-05-20T00:00:01.578+0000] {standard_task_runner.py:82} INFO - Running: ['***', 'tasks', 'run', 'example_bash_operator', 'runme_2', 'scheduled__2023-05-19T00:00:00+00:00', '--job-id', '487', '--raw', '--subdir', '/home/***/.local/lib/python3.7/site-packages/***/example_dags/example_bash_operator.py', '--cfg-path', '/tmp/tmppe3j6ov0']
[2023-05-20T00:00:01.579+0000] {standard_task_runner.py:83} INFO - Job 487: Subtask runme_2
[2023-05-20T00:00:01.655+0000] {task_command.py:389} INFO - Running <TaskInstance: example_bash_operator.runme_2 scheduled__2023-05-19T00:00:00+00:00 [running]> on host 1f05588790e0
[2023-05-20T00:00:01.793+0000] {taskinstance.py:1518} INFO - Exporting the following env vars:
AIRFLOW_CTX_DAG_OWNER=***
AIRFLOW_CTX_DAG_ID=example_bash_operator
AIRFLOW_CTX_TASK_ID=runme_2
AIRFLOW_CTX_EXECUTION_DATE=2023-05-19T00:00:00+00:00
AIRFLOW_CTX_TRY_NUMBER=1
AIRFLOW_CTX_DAG_RUN_ID=scheduled__2023-05-19T00:00:00+00:00
[2023-05-20T00:00:01.795+0000] {subprocess.py:63} INFO - Tmp dir root location: 
 /tmp
[2023-05-20T00:00:01.795+0000] {subprocess.py:75} INFO - Running command: ['/bin/bash', '-c', 'echo "example_bash_operator__runme_2__20230519" && sleep 1']
[2023-05-20T00:00:01.822+0000] {subprocess.py:86} INFO - Output:
[2023-05-20T00:00:01.830+0000] {subprocess.py:93} INFO - example_bash_operator__runme_2__20230519
[2023-05-20T00:00:02.833+0000] {subprocess.py:97} INFO - Command exited with return code 0
[2023-05-20T00:00:02.852+0000] {taskinstance.py:1332} INFO - Marking task as SUCCESS. dag_id=example_bash_operator, task_id=runme_2, execution_date=20230519T000000, start_date=20230520T000001, end_date=20230520T000002
[2023-05-20T00:00:02.883+0000] {local_task_job.py:212} INFO - Task exited with return code 0
[2023-05-20T00:00:02.901+0000] {taskinstance.py:2596} INFO - 0 downstream tasks scheduled from follow-on schedule check
