[2023-05-02T00:00:05.560+0000] {taskinstance.py:1090} INFO - Dependencies all met for dep_context=non-requeueable deps ti=<TaskInstance: example_bash_operator.run_after_loop scheduled__2023-05-01T00:00:00+00:00 [queued]>
[2023-05-02T00:00:05.570+0000] {taskinstance.py:1090} INFO - Dependencies all met for dep_context=requeueable deps ti=<TaskInstance: example_bash_operator.run_after_loop scheduled__2023-05-01T00:00:00+00:00 [queued]>
[2023-05-02T00:00:05.570+0000] {taskinstance.py:1288} INFO - 
--------------------------------------------------------------------------------
[2023-05-02T00:00:05.571+0000] {taskinstance.py:1289} INFO - Starting attempt 1 of 1
[2023-05-02T00:00:05.571+0000] {taskinstance.py:1290} INFO - 
--------------------------------------------------------------------------------
[2023-05-02T00:00:05.590+0000] {taskinstance.py:1309} INFO - Executing <Task(BashOperator): run_after_loop> on 2023-05-01 00:00:00+00:00
[2023-05-02T00:00:05.595+0000] {standard_task_runner.py:55} INFO - Started process 250912 to run task
[2023-05-02T00:00:05.599+0000] {standard_task_runner.py:82} INFO - Running: ['***', 'tasks', 'run', 'example_bash_operator', 'run_after_loop', 'scheduled__2023-05-01T00:00:00+00:00', '--job-id', '289', '--raw', '--subdir', '/home/***/.local/lib/python3.7/site-packages/***/example_dags/example_bash_operator.py', '--cfg-path', '/tmp/tmpf8yo7xpr']
[2023-05-02T00:00:05.601+0000] {standard_task_runner.py:83} INFO - Job 289: Subtask run_after_loop
[2023-05-02T00:00:05.676+0000] {task_command.py:389} INFO - Running <TaskInstance: example_bash_operator.run_after_loop scheduled__2023-05-01T00:00:00+00:00 [running]> on host 1f05588790e0
[2023-05-02T00:00:05.764+0000] {taskinstance.py:1518} INFO - Exporting the following env vars:
AIRFLOW_CTX_DAG_OWNER=***
AIRFLOW_CTX_DAG_ID=example_bash_operator
AIRFLOW_CTX_TASK_ID=run_after_loop
AIRFLOW_CTX_EXECUTION_DATE=2023-05-01T00:00:00+00:00
AIRFLOW_CTX_TRY_NUMBER=1
AIRFLOW_CTX_DAG_RUN_ID=scheduled__2023-05-01T00:00:00+00:00
[2023-05-02T00:00:05.766+0000] {subprocess.py:63} INFO - Tmp dir root location: 
 /tmp
[2023-05-02T00:00:05.767+0000] {subprocess.py:75} INFO - Running command: ['/bin/bash', '-c', 'echo 1']
[2023-05-02T00:00:05.781+0000] {subprocess.py:86} INFO - Output:
[2023-05-02T00:00:05.784+0000] {subprocess.py:93} INFO - 1
[2023-05-02T00:00:05.784+0000] {subprocess.py:97} INFO - Command exited with return code 0
[2023-05-02T00:00:05.815+0000] {taskinstance.py:1332} INFO - Marking task as SUCCESS. dag_id=example_bash_operator, task_id=run_after_loop, execution_date=20230501T000000, start_date=20230502T000005, end_date=20230502T000005
[2023-05-02T00:00:05.850+0000] {local_task_job.py:212} INFO - Task exited with return code 0
[2023-05-02T00:00:05.880+0000] {taskinstance.py:2596} INFO - 0 downstream tasks scheduled from follow-on schedule check
