[2023-03-30T19:52:02.344+0000] {taskinstance.py:1084} INFO - Dependencies all met for dep_context=non-requeueable deps ti=<TaskInstance: example_bash_operator.runme_0 manual__2023-03-30T19:52:01.165304+00:00 [queued]>
[2023-03-30T19:52:02.351+0000] {taskinstance.py:1084} INFO - Dependencies all met for dep_context=requeueable deps ti=<TaskInstance: example_bash_operator.runme_0 manual__2023-03-30T19:52:01.165304+00:00 [queued]>
[2023-03-30T19:52:02.351+0000] {taskinstance.py:1282} INFO - 
--------------------------------------------------------------------------------
[2023-03-30T19:52:02.351+0000] {taskinstance.py:1283} INFO - Starting attempt 1 of 1
[2023-03-30T19:52:02.352+0000] {taskinstance.py:1284} INFO - 
--------------------------------------------------------------------------------
[2023-03-30T19:52:02.380+0000] {taskinstance.py:1303} INFO - Executing <Task(BashOperator): runme_0> on 2023-03-30 19:52:01.165304+00:00
[2023-03-30T19:52:02.386+0000] {standard_task_runner.py:55} INFO - Started process 1051 to run task
[2023-03-30T19:52:02.388+0000] {standard_task_runner.py:82} INFO - Running: ['***', 'tasks', 'run', 'example_bash_operator', 'runme_0', 'manual__2023-03-30T19:52:01.165304+00:00', '--job-id', '22', '--raw', '--subdir', '/home/***/.local/lib/python3.7/site-packages/***/example_dags/example_bash_operator.py', '--cfg-path', '/tmp/tmplkug836_']
[2023-03-30T19:52:02.388+0000] {standard_task_runner.py:83} INFO - Job 22: Subtask runme_0
[2023-03-30T19:52:02.459+0000] {task_command.py:388} INFO - Running <TaskInstance: example_bash_operator.runme_0 manual__2023-03-30T19:52:01.165304+00:00 [running]> on host 6df12c506b74
[2023-03-30T19:52:02.527+0000] {taskinstance.py:1511} INFO - Exporting the following env vars:
AIRFLOW_CTX_DAG_OWNER=***
AIRFLOW_CTX_DAG_ID=example_bash_operator
AIRFLOW_CTX_TASK_ID=runme_0
AIRFLOW_CTX_EXECUTION_DATE=2023-03-30T19:52:01.165304+00:00
AIRFLOW_CTX_TRY_NUMBER=1
AIRFLOW_CTX_DAG_RUN_ID=manual__2023-03-30T19:52:01.165304+00:00
[2023-03-30T19:52:02.528+0000] {subprocess.py:63} INFO - Tmp dir root location: 
 /tmp
[2023-03-30T19:52:02.528+0000] {subprocess.py:75} INFO - Running command: ['/bin/bash', '-c', 'echo "example_bash_operator__runme_0__20230330" && sleep 1']
[2023-03-30T19:52:02.538+0000] {subprocess.py:86} INFO - Output:
[2023-03-30T19:52:02.539+0000] {subprocess.py:93} INFO - example_bash_operator__runme_0__20230330
[2023-03-30T19:52:03.540+0000] {subprocess.py:97} INFO - Command exited with return code 0
[2023-03-30T19:52:03.559+0000] {taskinstance.py:1326} INFO - Marking task as SUCCESS. dag_id=example_bash_operator, task_id=runme_0, execution_date=20230330T195201, start_date=20230330T195202, end_date=20230330T195203
[2023-03-30T19:52:03.603+0000] {local_task_job.py:212} INFO - Task exited with return code 0
[2023-03-30T19:52:03.623+0000] {taskinstance.py:2585} INFO - 0 downstream tasks scheduled from follow-on schedule check
