[2023-05-06T00:00:00.967+0000] {taskinstance.py:1090} INFO - Dependencies all met for dep_context=non-requeueable deps ti=<TaskInstance: user_processing.create_table scheduled__2023-05-05T00:00:00+00:00 [queued]>
[2023-05-06T00:00:00.973+0000] {taskinstance.py:1090} INFO - Dependencies all met for dep_context=requeueable deps ti=<TaskInstance: user_processing.create_table scheduled__2023-05-05T00:00:00+00:00 [queued]>
[2023-05-06T00:00:00.973+0000] {taskinstance.py:1288} INFO - 
--------------------------------------------------------------------------------
[2023-05-06T00:00:00.973+0000] {taskinstance.py:1289} INFO - Starting attempt 1 of 1
[2023-05-06T00:00:00.973+0000] {taskinstance.py:1290} INFO - 
--------------------------------------------------------------------------------
[2023-05-06T00:00:00.983+0000] {taskinstance.py:1309} INFO - Executing <Task(PostgresOperator): create_table> on 2023-05-05 00:00:00+00:00
[2023-05-06T00:00:00.986+0000] {standard_task_runner.py:55} INFO - Started process 166936 to run task
[2023-05-06T00:00:00.988+0000] {standard_task_runner.py:82} INFO - Running: ['***', 'tasks', 'run', 'user_processing', 'create_table', 'scheduled__2023-05-05T00:00:00+00:00', '--job-id', '359', '--raw', '--subdir', 'DAGS_FOLDER/user_processing.py', '--cfg-path', '/tmp/tmp47nba0l2']
[2023-05-06T00:00:00.988+0000] {standard_task_runner.py:83} INFO - Job 359: Subtask create_table
[2023-05-06T00:00:01.033+0000] {task_command.py:389} INFO - Running <TaskInstance: user_processing.create_table scheduled__2023-05-05T00:00:00+00:00 [running]> on host 1f05588790e0
[2023-05-06T00:00:01.082+0000] {taskinstance.py:1518} INFO - Exporting the following env vars:
AIRFLOW_CTX_DAG_OWNER=***
AIRFLOW_CTX_DAG_ID=user_processing
AIRFLOW_CTX_TASK_ID=create_table
AIRFLOW_CTX_EXECUTION_DATE=2023-05-05T00:00:00+00:00
AIRFLOW_CTX_TRY_NUMBER=1
AIRFLOW_CTX_DAG_RUN_ID=scheduled__2023-05-05T00:00:00+00:00
[2023-05-06T00:00:01.084+0000] {sql.py:254} INFO - Executing: 
                        CREATE TABLE IF NOT EXISTS users (
                        firstname TEXT NOT NULL,
                        lastname TEXT NOT NULL,
                        country TEXT NOT NULL,
                        username TEXT NOT NULL,
                        password TEXT NOT NULL,
                        email TEXT NOT NULL
                        );
                
[2023-05-06T00:00:01.090+0000] {base.py:73} INFO - Using connection ID 'postgres' for task execution.
[2023-05-06T00:00:01.242+0000] {base.py:73} INFO - Using connection ID 'postgres' for task execution.
[2023-05-06T00:00:01.244+0000] {sql.py:375} INFO - Running statement: 
                        CREATE TABLE IF NOT EXISTS users (
                        firstname TEXT NOT NULL,
                        lastname TEXT NOT NULL,
                        country TEXT NOT NULL,
                        username TEXT NOT NULL,
                        password TEXT NOT NULL,
                        email TEXT NOT NULL
                        );
                , parameters: None
[2023-05-06T00:00:01.251+0000] {taskinstance.py:1332} INFO - Marking task as SUCCESS. dag_id=user_processing, task_id=create_table, execution_date=20230505T000000, start_date=20230506T000000, end_date=20230506T000001
[2023-05-06T00:00:01.280+0000] {local_task_job.py:212} INFO - Task exited with return code 0
[2023-05-06T00:00:01.301+0000] {taskinstance.py:2596} INFO - 1 downstream tasks scheduled from follow-on schedule check
