[2023-05-06T00:00:00.849+0000] {taskinstance.py:1090} INFO - Dependencies all met for dep_context=non-requeueable deps ti=<TaskInstance: example_bash_operator.also_run_this scheduled__2023-05-05T00:00:00+00:00 [queued]>
[2023-05-06T00:00:00.855+0000] {taskinstance.py:1090} INFO - Dependencies all met for dep_context=requeueable deps ti=<TaskInstance: example_bash_operator.also_run_this scheduled__2023-05-05T00:00:00+00:00 [queued]>
[2023-05-06T00:00:00.855+0000] {taskinstance.py:1288} INFO - 
--------------------------------------------------------------------------------
[2023-05-06T00:00:00.855+0000] {taskinstance.py:1289} INFO - Starting attempt 1 of 1
[2023-05-06T00:00:00.855+0000] {taskinstance.py:1290} INFO - 
--------------------------------------------------------------------------------
[2023-05-06T00:00:00.866+0000] {taskinstance.py:1309} INFO - Executing <Task(BashOperator): also_run_this> on 2023-05-05 00:00:00+00:00
[2023-05-06T00:00:00.871+0000] {standard_task_runner.py:55} INFO - Started process 166930 to run task
[2023-05-06T00:00:00.873+0000] {standard_task_runner.py:82} INFO - Running: ['***', 'tasks', 'run', 'example_bash_operator', 'also_run_this', 'scheduled__2023-05-05T00:00:00+00:00', '--job-id', '358', '--raw', '--subdir', '/home/***/.local/lib/python3.7/site-packages/***/example_dags/example_bash_operator.py', '--cfg-path', '/tmp/tmpegd4nlzv']
[2023-05-06T00:00:00.874+0000] {standard_task_runner.py:83} INFO - Job 358: Subtask also_run_this
[2023-05-06T00:00:00.923+0000] {task_command.py:389} INFO - Running <TaskInstance: example_bash_operator.also_run_this scheduled__2023-05-05T00:00:00+00:00 [running]> on host 1f05588790e0
[2023-05-06T00:00:00.980+0000] {taskinstance.py:1518} INFO - Exporting the following env vars:
AIRFLOW_CTX_DAG_OWNER=***
AIRFLOW_CTX_DAG_ID=example_bash_operator
AIRFLOW_CTX_TASK_ID=also_run_this
AIRFLOW_CTX_EXECUTION_DATE=2023-05-05T00:00:00+00:00
AIRFLOW_CTX_TRY_NUMBER=1
AIRFLOW_CTX_DAG_RUN_ID=scheduled__2023-05-05T00:00:00+00:00
[2023-05-06T00:00:00.981+0000] {subprocess.py:63} INFO - Tmp dir root location: 
 /tmp
[2023-05-06T00:00:00.982+0000] {subprocess.py:75} INFO - Running command: ['/bin/bash', '-c', 'echo "ti_key=example_bash_operator__also_run_this__20230505"']
[2023-05-06T00:00:00.991+0000] {subprocess.py:86} INFO - Output:
[2023-05-06T00:00:00.993+0000] {subprocess.py:93} INFO - ti_key=example_bash_operator__also_run_this__20230505
[2023-05-06T00:00:00.993+0000] {subprocess.py:97} INFO - Command exited with return code 0
[2023-05-06T00:00:01.011+0000] {taskinstance.py:1332} INFO - Marking task as SUCCESS. dag_id=example_bash_operator, task_id=also_run_this, execution_date=20230505T000000, start_date=20230506T000000, end_date=20230506T000001
[2023-05-06T00:00:01.046+0000] {local_task_job.py:212} INFO - Task exited with return code 0
[2023-05-06T00:00:01.060+0000] {taskinstance.py:2596} INFO - 0 downstream tasks scheduled from follow-on schedule check
