[2023-06-01T00:00:01.757+0000] {taskinstance.py:1090} INFO - Dependencies all met for dep_context=non-requeueable deps ti=<TaskInstance: user_processing.create_table scheduled__2023-05-31T00:00:00+00:00 [queued]>
[2023-06-01T00:00:01.765+0000] {taskinstance.py:1090} INFO - Dependencies all met for dep_context=requeueable deps ti=<TaskInstance: user_processing.create_table scheduled__2023-05-31T00:00:00+00:00 [queued]>
[2023-06-01T00:00:01.765+0000] {taskinstance.py:1288} INFO - 
--------------------------------------------------------------------------------
[2023-06-01T00:00:01.765+0000] {taskinstance.py:1289} INFO - Starting attempt 1 of 1
[2023-06-01T00:00:01.765+0000] {taskinstance.py:1290} INFO - 
--------------------------------------------------------------------------------
[2023-06-01T00:00:01.780+0000] {taskinstance.py:1309} INFO - Executing <Task(PostgresOperator): create_table> on 2023-05-31 00:00:00+00:00
[2023-06-01T00:00:01.784+0000] {standard_task_runner.py:55} INFO - Started process 751674 to run task
[2023-06-01T00:00:01.786+0000] {standard_task_runner.py:82} INFO - Running: ['***', 'tasks', 'run', 'user_processing', 'create_table', 'scheduled__2023-05-31T00:00:00+00:00', '--job-id', '599', '--raw', '--subdir', 'DAGS_FOLDER/user_processing.py', '--cfg-path', '/tmp/tmp23_wrlsg']
[2023-06-01T00:00:01.786+0000] {standard_task_runner.py:83} INFO - Job 599: Subtask create_table
[2023-06-01T00:00:01.845+0000] {task_command.py:389} INFO - Running <TaskInstance: user_processing.create_table scheduled__2023-05-31T00:00:00+00:00 [running]> on host 1f05588790e0
[2023-06-01T00:00:01.901+0000] {taskinstance.py:1518} INFO - Exporting the following env vars:
AIRFLOW_CTX_DAG_OWNER=***
AIRFLOW_CTX_DAG_ID=user_processing
AIRFLOW_CTX_TASK_ID=create_table
AIRFLOW_CTX_EXECUTION_DATE=2023-05-31T00:00:00+00:00
AIRFLOW_CTX_TRY_NUMBER=1
AIRFLOW_CTX_DAG_RUN_ID=scheduled__2023-05-31T00:00:00+00:00
[2023-06-01T00:00:01.904+0000] {sql.py:254} INFO - Executing: 
                        CREATE TABLE IF NOT EXISTS users (
                        firstname TEXT NOT NULL,
                        lastname TEXT NOT NULL,
                        country TEXT NOT NULL,
                        username TEXT NOT NULL,
                        password TEXT NOT NULL,
                        email TEXT NOT NULL
                        );
                
[2023-06-01T00:00:01.910+0000] {base.py:73} INFO - Using connection ID 'postgres' for task execution.
[2023-06-01T00:00:02.062+0000] {base.py:73} INFO - Using connection ID 'postgres' for task execution.
[2023-06-01T00:00:02.064+0000] {sql.py:375} INFO - Running statement: 
                        CREATE TABLE IF NOT EXISTS users (
                        firstname TEXT NOT NULL,
                        lastname TEXT NOT NULL,
                        country TEXT NOT NULL,
                        username TEXT NOT NULL,
                        password TEXT NOT NULL,
                        email TEXT NOT NULL
                        );
                , parameters: None
[2023-06-01T00:00:02.071+0000] {taskinstance.py:1332} INFO - Marking task as SUCCESS. dag_id=user_processing, task_id=create_table, execution_date=20230531T000000, start_date=20230601T000001, end_date=20230601T000002
[2023-06-01T00:00:02.119+0000] {local_task_job.py:212} INFO - Task exited with return code 0
[2023-06-01T00:00:02.142+0000] {taskinstance.py:2596} INFO - 1 downstream tasks scheduled from follow-on schedule check
