[2023-04-04T10:21:05.141+0000] {taskinstance.py:1090} INFO - Dependencies all met for dep_context=non-requeueable deps ti=<TaskInstance: user_processing.create_table manual__2023-04-04T10:21:04.439343+00:00 [queued]>
[2023-04-04T10:21:05.147+0000] {taskinstance.py:1090} INFO - Dependencies all met for dep_context=requeueable deps ti=<TaskInstance: user_processing.create_table manual__2023-04-04T10:21:04.439343+00:00 [queued]>
[2023-04-04T10:21:05.147+0000] {taskinstance.py:1288} INFO - 
--------------------------------------------------------------------------------
[2023-04-04T10:21:05.148+0000] {taskinstance.py:1289} INFO - Starting attempt 1 of 1
[2023-04-04T10:21:05.148+0000] {taskinstance.py:1290} INFO - 
--------------------------------------------------------------------------------
[2023-04-04T10:21:05.158+0000] {taskinstance.py:1309} INFO - Executing <Task(PostgresOperator): create_table> on 2023-04-04 10:21:04.439343+00:00
[2023-04-04T10:21:05.162+0000] {standard_task_runner.py:55} INFO - Started process 96156 to run task
[2023-04-04T10:21:05.165+0000] {standard_task_runner.py:82} INFO - Running: ['***', 'tasks', 'run', 'user_processing', 'create_table', 'manual__2023-04-04T10:21:04.439343+00:00', '--job-id', '34', '--raw', '--subdir', 'DAGS_FOLDER/user_processing.py', '--cfg-path', '/tmp/tmpirxnp5n5']
[2023-04-04T10:21:05.165+0000] {standard_task_runner.py:83} INFO - Job 34: Subtask create_table
[2023-04-04T10:21:05.210+0000] {task_command.py:389} INFO - Running <TaskInstance: user_processing.create_table manual__2023-04-04T10:21:04.439343+00:00 [running]> on host 1f05588790e0
[2023-04-04T10:21:05.258+0000] {taskinstance.py:1518} INFO - Exporting the following env vars:
AIRFLOW_CTX_DAG_OWNER=***
AIRFLOW_CTX_DAG_ID=user_processing
AIRFLOW_CTX_TASK_ID=create_table
AIRFLOW_CTX_EXECUTION_DATE=2023-04-04T10:21:04.439343+00:00
AIRFLOW_CTX_TRY_NUMBER=1
AIRFLOW_CTX_DAG_RUN_ID=manual__2023-04-04T10:21:04.439343+00:00
[2023-04-04T10:21:05.259+0000] {sql.py:254} INFO - Executing: 
                        CREATE TABLE IF NOT EXISTS users (
                        firstname TEXT NOT NULL,
                        lastname TEXT NOT NULL,
                        country TEXT NOT NULL,
                        username TEXT NOT NULL,
                        password TEXT NOT NULL,
                        email TEXT NOT NULL
                        );
                
[2023-04-04T10:21:05.267+0000] {base.py:73} INFO - Using connection ID 'postgres' for task execution.
[2023-04-04T10:21:05.415+0000] {base.py:73} INFO - Using connection ID 'postgres' for task execution.
[2023-04-04T10:21:05.418+0000] {sql.py:375} INFO - Running statement: 
                        CREATE TABLE IF NOT EXISTS users (
                        firstname TEXT NOT NULL,
                        lastname TEXT NOT NULL,
                        country TEXT NOT NULL,
                        username TEXT NOT NULL,
                        password TEXT NOT NULL,
                        email TEXT NOT NULL
                        );
                , parameters: None
[2023-04-04T10:21:05.425+0000] {taskinstance.py:1332} INFO - Marking task as SUCCESS. dag_id=user_processing, task_id=create_table, execution_date=20230404T102104, start_date=20230404T102105, end_date=20230404T102105
[2023-04-04T10:21:05.456+0000] {local_task_job.py:212} INFO - Task exited with return code 0
[2023-04-04T10:21:05.476+0000] {taskinstance.py:2596} INFO - 1 downstream tasks scheduled from follow-on schedule check
