[2023-04-07T00:00:00.843+0000] {taskinstance.py:1090} INFO - Dependencies all met for dep_context=non-requeueable deps ti=<TaskInstance: user_processing.create_table scheduled__2023-04-06T00:00:00+00:00 [queued]>
[2023-04-07T00:00:00.849+0000] {taskinstance.py:1090} INFO - Dependencies all met for dep_context=requeueable deps ti=<TaskInstance: user_processing.create_table scheduled__2023-04-06T00:00:00+00:00 [queued]>
[2023-04-07T00:00:00.850+0000] {taskinstance.py:1288} INFO - 
--------------------------------------------------------------------------------
[2023-04-07T00:00:00.850+0000] {taskinstance.py:1289} INFO - Starting attempt 1 of 1
[2023-04-07T00:00:00.850+0000] {taskinstance.py:1290} INFO - 
--------------------------------------------------------------------------------
[2023-04-07T00:00:00.862+0000] {taskinstance.py:1309} INFO - Executing <Task(PostgresOperator): create_table> on 2023-04-06 00:00:00+00:00
[2023-04-07T00:00:00.866+0000] {standard_task_runner.py:55} INFO - Started process 210424 to run task
[2023-04-07T00:00:00.869+0000] {standard_task_runner.py:82} INFO - Running: ['***', 'tasks', 'run', 'user_processing', 'create_table', 'scheduled__2023-04-06T00:00:00+00:00', '--job-id', '58', '--raw', '--subdir', 'DAGS_FOLDER/user_processing.py', '--cfg-path', '/tmp/tmpoiu7hlqc']
[2023-04-07T00:00:00.869+0000] {standard_task_runner.py:83} INFO - Job 58: Subtask create_table
[2023-04-07T00:00:00.917+0000] {task_command.py:389} INFO - Running <TaskInstance: user_processing.create_table scheduled__2023-04-06T00:00:00+00:00 [running]> on host 1f05588790e0
[2023-04-07T00:00:00.977+0000] {taskinstance.py:1518} INFO - Exporting the following env vars:
AIRFLOW_CTX_DAG_OWNER=***
AIRFLOW_CTX_DAG_ID=user_processing
AIRFLOW_CTX_TASK_ID=create_table
AIRFLOW_CTX_EXECUTION_DATE=2023-04-06T00:00:00+00:00
AIRFLOW_CTX_TRY_NUMBER=1
AIRFLOW_CTX_DAG_RUN_ID=scheduled__2023-04-06T00:00:00+00:00
[2023-04-07T00:00:00.980+0000] {sql.py:254} INFO - Executing: 
                        CREATE TABLE IF NOT EXISTS users (
                        firstname TEXT NOT NULL,
                        lastname TEXT NOT NULL,
                        country TEXT NOT NULL,
                        username TEXT NOT NULL,
                        password TEXT NOT NULL,
                        email TEXT NOT NULL
                        );
                
[2023-04-07T00:00:00.986+0000] {base.py:73} INFO - Using connection ID 'postgres' for task execution.
[2023-04-07T00:00:01.140+0000] {base.py:73} INFO - Using connection ID 'postgres' for task execution.
[2023-04-07T00:00:01.142+0000] {sql.py:375} INFO - Running statement: 
                        CREATE TABLE IF NOT EXISTS users (
                        firstname TEXT NOT NULL,
                        lastname TEXT NOT NULL,
                        country TEXT NOT NULL,
                        username TEXT NOT NULL,
                        password TEXT NOT NULL,
                        email TEXT NOT NULL
                        );
                , parameters: None
[2023-04-07T00:00:01.149+0000] {taskinstance.py:1332} INFO - Marking task as SUCCESS. dag_id=user_processing, task_id=create_table, execution_date=20230406T000000, start_date=20230407T000000, end_date=20230407T000001
[2023-04-07T00:00:01.165+0000] {local_task_job.py:212} INFO - Task exited with return code 0
[2023-04-07T00:00:01.185+0000] {taskinstance.py:2596} INFO - 1 downstream tasks scheduled from follow-on schedule check
