[2023-04-16T00:00:01.406+0000] {taskinstance.py:1090} INFO - Dependencies all met for dep_context=non-requeueable deps ti=<TaskInstance: example_bash_operator.runme_0 scheduled__2023-04-15T00:00:00+00:00 [queued]>
[2023-04-16T00:00:01.413+0000] {taskinstance.py:1090} INFO - Dependencies all met for dep_context=requeueable deps ti=<TaskInstance: example_bash_operator.runme_0 scheduled__2023-04-15T00:00:00+00:00 [queued]>
[2023-04-16T00:00:01.413+0000] {taskinstance.py:1288} INFO - 
--------------------------------------------------------------------------------
[2023-04-16T00:00:01.413+0000] {taskinstance.py:1289} INFO - Starting attempt 1 of 1
[2023-04-16T00:00:01.414+0000] {taskinstance.py:1290} INFO - 
--------------------------------------------------------------------------------
[2023-04-16T00:00:01.427+0000] {taskinstance.py:1309} INFO - Executing <Task(BashOperator): runme_0> on 2023-04-15 00:00:00+00:00
[2023-04-16T00:00:01.431+0000] {standard_task_runner.py:55} INFO - Started process 611082 to run task
[2023-04-16T00:00:01.434+0000] {standard_task_runner.py:82} INFO - Running: ['***', 'tasks', 'run', 'example_bash_operator', 'runme_0', 'scheduled__2023-04-15T00:00:00+00:00', '--job-id', '135', '--raw', '--subdir', '/home/***/.local/lib/python3.7/site-packages/***/example_dags/example_bash_operator.py', '--cfg-path', '/tmp/tmpyorsfh01']
[2023-04-16T00:00:01.435+0000] {standard_task_runner.py:83} INFO - Job 135: Subtask runme_0
[2023-04-16T00:00:01.503+0000] {task_command.py:389} INFO - Running <TaskInstance: example_bash_operator.runme_0 scheduled__2023-04-15T00:00:00+00:00 [running]> on host 1f05588790e0
[2023-04-16T00:00:01.571+0000] {taskinstance.py:1518} INFO - Exporting the following env vars:
AIRFLOW_CTX_DAG_OWNER=***
AIRFLOW_CTX_DAG_ID=example_bash_operator
AIRFLOW_CTX_TASK_ID=runme_0
AIRFLOW_CTX_EXECUTION_DATE=2023-04-15T00:00:00+00:00
AIRFLOW_CTX_TRY_NUMBER=1
AIRFLOW_CTX_DAG_RUN_ID=scheduled__2023-04-15T00:00:00+00:00
[2023-04-16T00:00:01.573+0000] {subprocess.py:63} INFO - Tmp dir root location: 
 /tmp
[2023-04-16T00:00:01.573+0000] {subprocess.py:75} INFO - Running command: ['/bin/bash', '-c', 'echo "example_bash_operator__runme_0__20230415" && sleep 1']
[2023-04-16T00:00:01.587+0000] {subprocess.py:86} INFO - Output:
[2023-04-16T00:00:01.588+0000] {subprocess.py:93} INFO - example_bash_operator__runme_0__20230415
[2023-04-16T00:00:02.590+0000] {subprocess.py:97} INFO - Command exited with return code 0
[2023-04-16T00:00:02.609+0000] {taskinstance.py:1332} INFO - Marking task as SUCCESS. dag_id=example_bash_operator, task_id=runme_0, execution_date=20230415T000000, start_date=20230416T000001, end_date=20230416T000002
[2023-04-16T00:00:02.654+0000] {local_task_job.py:212} INFO - Task exited with return code 0
[2023-04-16T00:00:02.672+0000] {taskinstance.py:2596} INFO - 1 downstream tasks scheduled from follow-on schedule check
