[2023-04-30T00:00:03.802+0000] {taskinstance.py:1090} INFO - Dependencies all met for dep_context=non-requeueable deps ti=<TaskInstance: example_bash_operator.run_after_loop scheduled__2023-04-29T00:00:00+00:00 [queued]>
[2023-04-30T00:00:03.815+0000] {taskinstance.py:1090} INFO - Dependencies all met for dep_context=requeueable deps ti=<TaskInstance: example_bash_operator.run_after_loop scheduled__2023-04-29T00:00:00+00:00 [queued]>
[2023-04-30T00:00:03.815+0000] {taskinstance.py:1288} INFO - 
--------------------------------------------------------------------------------
[2023-04-30T00:00:03.815+0000] {taskinstance.py:1289} INFO - Starting attempt 1 of 1
[2023-04-30T00:00:03.816+0000] {taskinstance.py:1290} INFO - 
--------------------------------------------------------------------------------
[2023-04-30T00:00:03.835+0000] {taskinstance.py:1309} INFO - Executing <Task(BashOperator): run_after_loop> on 2023-04-29 00:00:00+00:00
[2023-04-30T00:00:03.840+0000] {standard_task_runner.py:55} INFO - Started process 163097 to run task
[2023-04-30T00:00:03.845+0000] {standard_task_runner.py:82} INFO - Running: ['***', 'tasks', 'run', 'example_bash_operator', 'run_after_loop', 'scheduled__2023-04-29T00:00:00+00:00', '--job-id', '271', '--raw', '--subdir', '/home/***/.local/lib/python3.7/site-packages/***/example_dags/example_bash_operator.py', '--cfg-path', '/tmp/tmpdicuvnxl']
[2023-04-30T00:00:03.848+0000] {standard_task_runner.py:83} INFO - Job 271: Subtask run_after_loop
[2023-04-30T00:00:03.954+0000] {task_command.py:389} INFO - Running <TaskInstance: example_bash_operator.run_after_loop scheduled__2023-04-29T00:00:00+00:00 [running]> on host 1f05588790e0
[2023-04-30T00:00:04.052+0000] {taskinstance.py:1518} INFO - Exporting the following env vars:
AIRFLOW_CTX_DAG_OWNER=***
AIRFLOW_CTX_DAG_ID=example_bash_operator
AIRFLOW_CTX_TASK_ID=run_after_loop
AIRFLOW_CTX_EXECUTION_DATE=2023-04-29T00:00:00+00:00
AIRFLOW_CTX_TRY_NUMBER=1
AIRFLOW_CTX_DAG_RUN_ID=scheduled__2023-04-29T00:00:00+00:00
[2023-04-30T00:00:04.054+0000] {subprocess.py:63} INFO - Tmp dir root location: 
 /tmp
[2023-04-30T00:00:04.055+0000] {subprocess.py:75} INFO - Running command: ['/bin/bash', '-c', 'echo 1']
[2023-04-30T00:00:04.074+0000] {subprocess.py:86} INFO - Output:
[2023-04-30T00:00:04.076+0000] {subprocess.py:93} INFO - 1
[2023-04-30T00:00:04.095+0000] {subprocess.py:97} INFO - Command exited with return code 0
[2023-04-30T00:00:04.137+0000] {taskinstance.py:1332} INFO - Marking task as SUCCESS. dag_id=example_bash_operator, task_id=run_after_loop, execution_date=20230429T000000, start_date=20230430T000003, end_date=20230430T000004
[2023-04-30T00:00:04.176+0000] {local_task_job.py:212} INFO - Task exited with return code 0
[2023-04-30T00:00:04.199+0000] {taskinstance.py:2596} INFO - 0 downstream tasks scheduled from follow-on schedule check
